2022-07-23T21:25:33.859+0900 [DEBUG] [org.gradle.launcher.daemon.bootstrap.DaemonMain] Assuming the daemon was started with following jvm opts: [--add-opens, java.base/java.util=ALL-UNNAMED, --add-opens, java.base/java.lang=ALL-UNNAMED, --add-opens, java.base/java.lang.invoke=ALL-UNNAMED, --add-opens, java.base/java.util=ALL-UNNAMED, --add-opens, java.prefs/java.util.prefs=ALL-UNNAMED, --add-opens, java.prefs/java.util.prefs=ALL-UNNAMED, --add-opens, java.base/java.nio.charset=ALL-UNNAMED, --add-opens, java.base/java.net=ALL-UNNAMED, --add-opens, java.base/java.util.concurrent.atomic=ALL-UNNAMED, -Xmx1536m, -Dfile.encoding=UTF-8, -Duser.country=KR, -Duser.language=ko, -Duser.variant]
2022-07-23T21:25:34.079+0900 [INFO] [org.gradle.launcher.daemon.server.Daemon] start() called on daemon - DefaultDaemonContext[uid=82e9975f-45a6-45bc-9dab-737f74404b3b,javaHome=/Applications/Android Studio.app/Contents/jre/Contents/Home,daemonRegistryDir=/Users/anseon-yeong/wave-show-card-listener/app/daemon,pid=2483,idleTimeout=10800000,priority=NORMAL,daemonOpts=--add-opens,java.base/java.util=ALL-UNNAMED,--add-opens,java.base/java.lang=ALL-UNNAMED,--add-opens,java.base/java.lang.invoke=ALL-UNNAMED,--add-opens,java.base/java.util=ALL-UNNAMED,--add-opens,java.prefs/java.util.prefs=ALL-UNNAMED,--add-opens,java.prefs/java.util.prefs=ALL-UNNAMED,--add-opens,java.base/java.nio.charset=ALL-UNNAMED,--add-opens,java.base/java.net=ALL-UNNAMED,--add-opens,java.base/java.util.concurrent.atomic=ALL-UNNAMED,-Xmx1536m,-Dfile.encoding=UTF-8,-Duser.country=KR,-Duser.language=ko,-Duser.variant]
2022-07-23T21:25:34.112+0900 [DEBUG] [org.gradle.internal.remote.internal.inet.InetAddresses] Adding IP addresses for network interface utun3
2022-07-23T21:25:34.113+0900 [DEBUG] [org.gradle.internal.remote.internal.inet.InetAddresses] Is this a loopback interface? false
2022-07-23T21:25:34.113+0900 [DEBUG] [org.gradle.internal.remote.internal.inet.InetAddresses] Adding remote address /fe80:0:0:0:1aad:f1ef:1094:5bad%utun3
2022-07-23T21:25:34.113+0900 [DEBUG] [org.gradle.internal.remote.internal.inet.InetAddresses] Adding IP addresses for network interface utun2
2022-07-23T21:25:34.114+0900 [DEBUG] [org.gradle.internal.remote.internal.inet.InetAddresses] Is this a loopback interface? false
2022-07-23T21:25:34.114+0900 [DEBUG] [org.gradle.internal.remote.internal.inet.InetAddresses] Adding remote address /fe80:0:0:0:c4ae:f415:751d:157%utun2
2022-07-23T21:25:34.115+0900 [DEBUG] [org.gradle.internal.remote.internal.inet.InetAddresses] Adding IP addresses for network interface utun1
2022-07-23T21:25:34.115+0900 [DEBUG] [org.gradle.internal.remote.internal.inet.InetAddresses] Is this a loopback interface? false
2022-07-23T21:25:34.115+0900 [DEBUG] [org.gradle.internal.remote.internal.inet.InetAddresses] Adding remote address /fe80:0:0:0:dbcf:66af:563a:76a2%utun1
2022-07-23T21:25:34.115+0900 [DEBUG] [org.gradle.internal.remote.internal.inet.InetAddresses] Adding IP addresses for network interface utun0
2022-07-23T21:25:34.115+0900 [DEBUG] [org.gradle.internal.remote.internal.inet.InetAddresses] Is this a loopback interface? false
2022-07-23T21:25:34.116+0900 [DEBUG] [org.gradle.internal.remote.internal.inet.InetAddresses] Adding remote address /fe80:0:0:0:837e:dea:3ae:8162%utun0
2022-07-23T21:25:34.116+0900 [DEBUG] [org.gradle.internal.remote.internal.inet.InetAddresses] Adding IP addresses for network interface llw0
2022-07-23T21:25:34.116+0900 [DEBUG] [org.gradle.internal.remote.internal.inet.InetAddresses] Is this a loopback interface? false
2022-07-23T21:25:34.116+0900 [DEBUG] [org.gradle.internal.remote.internal.inet.InetAddresses] Adding remote address /fe80:0:0:0:b049:69ff:fe7a:6192%llw0
2022-07-23T21:25:34.117+0900 [DEBUG] [org.gradle.internal.remote.internal.inet.InetAddresses] Adding IP addresses for network interface awdl0
2022-07-23T21:25:34.117+0900 [DEBUG] [org.gradle.internal.remote.internal.inet.InetAddresses] Is this a loopback interface? false
2022-07-23T21:25:34.117+0900 [DEBUG] [org.gradle.internal.remote.internal.inet.InetAddresses] Adding remote address /fe80:0:0:0:b049:69ff:fe7a:6192%awdl0
2022-07-23T21:25:34.117+0900 [DEBUG] [org.gradle.internal.remote.internal.inet.InetAddresses] Adding IP addresses for network interface en5
2022-07-23T21:25:34.118+0900 [DEBUG] [org.gradle.internal.remote.internal.inet.InetAddresses] Is this a loopback interface? false
2022-07-23T21:25:34.118+0900 [DEBUG] [org.gradle.internal.remote.internal.inet.InetAddresses] Adding remote address /fe80:0:0:0:aede:48ff:fe00:1122%en5
2022-07-23T21:25:34.118+0900 [DEBUG] [org.gradle.internal.remote.internal.inet.InetAddresses] Adding IP addresses for network interface en0
2022-07-23T21:25:34.118+0900 [DEBUG] [org.gradle.internal.remote.internal.inet.InetAddresses] Is this a loopback interface? false
2022-07-23T21:25:34.118+0900 [DEBUG] [org.gradle.internal.remote.internal.inet.InetAddresses] Adding remote address /fe80:0:0:0:873:fd4c:ae4b:789a%en0
2022-07-23T21:25:34.119+0900 [DEBUG] [org.gradle.internal.remote.internal.inet.InetAddresses] Adding remote address /192.168.200.150
2022-07-23T21:25:34.119+0900 [DEBUG] [org.gradle.internal.remote.internal.inet.InetAddresses] Adding IP addresses for network interface lo0
2022-07-23T21:25:34.119+0900 [DEBUG] [org.gradle.internal.remote.internal.inet.InetAddresses] Is this a loopback interface? true
2022-07-23T21:25:34.119+0900 [DEBUG] [org.gradle.internal.remote.internal.inet.InetAddresses] Ignoring remote address on loopback interface /fe80:0:0:0:0:0:0:1%lo0
2022-07-23T21:25:34.119+0900 [DEBUG] [org.gradle.internal.remote.internal.inet.InetAddresses] Adding loopback address /0:0:0:0:0:0:0:1%lo0
2022-07-23T21:25:34.119+0900 [DEBUG] [org.gradle.internal.remote.internal.inet.InetAddresses] Adding loopback address /127.0.0.1
2022-07-23T21:25:34.126+0900 [DEBUG] [org.gradle.internal.remote.internal.inet.TcpIncomingConnector] Listening on [84d884fb-ecf2-4914-bdbd-7cf1a440d870 port:50364, addresses:[localhost/127.0.0.1]].
2022-07-23T21:25:34.134+0900 [DEBUG] [org.gradle.launcher.daemon.server.Daemon] Daemon starting at: Sat Jul 23 21:25:34 KST 2022, with address: [84d884fb-ecf2-4914-bdbd-7cf1a440d870 port:50364, addresses:[localhost/127.0.0.1]]
2022-07-23T21:25:34.134+0900 [INFO] [org.gradle.launcher.daemon.server.DaemonRegistryUpdater] Advertising the daemon address to the clients: [84d884fb-ecf2-4914-bdbd-7cf1a440d870 port:50364, addresses:[localhost/127.0.0.1]]
2022-07-23T21:25:34.134+0900 [DEBUG] [org.gradle.launcher.daemon.server.DaemonRegistryUpdater] Advertised daemon context: DefaultDaemonContext[uid=82e9975f-45a6-45bc-9dab-737f74404b3b,javaHome=/Applications/Android Studio.app/Contents/jre/Contents/Home,daemonRegistryDir=/Users/anseon-yeong/wave-show-card-listener/app/daemon,pid=2483,idleTimeout=10800000,priority=NORMAL,daemonOpts=--add-opens,java.base/java.util=ALL-UNNAMED,--add-opens,java.base/java.lang=ALL-UNNAMED,--add-opens,java.base/java.lang.invoke=ALL-UNNAMED,--add-opens,java.base/java.util=ALL-UNNAMED,--add-opens,java.prefs/java.util.prefs=ALL-UNNAMED,--add-opens,java.prefs/java.util.prefs=ALL-UNNAMED,--add-opens,java.base/java.nio.charset=ALL-UNNAMED,--add-opens,java.base/java.net=ALL-UNNAMED,--add-opens,java.base/java.util.concurrent.atomic=ALL-UNNAMED,-Xmx1536m,-Dfile.encoding=UTF-8,-Duser.country=KR,-Duser.language=ko,-Duser.variant]
2022-07-23T21:25:34.135+0900 [DEBUG] [org.gradle.launcher.daemon.registry.PersistentDaemonRegistry] Storing daemon address: [84d884fb-ecf2-4914-bdbd-7cf1a440d870 port:50364, addresses:[localhost/127.0.0.1]], context: DefaultDaemonContext[uid=82e9975f-45a6-45bc-9dab-737f74404b3b,javaHome=/Applications/Android Studio.app/Contents/jre/Contents/Home,daemonRegistryDir=/Users/anseon-yeong/wave-show-card-listener/app/daemon,pid=2483,idleTimeout=10800000,priority=NORMAL,daemonOpts=--add-opens,java.base/java.util=ALL-UNNAMED,--add-opens,java.base/java.lang=ALL-UNNAMED,--add-opens,java.base/java.lang.invoke=ALL-UNNAMED,--add-opens,java.base/java.util=ALL-UNNAMED,--add-opens,java.prefs/java.util.prefs=ALL-UNNAMED,--add-opens,java.prefs/java.util.prefs=ALL-UNNAMED,--add-opens,java.base/java.nio.charset=ALL-UNNAMED,--add-opens,java.base/java.net=ALL-UNNAMED,--add-opens,java.base/java.util.concurrent.atomic=ALL-UNNAMED,-Xmx1536m,-Dfile.encoding=UTF-8,-Duser.country=KR,-Duser.language=ko,-Duser.variant]
2022-07-23T21:25:34.143+0900 [DEBUG] [org.gradle.cache.internal.DefaultFileLockManager] Waiting to acquire exclusive lock on daemon addresses registry.
2022-07-23T21:25:34.145+0900 [DEBUG] [org.gradle.cache.internal.DefaultFileLockManager] Lock acquired on daemon addresses registry.
2022-07-23T21:25:34.149+0900 [DEBUG] [org.gradle.cache.internal.DefaultFileLockManager] Releasing lock on daemon addresses registry.
2022-07-23T21:25:34.150+0900 [LIFECYCLE] [org.gradle.launcher.daemon.server.Daemon] Daemon server started.
2022-07-23T21:25:34.151+0900 [DEBUG] [org.gradle.launcher.daemon.bootstrap.DaemonStartupCommunication] Completed writing the daemon greeting. Closing streams...
2022-07-23T21:25:34.154+0900 [DEBUG] [org.gradle.internal.remote.internal.inet.TcpIncomingConnector] Accepted connection from /127.0.0.1:50365 to /127.0.0.1:50364.
2022-07-23T21:25:34.156+0900 [DEBUG] [org.gradle.launcher.daemon.server.Daemon] stopOnExpiration() called on daemon
2022-07-23T21:25:34.157+0900 [DEBUG] [org.gradle.launcher.daemon.server.Daemon] awaitExpiration() called on daemon
2022-07-23T21:25:34.157+0900 [DEBUG] [org.gradle.launcher.daemon.server.DaemonStateCoordinator] daemon is running. Sleeping until state changes.
2022-07-23T21:25:34.187+0900 [DEBUG] [org.gradle.launcher.daemon.server.SynchronizedDispatchConnection] thread 27: received class org.gradle.launcher.daemon.protocol.Build
2022-07-23T21:25:34.187+0900 [DEBUG] [org.gradle.launcher.daemon.server.DefaultDaemonConnection] thread 27: Received non-IO message from client: Build{id=e29ad938-001d-4269-a320-b0d7425f66a9, currentDir=/Users/anseon-yeong/euphony-listener}
2022-07-23T21:25:34.187+0900 [INFO] [org.gradle.launcher.daemon.server.DefaultIncomingConnectionHandler] Received command: Build{id=e29ad938-001d-4269-a320-b0d7425f66a9, currentDir=/Users/anseon-yeong/euphony-listener}.
2022-07-23T21:25:34.188+0900 [DEBUG] [org.gradle.launcher.daemon.server.DefaultIncomingConnectionHandler] Starting executing command: Build{id=e29ad938-001d-4269-a320-b0d7425f66a9, currentDir=/Users/anseon-yeong/euphony-listener} with connection: socket connection from /127.0.0.1:50364 to /127.0.0.1:50365.
2022-07-23T21:25:34.190+0900 [DEBUG] [org.gradle.launcher.daemon.server.DaemonStateCoordinator] Command execution: started DaemonCommandExecution[command = Build{id=e29ad938-001d-4269-a320-b0d7425f66a9, currentDir=/Users/anseon-yeong/euphony-listener}, connection = DefaultDaemonConnection: socket connection from /127.0.0.1:50364 to /127.0.0.1:50365] after 0.0 minutes of idle
2022-07-23T21:25:34.191+0900 [INFO] [org.gradle.launcher.daemon.server.DaemonRegistryUpdater] Marking the daemon as busy, address: [84d884fb-ecf2-4914-bdbd-7cf1a440d870 port:50364, addresses:[localhost/127.0.0.1]]
2022-07-23T21:25:34.191+0900 [DEBUG] [org.gradle.launcher.daemon.registry.PersistentDaemonRegistry] Marking busy by address: [84d884fb-ecf2-4914-bdbd-7cf1a440d870 port:50364, addresses:[localhost/127.0.0.1]]
2022-07-23T21:25:34.191+0900 [DEBUG] [org.gradle.cache.internal.DefaultFileLockManager] Waiting to acquire exclusive lock on daemon addresses registry.
2022-07-23T21:25:34.192+0900 [DEBUG] [org.gradle.cache.internal.DefaultFileLockManager] Lock acquired on daemon addresses registry.
2022-07-23T21:25:34.192+0900 [DEBUG] [org.gradle.cache.internal.DefaultFileLockManager] Releasing lock on daemon addresses registry.
2022-07-23T21:25:34.193+0900 [DEBUG] [org.gradle.launcher.daemon.server.DaemonStateCoordinator] resetting idle timer
2022-07-23T21:25:34.193+0900 [DEBUG] [org.gradle.launcher.daemon.server.DaemonStateCoordinator] daemon is running. Sleeping until state changes.
2022-07-23T21:25:34.194+0900 [INFO] [org.gradle.launcher.daemon.server.exec.StartBuildOrRespondWithBusy] Daemon is about to start building Build{id=e29ad938-001d-4269-a320-b0d7425f66a9, currentDir=/Users/anseon-yeong/euphony-listener}. Dispatching build started information...
2022-07-23T21:25:34.194+0900 [DEBUG] [org.gradle.launcher.daemon.server.SynchronizedDispatchConnection] thread 29: dispatching org.gradle.launcher.daemon.protocol.BuildStarted@5e46588a
2022-07-23T21:25:34.195+0900 [DEBUG] [org.gradle.launcher.daemon.server.SynchronizedDispatchConnection] thread 27: received class org.gradle.launcher.daemon.protocol.CloseInput
2022-07-23T21:25:34.195+0900 [DEBUG] [org.gradle.launcher.daemon.server.DefaultDaemonConnection] thread 27: Received IO message from client: org.gradle.launcher.daemon.protocol.CloseInput@77b9ace9
2022-07-23T21:25:34.196+0900 [DEBUG] [org.gradle.launcher.daemon.server.exec.EstablishBuildEnvironment] Configuring env variables: [PATH, CONDA_DEFAULT_ENV, CONDA_EXE, JAVA_HOME, CONDA_PYTHON_EXE, COMMAND_MODE, CONDA_PREFIX, DISPLAY, NVM_INC, _CE_M, LOGNAME, XPC_SERVICE_NAME, CONDA_SHLVL, __CFBundleIdentifier, NVM_CD_FLAGS, NVM_DIR, SHELL, PAGER, LSCOLORS, OLDPWD, USER, ZSH, TMPDIR, SSH_AUTH_SOCK, _CE_CONDA, XPC_FLAGS, __CF_USER_TEXT_ENCODING, CONDA_PROMPT_MODIFIER, LESS, LC_CTYPE, NVM_BIN, HOME]
2022-07-23T21:25:34.200+0900 [DEBUG] [org.gradle.launcher.daemon.server.exec.LogToClient] About to start relaying all logs to the client via the connection.
2022-07-23T21:25:34.200+0900 [INFO] [org.gradle.launcher.daemon.server.exec.LogToClient] The client will now receive all logging from the daemon (pid: 2483). The daemon log file: /Users/anseon-yeong/wave-show-card-listener/app/daemon/7.3.3/daemon-2483.out.log
2022-07-23T21:25:34.202+0900 [INFO] [org.gradle.launcher.daemon.server.exec.LogAndCheckHealth] Starting build in new daemon [memory: 1.5 GiB]
2022-07-23T21:25:34.203+0900 [INFO] [org.gradle.launcher.daemon.server.exec.ForwardClientInput] Closing daemon's stdin at end of input.
2022-07-23T21:25:34.203+0900 [INFO] [org.gradle.launcher.daemon.server.exec.ForwardClientInput] The daemon will no longer process any standard input.
2022-07-23T21:25:34.206+0900 [DEBUG] [org.gradle.launcher.daemon.server.exec.ExecuteBuild] The daemon has started executing the build.
2022-07-23T21:25:34.207+0900 [DEBUG] [org.gradle.launcher.daemon.server.exec.ExecuteBuild] Executing build with daemon context: DefaultDaemonContext[uid=82e9975f-45a6-45bc-9dab-737f74404b3b,javaHome=/Applications/Android Studio.app/Contents/jre/Contents/Home,daemonRegistryDir=/Users/anseon-yeong/wave-show-card-listener/app/daemon,pid=2483,idleTimeout=10800000,priority=NORMAL,daemonOpts=--add-opens,java.base/java.util=ALL-UNNAMED,--add-opens,java.base/java.lang=ALL-UNNAMED,--add-opens,java.base/java.lang.invoke=ALL-UNNAMED,--add-opens,java.base/java.util=ALL-UNNAMED,--add-opens,java.prefs/java.util.prefs=ALL-UNNAMED,--add-opens,java.prefs/java.util.prefs=ALL-UNNAMED,--add-opens,java.base/java.nio.charset=ALL-UNNAMED,--add-opens,java.base/java.net=ALL-UNNAMED,--add-opens,java.base/java.util.concurrent.atomic=ALL-UNNAMED,-Xmx1536m,-Dfile.encoding=UTF-8,-Duser.country=KR,-Duser.language=ko,-Duser.variant]
AGPBI: {"kind":"warning","text":"The specified Android SDK Build Tools version (29.0.2) is ignored, as it is below the minimum supported version (30.0.3) for Android Gradle Plugin 7.2.1.\nAndroid SDK Build Tools 30.0.3 will be used.\nTo suppress this warning, remove \"buildToolsVersion '29.0.2'\" from your build.gradle file, as each version of the Android Gradle Plugin now has a default version of the build tools.","sources":[{}]}

Deprecated Gradle features were used in this build, making it incompatible with Gradle 8.0.

You can use '--warning-mode all' to show the individual deprecation warnings and determine if they come from your own scripts or plugins.

See https://docs.gradle.org/7.3.3/userguide/command_line_interface.html#sec:command_line_warnings

BUILD SUCCESSFUL in 8s
30 actionable tasks: 30 up-to-date
2022-07-23T21:25:41.172+0900 [DEBUG] [org.gradle.launcher.daemon.server.exec.ExecuteBuild] The daemon has finished executing the build.
2022-07-23T21:25:41.185+0900 [DEBUG] [org.gradle.launcher.daemon.server.DaemonStateCoordinator] daemon is running. Sleeping until state changes.
2022-07-23T21:25:41.185+0900 [DEBUG] [org.gradle.launcher.daemon.server.DaemonStateCoordinator] Command execution: finished waiting for DaemonCommandExecution[command = Build{id=e29ad938-001d-4269-a320-b0d7425f66a9, currentDir=/Users/anseon-yeong/euphony-listener}, connection = DefaultDaemonConnection: socket connection from /127.0.0.1:50364 to /127.0.0.1:50365]. Result org.gradle.launcher.daemon.server.DaemonStateCoordinator@196f7a48 with state Busy
2022-07-23T21:25:41.186+0900 [DEBUG] [org.gradle.launcher.daemon.server.DaemonStateCoordinator] Command execution: completed DaemonCommandExecution[command = Build{id=e29ad938-001d-4269-a320-b0d7425f66a9, currentDir=/Users/anseon-yeong/euphony-listener}, connection = DefaultDaemonConnection: socket connection from /127.0.0.1:50364 to /127.0.0.1:50365]
2022-07-23T21:25:41.186+0900 [DEBUG] [org.gradle.launcher.daemon.server.DaemonStateCoordinator] resetting idle timer
2022-07-23T21:25:41.186+0900 [INFO] [org.gradle.launcher.daemon.server.DaemonRegistryUpdater] Marking the daemon as idle, address: [84d884fb-ecf2-4914-bdbd-7cf1a440d870 port:50364, addresses:[localhost/127.0.0.1]]
2022-07-23T21:25:41.186+0900 [DEBUG] [org.gradle.launcher.daemon.registry.PersistentDaemonRegistry] Marking busy by address: [84d884fb-ecf2-4914-bdbd-7cf1a440d870 port:50364, addresses:[localhost/127.0.0.1]]
2022-07-23T21:25:41.186+0900 [DEBUG] [org.gradle.cache.internal.DefaultFileLockManager] Waiting to acquire exclusive lock on daemon addresses registry.
2022-07-23T21:25:41.187+0900 [DEBUG] [org.gradle.cache.internal.DefaultFileLockManager] Lock acquired on daemon addresses registry.
2022-07-23T21:25:41.187+0900 [DEBUG] [org.gradle.cache.internal.DefaultFileLockManager] Releasing lock on daemon addresses registry.
2022-07-23T21:25:41.188+0900 [DEBUG] [org.gradle.launcher.daemon.server.DaemonStateCoordinator] daemon is running. Sleeping until state changes.
2022-07-23T21:25:41.188+0900 [DEBUG] [org.gradle.launcher.daemon.server.exec.ReturnResult] Daemon is dispatching the build result: Success[value=org.gradle.launcher.exec.BuildActionResult@20bef0be]
2022-07-23T21:25:41.188+0900 [DEBUG] [org.gradle.launcher.daemon.server.SynchronizedDispatchConnection] thread 26: dispatching Success[value=org.gradle.launcher.exec.BuildActionResult@20bef0be]
2022-07-23T21:25:41.189+0900 [DEBUG] [org.gradle.launcher.daemon.server.DefaultIncomingConnectionHandler] Finishing executing command: Build{id=e29ad938-001d-4269-a320-b0d7425f66a9, currentDir=/Users/anseon-yeong/euphony-listener}
2022-07-23T21:25:41.189+0900 [DEBUG] [org.gradle.launcher.daemon.server.SynchronizedDispatchConnection] thread 27: received class org.gradle.launcher.daemon.protocol.Finished
2022-07-23T21:25:41.190+0900 [DEBUG] [org.gradle.launcher.daemon.server.DefaultDaemonConnection] thread 27: Received non-IO message from client: org.gradle.launcher.daemon.protocol.Finished@57def576
2022-07-23T21:25:41.190+0900 [DEBUG] [org.gradle.launcher.daemon.server.DefaultIncomingConnectionHandler] Received finished message: org.gradle.launcher.daemon.protocol.Finished@57def576
2022-07-23T21:25:41.190+0900 [DEBUG] [org.gradle.launcher.daemon.server.SynchronizedDispatchConnection] thread 26: stopping connection
2022-07-23T21:25:41.191+0900 [DEBUG] [org.gradle.internal.remote.internal.inet.SocketConnection] Discarding EOFException: java.io.EOFException
2022-07-23T21:25:41.191+0900 [DEBUG] [org.gradle.launcher.daemon.server.SynchronizedDispatchConnection] thread 27: received null
2022-07-23T21:25:41.191+0900 [DEBUG] [org.gradle.launcher.daemon.server.DefaultDaemonConnection] thread 27: Received end-of-input from client.
2022-07-23T21:25:41.194+0900 [DEBUG] [org.gradle.launcher.daemon.server.SynchronizedDispatchConnection] thread 26: stopping connection
2022-07-23T21:25:44.163+0900 [DEBUG] [org.gradle.cache.internal.DefaultFileLockManager] Waiting to acquire shared lock on daemon addresses registry.
2022-07-23T21:25:44.164+0900 [DEBUG] [org.gradle.cache.internal.DefaultFileLockManager] Lock acquired on daemon addresses registry.
2022-07-23T21:25:44.164+0900 [DEBUG] [org.gradle.cache.internal.DefaultFileLockManager] Releasing lock on daemon addresses registry.
2022-07-23T21:25:44.165+0900 [DEBUG] [org.gradle.cache.internal.DefaultFileLockManager] Waiting to acquire shared lock on daemon addresses registry.
2022-07-23T21:25:44.166+0900 [DEBUG] [org.gradle.cache.internal.DefaultFileLockManager] Lock acquired on daemon addresses registry.
2022-07-23T21:25:44.166+0900 [DEBUG] [org.gradle.cache.internal.DefaultFileLockManager] Releasing lock on daemon addresses registry.
2022-07-23T21:25:54.161+0900 [DEBUG] [org.gradle.cache.internal.DefaultFileLockManager] Waiting to acquire shared lock on daemon addresses registry.
2022-07-23T21:25:54.161+0900 [DEBUG] [org.gradle.cache.internal.DefaultFileLockManager] Lock acquired on daemon addresses registry.
2022-07-23T21:25:54.161+0900 [DEBUG] [org.gradle.cache.internal.DefaultFileLockManager] Releasing lock on daemon addresses registry.
2022-07-23T21:25:54.162+0900 [DEBUG] [org.gradle.cache.internal.DefaultFileLockManager] Waiting to acquire shared lock on daemon addresses registry.
2022-07-23T21:25:54.162+0900 [DEBUG] [org.gradle.cache.internal.DefaultFileLockManager] Lock acquired on daemon addresses registry.
2022-07-23T21:25:54.162+0900 [DEBUG] [org.gradle.cache.internal.DefaultFileLockManager] Releasing lock on daemon addresses registry.
2022-07-23T21:25:54.163+0900 [DEBUG] [org.gradle.cache.internal.DefaultFileLockManager] Waiting to acquire shared lock on daemon addresses registry.
2022-07-23T21:25:54.163+0900 [DEBUG] [org.gradle.cache.internal.DefaultFileLockManager] Lock acquired on daemon addresses registry.
2022-07-23T21:25:54.163+0900 [DEBUG] [org.gradle.cache.internal.DefaultFileLockManager] Releasing lock on daemon addresses registry.
2022-07-23T21:26:04.159+0900 [DEBUG] [org.gradle.cache.internal.DefaultFileLockManager] Waiting to acquire shared lock on daemon addresses registry.
2022-07-23T21:26:04.160+0900 [DEBUG] [org.gradle.cache.internal.DefaultFileLockManager] Lock acquired on daemon addresses registry.
2022-07-23T21:26:04.160+0900 [DEBUG] [org.gradle.cache.internal.DefaultFileLockManager] Releasing lock on daemon addresses registry.
2022-07-23T21:26:04.161+0900 [DEBUG] [org.gradle.cache.internal.DefaultFileLockManager] Waiting to acquire shared lock on daemon addresses registry.
2022-07-23T21:26:04.161+0900 [DEBUG] [org.gradle.cache.internal.DefaultFileLockManager] Lock acquired on daemon addresses registry.
2022-07-23T21:26:04.161+0900 [DEBUG] [org.gradle.cache.internal.DefaultFileLockManager] Releasing lock on daemon addresses registry.
2022-07-23T21:26:04.161+0900 [DEBUG] [org.gradle.cache.internal.DefaultFileLockManager] Waiting to acquire shared lock on daemon addresses registry.
2022-07-23T21:26:04.161+0900 [DEBUG] [org.gradle.cache.internal.DefaultFileLockManager] Lock acquired on daemon addresses registry.
2022-07-23T21:26:04.162+0900 [DEBUG] [org.gradle.cache.internal.DefaultFileLockManager] Releasing lock on daemon addresses registry.
2022-07-23T21:26:14.160+0900 [DEBUG] [org.gradle.cache.internal.DefaultFileLockManager] Waiting to acquire shared lock on daemon addresses registry.
2022-07-23T21:26:14.161+0900 [DEBUG] [org.gradle.cache.internal.DefaultFileLockManager] Lock acquired on daemon addresses registry.
2022-07-23T21:26:14.161+0900 [DEBUG] [org.gradle.cache.internal.DefaultFileLockManager] Releasing lock on daemon addresses registry.
2022-07-23T21:26:14.162+0900 [DEBUG] [org.gradle.cache.internal.DefaultFileLockManager] Waiting to acquire shared lock on daemon addresses registry.
2022-07-23T21:26:14.162+0900 [DEBUG] [org.gradle.cache.internal.DefaultFileLockManager] Lock acquired on daemon addresses registry.
2022-07-23T21:26:14.162+0900 [DEBUG] [org.gradle.cache.internal.DefaultFileLockManager] Releasing lock on daemon addresses registry.
2022-07-23T21:26:14.163+0900 [DEBUG] [org.gradle.cache.internal.DefaultFileLockManager] Waiting to acquire shared lock on daemon addresses registry.
2022-07-23T21:26:14.163+0900 [DEBUG] [org.gradle.cache.internal.DefaultFileLockManager] Lock acquired on daemon addresses registry.
2022-07-23T21:26:14.163+0900 [DEBUG] [org.gradle.cache.internal.DefaultFileLockManager] Releasing lock on daemon addresses registry.
2022-07-23T21:26:24.159+0900 [DEBUG] [org.gradle.cache.internal.DefaultFileLockManager] Waiting to acquire shared lock on daemon addresses registry.
2022-07-23T21:26:24.159+0900 [DEBUG] [org.gradle.cache.internal.DefaultFileLockManager] Lock acquired on daemon addresses registry.
2022-07-23T21:26:24.160+0900 [DEBUG] [org.gradle.cache.internal.DefaultFileLockManager] Releasing lock on daemon addresses registry.
2022-07-23T21:26:24.161+0900 [DEBUG] [org.gradle.cache.internal.DefaultFileLockManager] Waiting to acquire shared lock on daemon addresses registry.
2022-07-23T21:26:24.161+0900 [DEBUG] [org.gradle.cache.internal.DefaultFileLockManager] Lock acquired on daemon addresses registry.
2022-07-23T21:26:24.161+0900 [DEBUG] [org.gradle.cache.internal.DefaultFileLockManager] Releasing lock on daemon addresses registry.
2022-07-23T21:26:24.162+0900 [DEBUG] [org.gradle.cache.internal.DefaultFileLockManager] Waiting to acquire shared lock on daemon addresses registry.
2022-07-23T21:26:24.162+0900 [DEBUG] [org.gradle.cache.internal.DefaultFileLockManager] Lock acquired on daemon addresses registry.
2022-07-23T21:26:24.162+0900 [DEBUG] [org.gradle.cache.internal.DefaultFileLockManager] Releasing lock on daemon addresses registry.
2022-07-23T21:26:34.159+0900 [DEBUG] [org.gradle.cache.internal.DefaultFileLockManager] Waiting to acquire shared lock on daemon addresses registry.
2022-07-23T21:26:34.161+0900 [DEBUG] [org.gradle.cache.internal.DefaultFileLockManager] Lock acquired on daemon addresses registry.
2022-07-23T21:26:34.163+0900 [DEBUG] [org.gradle.cache.internal.DefaultFileLockManager] Releasing lock on daemon addresses registry.
2022-07-23T21:26:34.164+0900 [DEBUG] [org.gradle.cache.internal.DefaultFileLockManager] Waiting to acquire shared lock on daemon addresses registry.
2022-07-23T21:26:34.165+0900 [DEBUG] [org.gradle.cache.internal.DefaultFileLockManager] Lock acquired on daemon addresses registry.
2022-07-23T21:26:34.165+0900 [DEBUG] [org.gradle.cache.internal.DefaultFileLockManager] Releasing lock on daemon addresses registry.
2022-07-23T21:26:34.165+0900 [DEBUG] [org.gradle.cache.internal.DefaultFileLockManager] Waiting to acquire shared lock on daemon addresses registry.
2022-07-23T21:26:34.166+0900 [DEBUG] [org.gradle.cache.internal.DefaultFileLockManager] Lock acquired on daemon addresses registry.
2022-07-23T21:26:34.166+0900 [DEBUG] [org.gradle.cache.internal.DefaultFileLockManager] Releasing lock on daemon addresses registry.
2022-07-23T21:26:44.159+0900 [DEBUG] [org.gradle.cache.internal.DefaultFileLockManager] Waiting to acquire shared lock on daemon addresses registry.
2022-07-23T21:26:44.159+0900 [DEBUG] [org.gradle.cache.internal.DefaultFileLockManager] Lock acquired on daemon addresses registry.
2022-07-23T21:26:44.159+0900 [DEBUG] [org.gradle.cache.internal.DefaultFileLockManager] Releasing lock on daemon addresses registry.
2022-07-23T21:26:44.160+0900 [DEBUG] [org.gradle.cache.internal.DefaultFileLockManager] Waiting to acquire shared lock on daemon addresses registry.
2022-07-23T21:26:44.160+0900 [DEBUG] [org.gradle.cache.internal.DefaultFileLockManager] Lock acquired on daemon addresses registry.
2022-07-23T21:26:44.160+0900 [DEBUG] [org.gradle.cache.internal.DefaultFileLockManager] Releasing lock on daemon addresses registry.
2022-07-23T21:26:44.161+0900 [DEBUG] [org.gradle.cache.internal.DefaultFileLockManager] Waiting to acquire shared lock on daemon addresses registry.
2022-07-23T21:26:44.161+0900 [DEBUG] [org.gradle.cache.internal.DefaultFileLockManager] Lock acquired on daemon addresses registry.
2022-07-23T21:26:44.161+0900 [DEBUG] [org.gradle.cache.internal.DefaultFileLockManager] Releasing lock on daemon addresses registry.
2022-07-23T21:26:54.159+0900 [DEBUG] [org.gradle.cache.internal.DefaultFileLockManager] Waiting to acquire shared lock on daemon addresses registry.
2022-07-23T21:26:54.159+0900 [DEBUG] [org.gradle.cache.internal.DefaultFileLockManager] Lock acquired on daemon addresses registry.
2022-07-23T21:26:54.159+0900 [DEBUG] [org.gradle.cache.internal.DefaultFileLockManager] Releasing lock on daemon addresses registry.
2022-07-23T21:26:54.160+0900 [DEBUG] [org.gradle.cache.internal.DefaultFileLockManager] Waiting to acquire shared lock on daemon addresses registry.
2022-07-23T21:26:54.160+0900 [DEBUG] [org.gradle.cache.internal.DefaultFileLockManager] Lock acquired on daemon addresses registry.
2022-07-23T21:26:54.160+0900 [DEBUG] [org.gradle.cache.internal.DefaultFileLockManager] Releasing lock on daemon addresses registry.
2022-07-23T21:26:54.160+0900 [DEBUG] [org.gradle.cache.internal.DefaultFileLockManager] Waiting to acquire shared lock on daemon addresses registry.
2022-07-23T21:26:54.161+0900 [DEBUG] [org.gradle.cache.internal.DefaultFileLockManager] Lock acquired on daemon addresses registry.
2022-07-23T21:26:54.161+0900 [DEBUG] [org.gradle.cache.internal.DefaultFileLockManager] Releasing lock on daemon addresses registry.
2022-07-23T21:27:04.158+0900 [DEBUG] [org.gradle.cache.internal.DefaultFileLockManager] Waiting to acquire shared lock on daemon addresses registry.
2022-07-23T21:27:04.158+0900 [DEBUG] [org.gradle.cache.internal.DefaultFileLockManager] Lock acquired on daemon addresses registry.
2022-07-23T21:27:04.158+0900 [DEBUG] [org.gradle.cache.internal.DefaultFileLockManager] Releasing lock on daemon addresses registry.
2022-07-23T21:27:04.159+0900 [DEBUG] [org.gradle.cache.internal.DefaultFileLockManager] Waiting to acquire shared lock on daemon addresses registry.
2022-07-23T21:27:04.159+0900 [DEBUG] [org.gradle.cache.internal.DefaultFileLockManager] Lock acquired on daemon addresses registry.
2022-07-23T21:27:04.159+0900 [DEBUG] [org.gradle.cache.internal.DefaultFileLockManager] Releasing lock on daemon addresses registry.
2022-07-23T21:27:04.159+0900 [DEBUG] [org.gradle.cache.internal.DefaultFileLockManager] Waiting to acquire shared lock on daemon addresses registry.
2022-07-23T21:27:04.160+0900 [DEBUG] [org.gradle.cache.internal.DefaultFileLockManager] Lock acquired on daemon addresses registry.
2022-07-23T21:27:04.160+0900 [DEBUG] [org.gradle.cache.internal.DefaultFileLockManager] Releasing lock on daemon addresses registry.
2022-07-23T21:27:14.157+0900 [DEBUG] [org.gradle.cache.internal.DefaultFileLockManager] Waiting to acquire shared lock on daemon addresses registry.
2022-07-23T21:27:14.157+0900 [DEBUG] [org.gradle.cache.internal.DefaultFileLockManager] Lock acquired on daemon addresses registry.
2022-07-23T21:27:14.158+0900 [DEBUG] [org.gradle.cache.internal.DefaultFileLockManager] Releasing lock on daemon addresses registry.
2022-07-23T21:27:14.158+0900 [DEBUG] [org.gradle.cache.internal.DefaultFileLockManager] Waiting to acquire shared lock on daemon addresses registry.
2022-07-23T21:27:14.158+0900 [DEBUG] [org.gradle.cache.internal.DefaultFileLockManager] Lock acquired on daemon addresses registry.
2022-07-23T21:27:14.159+0900 [DEBUG] [org.gradle.cache.internal.DefaultFileLockManager] Releasing lock on daemon addresses registry.
2022-07-23T21:27:14.159+0900 [DEBUG] [org.gradle.cache.internal.DefaultFileLockManager] Waiting to acquire shared lock on daemon addresses registry.
2022-07-23T21:27:14.159+0900 [DEBUG] [org.gradle.cache.internal.DefaultFileLockManager] Lock acquired on daemon addresses registry.
2022-07-23T21:27:14.159+0900 [DEBUG] [org.gradle.cache.internal.DefaultFileLockManager] Releasing lock on daemon addresses registry.
2022-07-23T21:27:24.157+0900 [DEBUG] [org.gradle.cache.internal.DefaultFileLockManager] Waiting to acquire shared lock on daemon addresses registry.
2022-07-23T21:27:24.157+0900 [DEBUG] [org.gradle.cache.internal.DefaultFileLockManager] Lock acquired on daemon addresses registry.
2022-07-23T21:27:24.157+0900 [DEBUG] [org.gradle.cache.internal.DefaultFileLockManager] Releasing lock on daemon addresses registry.
2022-07-23T21:27:24.158+0900 [DEBUG] [org.gradle.cache.internal.DefaultFileLockManager] Waiting to acquire shared lock on daemon addresses registry.
2022-07-23T21:27:24.158+0900 [DEBUG] [org.gradle.cache.internal.DefaultFileLockManager] Lock acquired on daemon addresses registry.
2022-07-23T21:27:24.158+0900 [DEBUG] [org.gradle.cache.internal.DefaultFileLockManager] Releasing lock on daemon addresses registry.
2022-07-23T21:27:24.159+0900 [DEBUG] [org.gradle.cache.internal.DefaultFileLockManager] Waiting to acquire shared lock on daemon addresses registry.
2022-07-23T21:27:24.159+0900 [DEBUG] [org.gradle.cache.internal.DefaultFileLockManager] Lock acquired on daemon addresses registry.
2022-07-23T21:27:24.159+0900 [DEBUG] [org.gradle.cache.internal.DefaultFileLockManager] Releasing lock on daemon addresses registry.
2022-07-23T21:27:34.157+0900 [DEBUG] [org.gradle.cache.internal.DefaultFileLockManager] Waiting to acquire shared lock on daemon addresses registry.
2022-07-23T21:27:34.157+0900 [DEBUG] [org.gradle.cache.internal.DefaultFileLockManager] Lock acquired on daemon addresses registry.
2022-07-23T21:27:34.157+0900 [DEBUG] [org.gradle.cache.internal.DefaultFileLockManager] Releasing lock on daemon addresses registry.
2022-07-23T21:27:34.158+0900 [DEBUG] [org.gradle.cache.internal.DefaultFileLockManager] Waiting to acquire shared lock on daemon addresses registry.
2022-07-23T21:27:34.158+0900 [DEBUG] [org.gradle.cache.internal.DefaultFileLockManager] Lock acquired on daemon addresses registry.
2022-07-23T21:27:34.158+0900 [DEBUG] [org.gradle.cache.internal.DefaultFileLockManager] Releasing lock on daemon addresses registry.
2022-07-23T21:27:34.159+0900 [DEBUG] [org.gradle.cache.internal.DefaultFileLockManager] Waiting to acquire shared lock on daemon addresses registry.
2022-07-23T21:27:34.159+0900 [DEBUG] [org.gradle.cache.internal.DefaultFileLockManager] Lock acquired on daemon addresses registry.
2022-07-23T21:27:34.159+0900 [DEBUG] [org.gradle.cache.internal.DefaultFileLockManager] Releasing lock on daemon addresses registry.
2022-07-23T21:27:44.156+0900 [DEBUG] [org.gradle.cache.internal.DefaultFileLockManager] Waiting to acquire shared lock on daemon addresses registry.
2022-07-23T21:27:44.156+0900 [DEBUG] [org.gradle.cache.internal.DefaultFileLockManager] Lock acquired on daemon addresses registry.
2022-07-23T21:27:44.156+0900 [DEBUG] [org.gradle.cache.internal.DefaultFileLockManager] Releasing lock on daemon addresses registry.
2022-07-23T21:27:44.157+0900 [DEBUG] [org.gradle.cache.internal.DefaultFileLockManager] Waiting to acquire shared lock on daemon addresses registry.
2022-07-23T21:27:44.157+0900 [DEBUG] [org.gradle.cache.internal.DefaultFileLockManager] Lock acquired on daemon addresses registry.
2022-07-23T21:27:44.157+0900 [DEBUG] [org.gradle.cache.internal.DefaultFileLockManager] Releasing lock on daemon addresses registry.
2022-07-23T21:27:44.158+0900 [DEBUG] [org.gradle.cache.internal.DefaultFileLockManager] Waiting to acquire shared lock on daemon addresses registry.
2022-07-23T21:27:44.158+0900 [DEBUG] [org.gradle.cache.internal.DefaultFileLockManager] Lock acquired on daemon addresses registry.
2022-07-23T21:27:44.158+0900 [DEBUG] [org.gradle.cache.internal.DefaultFileLockManager] Releasing lock on daemon addresses registry.
2022-07-23T21:27:54.156+0900 [DEBUG] [org.gradle.cache.internal.DefaultFileLockManager] Waiting to acquire shared lock on daemon addresses registry.
2022-07-23T21:27:54.156+0900 [DEBUG] [org.gradle.cache.internal.DefaultFileLockManager] Lock acquired on daemon addresses registry.
2022-07-23T21:27:54.157+0900 [DEBUG] [org.gradle.cache.internal.DefaultFileLockManager] Releasing lock on daemon addresses registry.
2022-07-23T21:27:54.157+0900 [DEBUG] [org.gradle.cache.internal.DefaultFileLockManager] Waiting to acquire shared lock on daemon addresses registry.
2022-07-23T21:27:54.158+0900 [DEBUG] [org.gradle.cache.internal.DefaultFileLockManager] Lock acquired on daemon addresses registry.
2022-07-23T21:27:54.158+0900 [DEBUG] [org.gradle.cache.internal.DefaultFileLockManager] Releasing lock on daemon addresses registry.
2022-07-23T21:27:54.158+0900 [DEBUG] [org.gradle.cache.internal.DefaultFileLockManager] Waiting to acquire shared lock on daemon addresses registry.
2022-07-23T21:27:54.158+0900 [DEBUG] [org.gradle.cache.internal.DefaultFileLockManager] Lock acquired on daemon addresses registry.
2022-07-23T21:27:54.159+0900 [DEBUG] [org.gradle.cache.internal.DefaultFileLockManager] Releasing lock on daemon addresses registry.
2022-07-23T21:28:04.156+0900 [DEBUG] [org.gradle.cache.internal.DefaultFileLockManager] Waiting to acquire shared lock on daemon addresses registry.
2022-07-23T21:28:04.156+0900 [DEBUG] [org.gradle.cache.internal.DefaultFileLockManager] Lock acquired on daemon addresses registry.
2022-07-23T21:28:04.156+0900 [DEBUG] [org.gradle.cache.internal.DefaultFileLockManager] Releasing lock on daemon addresses registry.
2022-07-23T21:28:04.157+0900 [DEBUG] [org.gradle.cache.internal.DefaultFileLockManager] Waiting to acquire shared lock on daemon addresses registry.
2022-07-23T21:28:04.157+0900 [DEBUG] [org.gradle.cache.internal.DefaultFileLockManager] Lock acquired on daemon addresses registry.
2022-07-23T21:28:04.157+0900 [DEBUG] [org.gradle.cache.internal.DefaultFileLockManager] Releasing lock on daemon addresses registry.
2022-07-23T21:28:04.158+0900 [DEBUG] [org.gradle.cache.internal.DefaultFileLockManager] Waiting to acquire shared lock on daemon addresses registry.
2022-07-23T21:28:04.158+0900 [DEBUG] [org.gradle.cache.internal.DefaultFileLockManager] Lock acquired on daemon addresses registry.
2022-07-23T21:28:04.158+0900 [DEBUG] [org.gradle.cache.internal.DefaultFileLockManager] Releasing lock on daemon addresses registry.
2022-07-23T21:28:14.155+0900 [DEBUG] [org.gradle.cache.internal.DefaultFileLockManager] Waiting to acquire shared lock on daemon addresses registry.
2022-07-23T21:28:14.155+0900 [DEBUG] [org.gradle.cache.internal.DefaultFileLockManager] Lock acquired on daemon addresses registry.
2022-07-23T21:28:14.156+0900 [DEBUG] [org.gradle.cache.internal.DefaultFileLockManager] Releasing lock on daemon addresses registry.
2022-07-23T21:28:14.156+0900 [DEBUG] [org.gradle.cache.internal.DefaultFileLockManager] Waiting to acquire shared lock on daemon addresses registry.
2022-07-23T21:28:14.156+0900 [DEBUG] [org.gradle.cache.internal.DefaultFileLockManager] Lock acquired on daemon addresses registry.
2022-07-23T21:28:14.157+0900 [DEBUG] [org.gradle.cache.internal.DefaultFileLockManager] Releasing lock on daemon addresses registry.
2022-07-23T21:28:14.157+0900 [DEBUG] [org.gradle.cache.internal.DefaultFileLockManager] Waiting to acquire shared lock on daemon addresses registry.
2022-07-23T21:28:14.157+0900 [DEBUG] [org.gradle.cache.internal.DefaultFileLockManager] Lock acquired on daemon addresses registry.
2022-07-23T21:28:14.157+0900 [DEBUG] [org.gradle.cache.internal.DefaultFileLockManager] Releasing lock on daemon addresses registry.
2022-07-23T21:28:24.153+0900 [DEBUG] [org.gradle.cache.internal.DefaultFileLockManager] Waiting to acquire shared lock on daemon addresses registry.
2022-07-23T21:28:24.153+0900 [DEBUG] [org.gradle.cache.internal.DefaultFileLockManager] Lock acquired on daemon addresses registry.
2022-07-23T21:28:24.154+0900 [DEBUG] [org.gradle.cache.internal.DefaultFileLockManager] Releasing lock on daemon addresses registry.
2022-07-23T21:28:24.154+0900 [DEBUG] [org.gradle.cache.internal.DefaultFileLockManager] Waiting to acquire shared lock on daemon addresses registry.
2022-07-23T21:28:24.154+0900 [DEBUG] [org.gradle.cache.internal.DefaultFileLockManager] Lock acquired on daemon addresses registry.
2022-07-23T21:28:24.155+0900 [DEBUG] [org.gradle.cache.internal.DefaultFileLockManager] Releasing lock on daemon addresses registry.
2022-07-23T21:28:24.155+0900 [DEBUG] [org.gradle.cache.internal.DefaultFileLockManager] Waiting to acquire shared lock on daemon addresses registry.
2022-07-23T21:28:24.155+0900 [DEBUG] [org.gradle.cache.internal.DefaultFileLockManager] Lock acquired on daemon addresses registry.
2022-07-23T21:28:24.155+0900 [DEBUG] [org.gradle.cache.internal.DefaultFileLockManager] Releasing lock on daemon addresses registry.
2022-07-23T21:28:34.153+0900 [DEBUG] [org.gradle.cache.internal.DefaultFileLockManager] Waiting to acquire shared lock on daemon addresses registry.
2022-07-23T21:28:34.154+0900 [DEBUG] [org.gradle.cache.internal.DefaultFileLockManager] Lock acquired on daemon addresses registry.
2022-07-23T21:28:34.154+0900 [DEBUG] [org.gradle.cache.internal.DefaultFileLockManager] Releasing lock on daemon addresses registry.
2022-07-23T21:28:34.155+0900 [DEBUG] [org.gradle.cache.internal.DefaultFileLockManager] Waiting to acquire shared lock on daemon addresses registry.
2022-07-23T21:28:34.156+0900 [DEBUG] [org.gradle.cache.internal.DefaultFileLockManager] Lock acquired on daemon addresses registry.
2022-07-23T21:28:34.156+0900 [DEBUG] [org.gradle.cache.internal.DefaultFileLockManager] Releasing lock on daemon addresses registry.
2022-07-23T21:28:34.157+0900 [DEBUG] [org.gradle.cache.internal.DefaultFileLockManager] Waiting to acquire shared lock on daemon addresses registry.
2022-07-23T21:28:34.158+0900 [DEBUG] [org.gradle.cache.internal.DefaultFileLockManager] Lock acquired on daemon addresses registry.
2022-07-23T21:28:34.160+0900 [DEBUG] [org.gradle.cache.internal.DefaultFileLockManager] Releasing lock on daemon addresses registry.
2022-07-23T21:28:40.496+0900 [DEBUG] [org.gradle.internal.remote.internal.inet.TcpIncomingConnector] Accepted connection from /127.0.0.1:50466 to /127.0.0.1:50364.
2022-07-23T21:28:40.512+0900 [DEBUG] [org.gradle.launcher.daemon.server.SynchronizedDispatchConnection] thread 244: received class org.gradle.launcher.daemon.protocol.Build
2022-07-23T21:28:40.512+0900 [DEBUG] [org.gradle.launcher.daemon.server.DefaultDaemonConnection] thread 244: Received non-IO message from client: Build{id=e5ef8faa-b695-4c49-965c-ce869ccf7e45, currentDir=/Users/anseon-yeong/euphony-listener}
2022-07-23T21:28:40.512+0900 [INFO] [org.gradle.launcher.daemon.server.DefaultIncomingConnectionHandler] Received command: Build{id=e5ef8faa-b695-4c49-965c-ce869ccf7e45, currentDir=/Users/anseon-yeong/euphony-listener}.
2022-07-23T21:28:40.512+0900 [DEBUG] [org.gradle.launcher.daemon.server.DefaultIncomingConnectionHandler] Starting executing command: Build{id=e5ef8faa-b695-4c49-965c-ce869ccf7e45, currentDir=/Users/anseon-yeong/euphony-listener} with connection: socket connection from /127.0.0.1:50364 to /127.0.0.1:50466.
2022-07-23T21:28:40.513+0900 [DEBUG] [org.gradle.launcher.daemon.server.DaemonStateCoordinator] Command execution: started DaemonCommandExecution[command = Build{id=e5ef8faa-b695-4c49-965c-ce869ccf7e45, currentDir=/Users/anseon-yeong/euphony-listener}, connection = DefaultDaemonConnection: socket connection from /127.0.0.1:50364 to /127.0.0.1:50466] after 2.0 minutes of idle
2022-07-23T21:28:40.513+0900 [INFO] [org.gradle.launcher.daemon.server.DaemonRegistryUpdater] Marking the daemon as busy, address: [84d884fb-ecf2-4914-bdbd-7cf1a440d870 port:50364, addresses:[localhost/127.0.0.1]]
2022-07-23T21:28:40.513+0900 [DEBUG] [org.gradle.launcher.daemon.registry.PersistentDaemonRegistry] Marking busy by address: [84d884fb-ecf2-4914-bdbd-7cf1a440d870 port:50364, addresses:[localhost/127.0.0.1]]
2022-07-23T21:28:40.513+0900 [DEBUG] [org.gradle.cache.internal.DefaultFileLockManager] Waiting to acquire exclusive lock on daemon addresses registry.
2022-07-23T21:28:40.513+0900 [DEBUG] [org.gradle.cache.internal.DefaultFileLockManager] Lock acquired on daemon addresses registry.
2022-07-23T21:28:40.514+0900 [DEBUG] [org.gradle.cache.internal.DefaultFileLockManager] Releasing lock on daemon addresses registry.
2022-07-23T21:28:40.514+0900 [DEBUG] [org.gradle.launcher.daemon.server.DaemonStateCoordinator] resetting idle timer
2022-07-23T21:28:40.514+0900 [DEBUG] [org.gradle.launcher.daemon.server.DaemonStateCoordinator] daemon is running. Sleeping until state changes.
2022-07-23T21:28:40.514+0900 [INFO] [org.gradle.launcher.daemon.server.exec.StartBuildOrRespondWithBusy] Daemon is about to start building Build{id=e5ef8faa-b695-4c49-965c-ce869ccf7e45, currentDir=/Users/anseon-yeong/euphony-listener}. Dispatching build started information...
2022-07-23T21:28:40.514+0900 [DEBUG] [org.gradle.launcher.daemon.server.SynchronizedDispatchConnection] thread 246: dispatching org.gradle.launcher.daemon.protocol.BuildStarted@b6f58b
2022-07-23T21:28:40.515+0900 [DEBUG] [org.gradle.launcher.daemon.server.exec.EstablishBuildEnvironment] Configuring env variables: [PATH, CONDA_DEFAULT_ENV, CONDA_EXE, JAVA_HOME, CONDA_PYTHON_EXE, COMMAND_MODE, CONDA_PREFIX, DISPLAY, NVM_INC, _CE_M, LOGNAME, XPC_SERVICE_NAME, CONDA_SHLVL, __CFBundleIdentifier, NVM_CD_FLAGS, NVM_DIR, SHELL, PAGER, LSCOLORS, OLDPWD, USER, ZSH, TMPDIR, SSH_AUTH_SOCK, _CE_CONDA, XPC_FLAGS, __CF_USER_TEXT_ENCODING, CONDA_PROMPT_MODIFIER, LESS, LC_CTYPE, NVM_BIN, HOME]
2022-07-23T21:28:40.515+0900 [DEBUG] [org.gradle.launcher.daemon.server.SynchronizedDispatchConnection] thread 244: received class org.gradle.launcher.daemon.protocol.CloseInput
2022-07-23T21:28:40.515+0900 [DEBUG] [org.gradle.launcher.daemon.server.DefaultDaemonConnection] thread 244: Received IO message from client: org.gradle.launcher.daemon.protocol.CloseInput@5fc996b1
2022-07-23T21:28:40.515+0900 [DEBUG] [org.gradle.launcher.daemon.server.exec.LogToClient] About to start relaying all logs to the client via the connection.
2022-07-23T21:28:40.516+0900 [INFO] [org.gradle.launcher.daemon.server.exec.LogToClient] The client will now receive all logging from the daemon (pid: 2483). The daemon log file: /Users/anseon-yeong/wave-show-card-listener/app/daemon/7.3.3/daemon-2483.out.log
2022-07-23T21:28:40.516+0900 [INFO] [org.gradle.launcher.daemon.server.exec.LogAndCheckHealth] Starting 2nd build in daemon [uptime: 3 mins 6.618 secs, performance: 99%]
2022-07-23T21:28:40.516+0900 [DEBUG] [org.gradle.launcher.daemon.server.exec.ExecuteBuild] The daemon has started executing the build.
2022-07-23T21:28:40.516+0900 [INFO] [org.gradle.launcher.daemon.server.exec.ForwardClientInput] Closing daemon's stdin at end of input.
2022-07-23T21:28:40.517+0900 [INFO] [org.gradle.launcher.daemon.server.exec.ForwardClientInput] The daemon will no longer process any standard input.
2022-07-23T21:28:40.517+0900 [DEBUG] [org.gradle.launcher.daemon.server.exec.ExecuteBuild] Executing build with daemon context: DefaultDaemonContext[uid=82e9975f-45a6-45bc-9dab-737f74404b3b,javaHome=/Applications/Android Studio.app/Contents/jre/Contents/Home,daemonRegistryDir=/Users/anseon-yeong/wave-show-card-listener/app/daemon,pid=2483,idleTimeout=10800000,priority=NORMAL,daemonOpts=--add-opens,java.base/java.util=ALL-UNNAMED,--add-opens,java.base/java.lang=ALL-UNNAMED,--add-opens,java.base/java.lang.invoke=ALL-UNNAMED,--add-opens,java.base/java.util=ALL-UNNAMED,--add-opens,java.prefs/java.util.prefs=ALL-UNNAMED,--add-opens,java.prefs/java.util.prefs=ALL-UNNAMED,--add-opens,java.base/java.nio.charset=ALL-UNNAMED,--add-opens,java.base/java.net=ALL-UNNAMED,--add-opens,java.base/java.util.concurrent.atomic=ALL-UNNAMED,-Xmx1536m,-Dfile.encoding=UTF-8,-Duser.country=KR,-Duser.language=ko,-Duser.variant]

Deprecated Gradle features were used in this build, making it incompatible with Gradle 8.0.

You can use '--warning-mode all' to show the individual deprecation warnings and determine if they come from your own scripts or plugins.

See https://docs.gradle.org/7.3.3/userguide/command_line_interface.html#sec:command_line_warnings

BUILD SUCCESSFUL in 12s
2022-07-23T21:28:49.917+0900 [DEBUG] [org.gradle.launcher.daemon.server.exec.ExecuteBuild] The daemon has finished executing the build.
2022-07-23T21:28:49.926+0900 [DEBUG] [org.gradle.launcher.daemon.server.DaemonStateCoordinator] daemon is running. Sleeping until state changes.
2022-07-23T21:28:49.926+0900 [DEBUG] [org.gradle.launcher.daemon.server.DaemonStateCoordinator] Command execution: finished waiting for DaemonCommandExecution[command = Build{id=e5ef8faa-b695-4c49-965c-ce869ccf7e45, currentDir=/Users/anseon-yeong/euphony-listener}, connection = DefaultDaemonConnection: socket connection from /127.0.0.1:50364 to /127.0.0.1:50466]. Result org.gradle.launcher.daemon.server.DaemonStateCoordinator@196f7a48 with state Busy
2022-07-23T21:28:49.927+0900 [DEBUG] [org.gradle.launcher.daemon.server.DaemonStateCoordinator] Command execution: completed DaemonCommandExecution[command = Build{id=e5ef8faa-b695-4c49-965c-ce869ccf7e45, currentDir=/Users/anseon-yeong/euphony-listener}, connection = DefaultDaemonConnection: socket connection from /127.0.0.1:50364 to /127.0.0.1:50466]
2022-07-23T21:28:49.927+0900 [DEBUG] [org.gradle.launcher.daemon.server.DaemonStateCoordinator] resetting idle timer
2022-07-23T21:28:49.927+0900 [INFO] [org.gradle.launcher.daemon.server.DaemonRegistryUpdater] Marking the daemon as idle, address: [84d884fb-ecf2-4914-bdbd-7cf1a440d870 port:50364, addresses:[localhost/127.0.0.1]]
2022-07-23T21:28:49.927+0900 [DEBUG] [org.gradle.launcher.daemon.registry.PersistentDaemonRegistry] Marking busy by address: [84d884fb-ecf2-4914-bdbd-7cf1a440d870 port:50364, addresses:[localhost/127.0.0.1]]
2022-07-23T21:28:49.928+0900 [DEBUG] [org.gradle.cache.internal.DefaultFileLockManager] Waiting to acquire exclusive lock on daemon addresses registry.
2022-07-23T21:28:49.928+0900 [DEBUG] [org.gradle.cache.internal.DefaultFileLockManager] Lock acquired on daemon addresses registry.
2022-07-23T21:28:49.929+0900 [DEBUG] [org.gradle.cache.internal.DefaultFileLockManager] Releasing lock on daemon addresses registry.
2022-07-23T21:28:49.931+0900 [DEBUG] [org.gradle.launcher.daemon.server.DaemonStateCoordinator] daemon is running. Sleeping until state changes.
2022-07-23T21:28:49.931+0900 [DEBUG] [org.gradle.launcher.daemon.server.exec.ReturnResult] Daemon is dispatching the build result: Success[value=org.gradle.launcher.exec.BuildActionResult@49e072a8]
2022-07-23T21:28:49.931+0900 [DEBUG] [org.gradle.launcher.daemon.server.SynchronizedDispatchConnection] thread 243: dispatching Success[value=org.gradle.launcher.exec.BuildActionResult@49e072a8]
2022-07-23T21:28:49.932+0900 [DEBUG] [org.gradle.launcher.daemon.server.DefaultIncomingConnectionHandler] Finishing executing command: Build{id=e5ef8faa-b695-4c49-965c-ce869ccf7e45, currentDir=/Users/anseon-yeong/euphony-listener}
2022-07-23T21:28:50.072+0900 [DEBUG] [org.gradle.launcher.daemon.server.SynchronizedDispatchConnection] thread 244: received class org.gradle.launcher.daemon.protocol.Finished
2022-07-23T21:28:50.073+0900 [DEBUG] [org.gradle.launcher.daemon.server.DefaultDaemonConnection] thread 244: Received non-IO message from client: org.gradle.launcher.daemon.protocol.Finished@37c93051
2022-07-23T21:28:50.074+0900 [DEBUG] [org.gradle.launcher.daemon.server.DefaultIncomingConnectionHandler] Received finished message: org.gradle.launcher.daemon.protocol.Finished@37c93051
2022-07-23T21:28:50.074+0900 [DEBUG] [org.gradle.launcher.daemon.server.SynchronizedDispatchConnection] thread 243: stopping connection
2022-07-23T21:28:50.074+0900 [DEBUG] [org.gradle.internal.remote.internal.inet.SocketConnection] Discarding EOFException: java.io.EOFException
2022-07-23T21:28:50.076+0900 [DEBUG] [org.gradle.launcher.daemon.server.SynchronizedDispatchConnection] thread 244: received null
2022-07-23T21:28:50.076+0900 [DEBUG] [org.gradle.launcher.daemon.server.DefaultDaemonConnection] thread 244: Received end-of-input from client.
2022-07-23T21:28:50.076+0900 [DEBUG] [org.gradle.launcher.daemon.server.SynchronizedDispatchConnection] thread 243: stopping connection
2022-07-23T21:28:54.152+0900 [DEBUG] [org.gradle.cache.internal.DefaultFileLockManager] Waiting to acquire shared lock on daemon addresses registry.
2022-07-23T21:28:54.152+0900 [DEBUG] [org.gradle.cache.internal.DefaultFileLockManager] Lock acquired on daemon addresses registry.
2022-07-23T21:28:54.152+0900 [DEBUG] [org.gradle.cache.internal.DefaultFileLockManager] Releasing lock on daemon addresses registry.
2022-07-23T21:28:54.153+0900 [DEBUG] [org.gradle.cache.internal.DefaultFileLockManager] Waiting to acquire shared lock on daemon addresses registry.
2022-07-23T21:28:54.153+0900 [DEBUG] [org.gradle.cache.internal.DefaultFileLockManager] Lock acquired on daemon addresses registry.
2022-07-23T21:28:54.153+0900 [DEBUG] [org.gradle.cache.internal.DefaultFileLockManager] Releasing lock on daemon addresses registry.
2022-07-23T21:28:59.171+0900 [DEBUG] [org.gradle.internal.remote.internal.inet.TcpIncomingConnector] Accepted connection from /127.0.0.1:50473 to /127.0.0.1:50364.
2022-07-23T21:28:59.173+0900 [DEBUG] [org.gradle.launcher.daemon.server.SynchronizedDispatchConnection] thread 434: received class org.gradle.launcher.daemon.protocol.Build
2022-07-23T21:28:59.173+0900 [DEBUG] [org.gradle.launcher.daemon.server.DefaultDaemonConnection] thread 434: Received non-IO message from client: Build{id=703a1dae-b7cf-4341-aa59-51edc7ceeba6, currentDir=/Users/anseon-yeong/euphony-listener}
2022-07-23T21:28:59.173+0900 [INFO] [org.gradle.launcher.daemon.server.DefaultIncomingConnectionHandler] Received command: Build{id=703a1dae-b7cf-4341-aa59-51edc7ceeba6, currentDir=/Users/anseon-yeong/euphony-listener}.
2022-07-23T21:28:59.173+0900 [DEBUG] [org.gradle.launcher.daemon.server.DefaultIncomingConnectionHandler] Starting executing command: Build{id=703a1dae-b7cf-4341-aa59-51edc7ceeba6, currentDir=/Users/anseon-yeong/euphony-listener} with connection: socket connection from /127.0.0.1:50364 to /127.0.0.1:50473.
2022-07-23T21:28:59.173+0900 [DEBUG] [org.gradle.launcher.daemon.server.DaemonStateCoordinator] Command execution: started DaemonCommandExecution[command = Build{id=703a1dae-b7cf-4341-aa59-51edc7ceeba6, currentDir=/Users/anseon-yeong/euphony-listener}, connection = DefaultDaemonConnection: socket connection from /127.0.0.1:50364 to /127.0.0.1:50473] after 0.0 minutes of idle
2022-07-23T21:28:59.174+0900 [INFO] [org.gradle.launcher.daemon.server.DaemonRegistryUpdater] Marking the daemon as busy, address: [84d884fb-ecf2-4914-bdbd-7cf1a440d870 port:50364, addresses:[localhost/127.0.0.1]]
2022-07-23T21:28:59.174+0900 [DEBUG] [org.gradle.launcher.daemon.registry.PersistentDaemonRegistry] Marking busy by address: [84d884fb-ecf2-4914-bdbd-7cf1a440d870 port:50364, addresses:[localhost/127.0.0.1]]
2022-07-23T21:28:59.174+0900 [DEBUG] [org.gradle.cache.internal.DefaultFileLockManager] Waiting to acquire exclusive lock on daemon addresses registry.
2022-07-23T21:28:59.174+0900 [DEBUG] [org.gradle.cache.internal.DefaultFileLockManager] Lock acquired on daemon addresses registry.
2022-07-23T21:28:59.175+0900 [DEBUG] [org.gradle.cache.internal.DefaultFileLockManager] Releasing lock on daemon addresses registry.
2022-07-23T21:28:59.175+0900 [DEBUG] [org.gradle.launcher.daemon.server.DaemonStateCoordinator] resetting idle timer
2022-07-23T21:28:59.176+0900 [DEBUG] [org.gradle.launcher.daemon.server.DaemonStateCoordinator] daemon is running. Sleeping until state changes.
2022-07-23T21:28:59.176+0900 [INFO] [org.gradle.launcher.daemon.server.exec.StartBuildOrRespondWithBusy] Daemon is about to start building Build{id=703a1dae-b7cf-4341-aa59-51edc7ceeba6, currentDir=/Users/anseon-yeong/euphony-listener}. Dispatching build started information...
2022-07-23T21:28:59.176+0900 [DEBUG] [org.gradle.launcher.daemon.server.SynchronizedDispatchConnection] thread 246: dispatching org.gradle.launcher.daemon.protocol.BuildStarted@6e13d221
2022-07-23T21:28:59.176+0900 [DEBUG] [org.gradle.launcher.daemon.server.exec.EstablishBuildEnvironment] Configuring env variables: [PATH, CONDA_DEFAULT_ENV, CONDA_EXE, JAVA_HOME, CONDA_PYTHON_EXE, COMMAND_MODE, CONDA_PREFIX, DISPLAY, NVM_INC, _CE_M, LOGNAME, XPC_SERVICE_NAME, CONDA_SHLVL, __CFBundleIdentifier, NVM_CD_FLAGS, NVM_DIR, SHELL, PAGER, LSCOLORS, OLDPWD, USER, ZSH, TMPDIR, SSH_AUTH_SOCK, _CE_CONDA, XPC_FLAGS, __CF_USER_TEXT_ENCODING, CONDA_PROMPT_MODIFIER, LESS, LC_CTYPE, NVM_BIN, HOME]
2022-07-23T21:28:59.177+0900 [DEBUG] [org.gradle.launcher.daemon.server.SynchronizedDispatchConnection] thread 434: received class org.gradle.launcher.daemon.protocol.CloseInput
2022-07-23T21:28:59.177+0900 [DEBUG] [org.gradle.launcher.daemon.server.exec.LogToClient] About to start relaying all logs to the client via the connection.
2022-07-23T21:28:59.177+0900 [DEBUG] [org.gradle.launcher.daemon.server.DefaultDaemonConnection] thread 434: Received IO message from client: org.gradle.launcher.daemon.protocol.CloseInput@3ac3632e
2022-07-23T21:28:59.177+0900 [INFO] [org.gradle.launcher.daemon.server.exec.LogToClient] The client will now receive all logging from the daemon (pid: 2483). The daemon log file: /Users/anseon-yeong/wave-show-card-listener/app/daemon/7.3.3/daemon-2483.out.log
2022-07-23T21:28:59.178+0900 [INFO] [org.gradle.launcher.daemon.server.exec.LogAndCheckHealth] Starting 3rd build in daemon [uptime: 3 mins 25.28 secs, performance: 100%]
2022-07-23T21:28:59.178+0900 [DEBUG] [org.gradle.launcher.daemon.server.exec.ExecuteBuild] The daemon has started executing the build.
2022-07-23T21:28:59.178+0900 [INFO] [org.gradle.launcher.daemon.server.exec.ForwardClientInput] Closing daemon's stdin at end of input.
2022-07-23T21:28:59.178+0900 [DEBUG] [org.gradle.launcher.daemon.server.exec.ExecuteBuild] Executing build with daemon context: DefaultDaemonContext[uid=82e9975f-45a6-45bc-9dab-737f74404b3b,javaHome=/Applications/Android Studio.app/Contents/jre/Contents/Home,daemonRegistryDir=/Users/anseon-yeong/wave-show-card-listener/app/daemon,pid=2483,idleTimeout=10800000,priority=NORMAL,daemonOpts=--add-opens,java.base/java.util=ALL-UNNAMED,--add-opens,java.base/java.lang=ALL-UNNAMED,--add-opens,java.base/java.lang.invoke=ALL-UNNAMED,--add-opens,java.base/java.util=ALL-UNNAMED,--add-opens,java.prefs/java.util.prefs=ALL-UNNAMED,--add-opens,java.prefs/java.util.prefs=ALL-UNNAMED,--add-opens,java.base/java.nio.charset=ALL-UNNAMED,--add-opens,java.base/java.net=ALL-UNNAMED,--add-opens,java.base/java.util.concurrent.atomic=ALL-UNNAMED,-Xmx1536m,-Dfile.encoding=UTF-8,-Duser.country=KR,-Duser.language=ko,-Duser.variant]
2022-07-23T21:28:59.178+0900 [INFO] [org.gradle.launcher.daemon.server.exec.ForwardClientInput] The daemon will no longer process any standard input.
AGPBI: {"kind":"warning","text":"The specified Android SDK Build Tools version (29.0.2) is ignored, as it is below the minimum supported version (30.0.3) for Android Gradle Plugin 7.2.1.\nAndroid SDK Build Tools 30.0.3 will be used.\nTo suppress this warning, remove \"buildToolsVersion '29.0.2'\" from your build.gradle file, as each version of the Android Gradle Plugin now has a default version of the build tools.","sources":[{}]}

Deprecated Gradle features were used in this build, making it incompatible with Gradle 8.0.

You can use '--warning-mode all' to show the individual deprecation warnings and determine if they come from your own scripts or plugins.

See https://docs.gradle.org/7.3.3/userguide/command_line_interface.html#sec:command_line_warnings

BUILD SUCCESSFUL in 557ms
30 actionable tasks: 30 up-to-date
2022-07-23T21:28:59.757+0900 [DEBUG] [org.gradle.launcher.daemon.server.exec.ExecuteBuild] The daemon has finished executing the build.
2022-07-23T21:28:59.760+0900 [DEBUG] [org.gradle.launcher.daemon.server.DaemonStateCoordinator] Command execution: finished waiting for DaemonCommandExecution[command = Build{id=703a1dae-b7cf-4341-aa59-51edc7ceeba6, currentDir=/Users/anseon-yeong/euphony-listener}, connection = DefaultDaemonConnection: socket connection from /127.0.0.1:50364 to /127.0.0.1:50473]. Result org.gradle.launcher.daemon.server.DaemonStateCoordinator@196f7a48 with state Busy
2022-07-23T21:28:59.760+0900 [DEBUG] [org.gradle.launcher.daemon.server.DaemonStateCoordinator] Command execution: completed DaemonCommandExecution[command = Build{id=703a1dae-b7cf-4341-aa59-51edc7ceeba6, currentDir=/Users/anseon-yeong/euphony-listener}, connection = DefaultDaemonConnection: socket connection from /127.0.0.1:50364 to /127.0.0.1:50473]
2022-07-23T21:28:59.760+0900 [DEBUG] [org.gradle.launcher.daemon.server.DaemonStateCoordinator] resetting idle timer
2022-07-23T21:28:59.760+0900 [INFO] [org.gradle.launcher.daemon.server.DaemonRegistryUpdater] Marking the daemon as idle, address: [84d884fb-ecf2-4914-bdbd-7cf1a440d870 port:50364, addresses:[localhost/127.0.0.1]]
2022-07-23T21:28:59.760+0900 [DEBUG] [org.gradle.launcher.daemon.registry.PersistentDaemonRegistry] Marking busy by address: [84d884fb-ecf2-4914-bdbd-7cf1a440d870 port:50364, addresses:[localhost/127.0.0.1]]
2022-07-23T21:28:59.761+0900 [DEBUG] [org.gradle.cache.internal.DefaultFileLockManager] Waiting to acquire exclusive lock on daemon addresses registry.
2022-07-23T21:28:59.761+0900 [DEBUG] [org.gradle.cache.internal.DefaultFileLockManager] Lock acquired on daemon addresses registry.
2022-07-23T21:28:59.762+0900 [DEBUG] [org.gradle.cache.internal.DefaultFileLockManager] Releasing lock on daemon addresses registry.
2022-07-23T21:28:59.762+0900 [DEBUG] [org.gradle.launcher.daemon.server.DaemonStateCoordinator] daemon is running. Sleeping until state changes.
2022-07-23T21:28:59.762+0900 [DEBUG] [org.gradle.launcher.daemon.server.exec.ReturnResult] Daemon is dispatching the build result: Success[value=org.gradle.launcher.exec.BuildActionResult@737c0fd5]
2022-07-23T21:28:59.763+0900 [DEBUG] [org.gradle.launcher.daemon.server.SynchronizedDispatchConnection] thread 243: dispatching Success[value=org.gradle.launcher.exec.BuildActionResult@737c0fd5]
2022-07-23T21:28:59.763+0900 [DEBUG] [org.gradle.launcher.daemon.server.DefaultIncomingConnectionHandler] Finishing executing command: Build{id=703a1dae-b7cf-4341-aa59-51edc7ceeba6, currentDir=/Users/anseon-yeong/euphony-listener}
2022-07-23T21:28:59.763+0900 [DEBUG] [org.gradle.launcher.daemon.server.SynchronizedDispatchConnection] thread 434: received class org.gradle.launcher.daemon.protocol.Finished
2022-07-23T21:28:59.763+0900 [DEBUG] [org.gradle.launcher.daemon.server.DefaultDaemonConnection] thread 434: Received non-IO message from client: org.gradle.launcher.daemon.protocol.Finished@34048a06
2022-07-23T21:28:59.763+0900 [DEBUG] [org.gradle.launcher.daemon.server.DefaultIncomingConnectionHandler] Received finished message: org.gradle.launcher.daemon.protocol.Finished@34048a06
2022-07-23T21:28:59.764+0900 [DEBUG] [org.gradle.internal.remote.internal.inet.SocketConnection] Discarding EOFException: java.io.EOFException
2022-07-23T21:28:59.764+0900 [DEBUG] [org.gradle.launcher.daemon.server.SynchronizedDispatchConnection] thread 243: stopping connection
2022-07-23T21:28:59.764+0900 [DEBUG] [org.gradle.launcher.daemon.server.SynchronizedDispatchConnection] thread 434: received null
2022-07-23T21:28:59.764+0900 [DEBUG] [org.gradle.launcher.daemon.server.DefaultDaemonConnection] thread 434: Received end-of-input from client.
2022-07-23T21:28:59.765+0900 [DEBUG] [org.gradle.launcher.daemon.server.SynchronizedDispatchConnection] thread 243: stopping connection
2022-07-23T21:29:04.152+0900 [DEBUG] [org.gradle.cache.internal.DefaultFileLockManager] Waiting to acquire shared lock on daemon addresses registry.
2022-07-23T21:29:04.152+0900 [DEBUG] [org.gradle.cache.internal.DefaultFileLockManager] Lock acquired on daemon addresses registry.
2022-07-23T21:29:04.152+0900 [DEBUG] [org.gradle.cache.internal.DefaultFileLockManager] Releasing lock on daemon addresses registry.
2022-07-23T21:29:04.153+0900 [DEBUG] [org.gradle.cache.internal.DefaultFileLockManager] Waiting to acquire shared lock on daemon addresses registry.
2022-07-23T21:29:04.153+0900 [DEBUG] [org.gradle.cache.internal.DefaultFileLockManager] Lock acquired on daemon addresses registry.
2022-07-23T21:29:04.153+0900 [DEBUG] [org.gradle.cache.internal.DefaultFileLockManager] Releasing lock on daemon addresses registry.
2022-07-23T21:29:14.152+0900 [DEBUG] [org.gradle.cache.internal.DefaultFileLockManager] Waiting to acquire shared lock on daemon addresses registry.
2022-07-23T21:29:14.152+0900 [DEBUG] [org.gradle.cache.internal.DefaultFileLockManager] Lock acquired on daemon addresses registry.
2022-07-23T21:29:14.152+0900 [DEBUG] [org.gradle.cache.internal.DefaultFileLockManager] Releasing lock on daemon addresses registry.
2022-07-23T21:29:14.152+0900 [DEBUG] [org.gradle.cache.internal.DefaultFileLockManager] Waiting to acquire shared lock on daemon addresses registry.
2022-07-23T21:29:14.152+0900 [DEBUG] [org.gradle.cache.internal.DefaultFileLockManager] Lock acquired on daemon addresses registry.
2022-07-23T21:29:14.153+0900 [DEBUG] [org.gradle.cache.internal.DefaultFileLockManager] Releasing lock on daemon addresses registry.
2022-07-23T21:29:14.153+0900 [DEBUG] [org.gradle.cache.internal.DefaultFileLockManager] Waiting to acquire shared lock on daemon addresses registry.
2022-07-23T21:29:14.153+0900 [DEBUG] [org.gradle.cache.internal.DefaultFileLockManager] Lock acquired on daemon addresses registry.
2022-07-23T21:29:14.153+0900 [DEBUG] [org.gradle.cache.internal.DefaultFileLockManager] Releasing lock on daemon addresses registry.
2022-07-23T21:29:24.152+0900 [DEBUG] [org.gradle.cache.internal.DefaultFileLockManager] Waiting to acquire shared lock on daemon addresses registry.
2022-07-23T21:29:24.152+0900 [DEBUG] [org.gradle.cache.internal.DefaultFileLockManager] Lock acquired on daemon addresses registry.
2022-07-23T21:29:24.152+0900 [DEBUG] [org.gradle.cache.internal.DefaultFileLockManager] Releasing lock on daemon addresses registry.
2022-07-23T21:29:24.152+0900 [DEBUG] [org.gradle.cache.internal.DefaultFileLockManager] Waiting to acquire shared lock on daemon addresses registry.
2022-07-23T21:29:24.152+0900 [DEBUG] [org.gradle.cache.internal.DefaultFileLockManager] Lock acquired on daemon addresses registry.
2022-07-23T21:29:24.153+0900 [DEBUG] [org.gradle.cache.internal.DefaultFileLockManager] Releasing lock on daemon addresses registry.
2022-07-23T21:29:24.153+0900 [DEBUG] [org.gradle.cache.internal.DefaultFileLockManager] Waiting to acquire shared lock on daemon addresses registry.
2022-07-23T21:29:24.153+0900 [DEBUG] [org.gradle.cache.internal.DefaultFileLockManager] Lock acquired on daemon addresses registry.
2022-07-23T21:29:24.153+0900 [DEBUG] [org.gradle.cache.internal.DefaultFileLockManager] Releasing lock on daemon addresses registry.
2022-07-23T21:29:34.150+0900 [DEBUG] [org.gradle.cache.internal.DefaultFileLockManager] Waiting to acquire shared lock on daemon addresses registry.
2022-07-23T21:29:34.150+0900 [DEBUG] [org.gradle.cache.internal.DefaultFileLockManager] Lock acquired on daemon addresses registry.
2022-07-23T21:29:34.151+0900 [DEBUG] [org.gradle.cache.internal.DefaultFileLockManager] Releasing lock on daemon addresses registry.
2022-07-23T21:29:34.151+0900 [DEBUG] [org.gradle.cache.internal.DefaultFileLockManager] Waiting to acquire shared lock on daemon addresses registry.
2022-07-23T21:29:34.151+0900 [DEBUG] [org.gradle.cache.internal.DefaultFileLockManager] Lock acquired on daemon addresses registry.
2022-07-23T21:29:34.151+0900 [DEBUG] [org.gradle.cache.internal.DefaultFileLockManager] Releasing lock on daemon addresses registry.
2022-07-23T21:29:34.152+0900 [DEBUG] [org.gradle.cache.internal.DefaultFileLockManager] Waiting to acquire shared lock on daemon addresses registry.
2022-07-23T21:29:34.152+0900 [DEBUG] [org.gradle.cache.internal.DefaultFileLockManager] Lock acquired on daemon addresses registry.
2022-07-23T21:29:34.152+0900 [DEBUG] [org.gradle.cache.internal.DefaultFileLockManager] Releasing lock on daemon addresses registry.
2022-07-23T21:29:44.151+0900 [DEBUG] [org.gradle.cache.internal.DefaultFileLockManager] Waiting to acquire shared lock on daemon addresses registry.
2022-07-23T21:29:44.151+0900 [DEBUG] [org.gradle.cache.internal.DefaultFileLockManager] Lock acquired on daemon addresses registry.
2022-07-23T21:29:44.151+0900 [DEBUG] [org.gradle.cache.internal.DefaultFileLockManager] Releasing lock on daemon addresses registry.
2022-07-23T21:29:44.152+0900 [DEBUG] [org.gradle.cache.internal.DefaultFileLockManager] Waiting to acquire shared lock on daemon addresses registry.
2022-07-23T21:29:44.152+0900 [DEBUG] [org.gradle.cache.internal.DefaultFileLockManager] Lock acquired on daemon addresses registry.
2022-07-23T21:29:44.152+0900 [DEBUG] [org.gradle.cache.internal.DefaultFileLockManager] Releasing lock on daemon addresses registry.
2022-07-23T21:29:44.152+0900 [DEBUG] [org.gradle.cache.internal.DefaultFileLockManager] Waiting to acquire shared lock on daemon addresses registry.
2022-07-23T21:29:44.153+0900 [DEBUG] [org.gradle.cache.internal.DefaultFileLockManager] Lock acquired on daemon addresses registry.
2022-07-23T21:29:44.153+0900 [DEBUG] [org.gradle.cache.internal.DefaultFileLockManager] Releasing lock on daemon addresses registry.
2022-07-23T21:29:54.150+0900 [DEBUG] [org.gradle.cache.internal.DefaultFileLockManager] Waiting to acquire shared lock on daemon addresses registry.
2022-07-23T21:29:54.150+0900 [DEBUG] [org.gradle.cache.internal.DefaultFileLockManager] Lock acquired on daemon addresses registry.
2022-07-23T21:29:54.150+0900 [DEBUG] [org.gradle.cache.internal.DefaultFileLockManager] Releasing lock on daemon addresses registry.
2022-07-23T21:29:54.150+0900 [DEBUG] [org.gradle.cache.internal.DefaultFileLockManager] Waiting to acquire shared lock on daemon addresses registry.
2022-07-23T21:29:54.150+0900 [DEBUG] [org.gradle.cache.internal.DefaultFileLockManager] Lock acquired on daemon addresses registry.
2022-07-23T21:29:54.151+0900 [DEBUG] [org.gradle.cache.internal.DefaultFileLockManager] Releasing lock on daemon addresses registry.
2022-07-23T21:29:54.151+0900 [DEBUG] [org.gradle.cache.internal.DefaultFileLockManager] Waiting to acquire shared lock on daemon addresses registry.
2022-07-23T21:29:54.151+0900 [DEBUG] [org.gradle.cache.internal.DefaultFileLockManager] Lock acquired on daemon addresses registry.
2022-07-23T21:29:54.151+0900 [DEBUG] [org.gradle.cache.internal.DefaultFileLockManager] Releasing lock on daemon addresses registry.
2022-07-23T21:30:04.149+0900 [DEBUG] [org.gradle.cache.internal.DefaultFileLockManager] Waiting to acquire shared lock on daemon addresses registry.
2022-07-23T21:30:04.149+0900 [DEBUG] [org.gradle.cache.internal.DefaultFileLockManager] Lock acquired on daemon addresses registry.
2022-07-23T21:30:04.150+0900 [DEBUG] [org.gradle.cache.internal.DefaultFileLockManager] Releasing lock on daemon addresses registry.
2022-07-23T21:30:04.150+0900 [DEBUG] [org.gradle.cache.internal.DefaultFileLockManager] Waiting to acquire shared lock on daemon addresses registry.
2022-07-23T21:30:04.151+0900 [DEBUG] [org.gradle.cache.internal.DefaultFileLockManager] Lock acquired on daemon addresses registry.
2022-07-23T21:30:04.151+0900 [DEBUG] [org.gradle.cache.internal.DefaultFileLockManager] Releasing lock on daemon addresses registry.
2022-07-23T21:30:04.151+0900 [DEBUG] [org.gradle.cache.internal.DefaultFileLockManager] Waiting to acquire shared lock on daemon addresses registry.
2022-07-23T21:30:04.151+0900 [DEBUG] [org.gradle.cache.internal.DefaultFileLockManager] Lock acquired on daemon addresses registry.
2022-07-23T21:30:04.151+0900 [DEBUG] [org.gradle.cache.internal.DefaultFileLockManager] Releasing lock on daemon addresses registry.
2022-07-23T21:30:14.149+0900 [DEBUG] [org.gradle.cache.internal.DefaultFileLockManager] Waiting to acquire shared lock on daemon addresses registry.
2022-07-23T21:30:14.150+0900 [DEBUG] [org.gradle.cache.internal.DefaultFileLockManager] Lock acquired on daemon addresses registry.
2022-07-23T21:30:14.150+0900 [DEBUG] [org.gradle.cache.internal.DefaultFileLockManager] Releasing lock on daemon addresses registry.
2022-07-23T21:30:14.151+0900 [DEBUG] [org.gradle.cache.internal.DefaultFileLockManager] Waiting to acquire shared lock on daemon addresses registry.
2022-07-23T21:30:14.151+0900 [DEBUG] [org.gradle.cache.internal.DefaultFileLockManager] Lock acquired on daemon addresses registry.
2022-07-23T21:30:14.151+0900 [DEBUG] [org.gradle.cache.internal.DefaultFileLockManager] Releasing lock on daemon addresses registry.
2022-07-23T21:30:14.151+0900 [DEBUG] [org.gradle.cache.internal.DefaultFileLockManager] Waiting to acquire shared lock on daemon addresses registry.
2022-07-23T21:30:14.151+0900 [DEBUG] [org.gradle.cache.internal.DefaultFileLockManager] Lock acquired on daemon addresses registry.
2022-07-23T21:30:14.152+0900 [DEBUG] [org.gradle.cache.internal.DefaultFileLockManager] Releasing lock on daemon addresses registry.
2022-07-23T21:30:23.481+0900 [DEBUG] [org.gradle.internal.remote.internal.inet.TcpIncomingConnector] Accepted connection from /127.0.0.1:50524 to /127.0.0.1:50364.
2022-07-23T21:30:23.483+0900 [DEBUG] [org.gradle.launcher.daemon.server.SynchronizedDispatchConnection] thread 626: received class org.gradle.launcher.daemon.protocol.StopWhenIdle
2022-07-23T21:30:23.483+0900 [DEBUG] [org.gradle.launcher.daemon.server.DefaultDaemonConnection] thread 626: Received non-IO message from client: StopWhenIdle[id=cbaad57c-c3ed-42b1-a792-43bbac25b7cc]
2022-07-23T21:30:23.484+0900 [INFO] [org.gradle.launcher.daemon.server.DefaultIncomingConnectionHandler] Received command: StopWhenIdle[id=cbaad57c-c3ed-42b1-a792-43bbac25b7cc].
2022-07-23T21:30:23.484+0900 [DEBUG] [org.gradle.launcher.daemon.server.DefaultIncomingConnectionHandler] Starting executing command: StopWhenIdle[id=cbaad57c-c3ed-42b1-a792-43bbac25b7cc] with connection: socket connection from /127.0.0.1:50364 to /127.0.0.1:50524.
2022-07-23T21:30:23.484+0900 [DEBUG] [org.gradle.launcher.daemon.server.DaemonRegistryUpdater] Storing daemon stop event: stop command received
2022-07-23T21:30:23.484+0900 [DEBUG] [org.gradle.launcher.daemon.registry.PersistentDaemonRegistry] Storing daemon stop event with timestamp 1658579423484
2022-07-23T21:30:23.485+0900 [DEBUG] [org.gradle.cache.internal.DefaultFileLockManager] Waiting to acquire exclusive lock on daemon addresses registry.
2022-07-23T21:30:23.485+0900 [DEBUG] [org.gradle.cache.internal.DefaultFileLockManager] Lock acquired on daemon addresses registry.
2022-07-23T21:30:23.486+0900 [DEBUG] [org.gradle.cache.internal.DefaultFileLockManager] Releasing lock on daemon addresses registry.
2022-07-23T21:30:23.486+0900 [LIFECYCLE] [org.gradle.launcher.daemon.server.DaemonStateCoordinator] Daemon will be stopped at the end of the build stop command received
2022-07-23T21:30:23.487+0900 [DEBUG] [org.gradle.launcher.daemon.server.DaemonStateCoordinator] Marking daemon stopped due to stop command received. The daemon is running a build: false
2022-07-23T21:30:23.487+0900 [DEBUG] [org.gradle.launcher.daemon.server.SynchronizedDispatchConnection] thread 625: dispatching Success[value=null]
2022-07-23T21:30:23.487+0900 [DEBUG] [org.gradle.launcher.daemon.server.DaemonStateCoordinator] daemon has stopped.
2022-07-23T21:30:23.487+0900 [DEBUG] [org.gradle.launcher.daemon.server.Daemon] stop() called on daemon
2022-07-23T21:30:23.487+0900 [INFO] [org.gradle.launcher.daemon.server.Daemon] Stop requested. Daemon is removing its presence from the registry...
2022-07-23T21:30:23.487+0900 [DEBUG] [org.gradle.launcher.daemon.server.DaemonRegistryUpdater] Removing our presence to clients, eg. removing this address from the registry: [84d884fb-ecf2-4914-bdbd-7cf1a440d870 port:50364, addresses:[localhost/127.0.0.1]]
2022-07-23T21:30:23.488+0900 [DEBUG] [org.gradle.launcher.daemon.registry.PersistentDaemonRegistry] Removing daemon address: [84d884fb-ecf2-4914-bdbd-7cf1a440d870 port:50364, addresses:[localhost/127.0.0.1]]
2022-07-23T21:30:23.488+0900 [DEBUG] [org.gradle.cache.internal.DefaultFileLockManager] Waiting to acquire exclusive lock on daemon addresses registry.
2022-07-23T21:30:23.489+0900 [DEBUG] [org.gradle.cache.internal.DefaultFileLockManager] Lock acquired on daemon addresses registry.
2022-07-23T21:30:23.489+0900 [DEBUG] [org.gradle.cache.internal.DefaultFileLockManager] Releasing lock on daemon addresses registry.
2022-07-23T21:30:23.487+0900 [DEBUG] [org.gradle.launcher.daemon.server.DefaultIncomingConnectionHandler] Finishing executing command: StopWhenIdle[id=cbaad57c-c3ed-42b1-a792-43bbac25b7cc]
2022-07-23T21:30:23.490+0900 [DEBUG] [org.gradle.launcher.daemon.server.DaemonRegistryUpdater] Address removed from registry.
2022-07-23T21:30:23.501+0900 [DEBUG] [org.gradle.launcher.daemon.server.SynchronizedDispatchConnection] thread 626: received class org.gradle.launcher.daemon.protocol.Finished
2022-07-23T21:30:23.501+0900 [DEBUG] [org.gradle.launcher.daemon.server.DefaultDaemonConnection] thread 626: Received non-IO message from client: org.gradle.launcher.daemon.protocol.Finished@68be96f2
2022-07-23T21:30:23.501+0900 [DEBUG] [org.gradle.launcher.daemon.server.DefaultIncomingConnectionHandler] Received finished message: org.gradle.launcher.daemon.protocol.Finished@68be96f2
2022-07-23T21:30:23.501+0900 [DEBUG] [org.gradle.launcher.daemon.server.SynchronizedDispatchConnection] thread 625: stopping connection
2022-07-23T21:30:23.501+0900 [DEBUG] [org.gradle.internal.remote.internal.inet.SocketConnection] Discarding EOFException: java.io.EOFException
2022-07-23T21:30:23.502+0900 [DEBUG] [org.gradle.launcher.daemon.server.SynchronizedDispatchConnection] thread 626: received null
2022-07-23T21:30:23.502+0900 [DEBUG] [org.gradle.launcher.daemon.server.DefaultDaemonConnection] thread 626: Received end-of-input from client.
2022-07-23T21:30:23.502+0900 [DEBUG] [org.gradle.launcher.daemon.server.SynchronizedDispatchConnection] thread 625: stopping connection
2022-07-23T21:30:23.503+0900 [DEBUG] [org.gradle.cache.internal.LockOnDemandCrossProcessCacheAccess] Releasing file lock for jars (/Users/anseon-yeong/wave-show-card-listener/app/caches/jars-9)
2022-07-23T21:30:23.503+0900 [DEBUG] [org.gradle.cache.internal.DefaultFileLockManager] Releasing lock on jars (/Users/anseon-yeong/wave-show-card-listener/app/caches/jars-9).
2022-07-23T21:30:23.504+0900 [DEBUG] [org.gradle.cache.internal.DefaultPersistentDirectoryStore] jars (/Users/anseon-yeong/wave-show-card-listener/app/caches/jars-9) has last been fully cleaned up 2 hours ago
2022-07-23T21:30:23.507+0900 [DEBUG] [org.gradle.cache.internal.LockOnDemandCrossProcessCacheAccess] Releasing file lock for file content cache (/Users/anseon-yeong/wave-show-card-listener/app/caches/7.3.3/fileContent)
2022-07-23T21:30:23.507+0900 [DEBUG] [org.gradle.cache.internal.DefaultFileLockManager] Releasing lock on file content cache (/Users/anseon-yeong/wave-show-card-listener/app/caches/7.3.3/fileContent).
2022-07-23T21:30:23.508+0900 [DEBUG] [org.gradle.internal.watch.vfs.impl.WatchingVirtualFileSystem] Closing VFS, dropping state
2022-07-23T21:30:23.509+0900 [DEBUG] [org.gradle.cache.internal.LockOnDemandCrossProcessCacheAccess] Releasing file lock for Artifact transforms cache (/Users/anseon-yeong/wave-show-card-listener/app/caches/transforms-3)
2022-07-23T21:30:23.509+0900 [DEBUG] [org.gradle.cache.internal.DefaultFileLockManager] Releasing lock on Artifact transforms cache (/Users/anseon-yeong/wave-show-card-listener/app/caches/transforms-3).
2022-07-23T21:30:23.509+0900 [DEBUG] [org.gradle.internal.watch.registry.impl.DefaultFileWatcherRegistry] Finished listening to file system change events
2022-07-23T21:30:23.509+0900 [DEBUG] [org.gradle.cache.internal.DefaultPersistentDirectoryStore] Artifact transforms cache (/Users/anseon-yeong/wave-show-card-listener/app/caches/transforms-3) has last been fully cleaned up 2 hours ago
2022-07-23T21:30:23.509+0900 [DEBUG] [org.gradle.cache.internal.LockOnDemandCrossProcessCacheAccess] Releasing file lock for artifact cache (/Users/anseon-yeong/wave-show-card-listener/app/caches/modules-2)
2022-07-23T21:30:23.510+0900 [DEBUG] [org.gradle.cache.internal.btree.BTreePersistentIndexedCache] Closing cache module-metadata.bin (/Users/anseon-yeong/wave-show-card-listener/app/caches/modules-2/metadata-2.97/module-metadata.bin)
2022-07-23T21:30:23.510+0900 [DEBUG] [org.gradle.cache.internal.btree.BTreePersistentIndexedCache] Closing cache module-artifact.bin (/Users/anseon-yeong/wave-show-card-listener/app/caches/modules-2/metadata-2.97/module-artifact.bin)
2022-07-23T21:30:23.510+0900 [DEBUG] [org.gradle.cache.internal.btree.BTreePersistentIndexedCache] Closing cache module-artifacts.bin (/Users/anseon-yeong/wave-show-card-listener/app/caches/modules-2/metadata-2.97/module-artifacts.bin)
2022-07-23T21:30:23.510+0900 [DEBUG] [org.gradle.cache.internal.DefaultFileLockManager] Releasing lock on artifact cache (/Users/anseon-yeong/wave-show-card-listener/app/caches/modules-2).
2022-07-23T21:30:23.511+0900 [DEBUG] [org.gradle.cache.internal.DefaultPersistentDirectoryStore] artifact cache (/Users/anseon-yeong/wave-show-card-listener/app/caches/modules-2) has last been fully cleaned up 2 hours ago
2022-07-23T21:30:23.511+0900 [DEBUG] [org.gradle.cache.internal.LockOnDemandCrossProcessCacheAccess] Releasing file lock for journal cache (/Users/anseon-yeong/wave-show-card-listener/app/caches/journal-1)
2022-07-23T21:30:23.511+0900 [DEBUG] [org.gradle.cache.internal.btree.BTreePersistentIndexedCache] Closing cache file-access.bin (/Users/anseon-yeong/wave-show-card-listener/app/caches/journal-1/file-access.bin)
2022-07-23T21:30:23.511+0900 [DEBUG] [org.gradle.cache.internal.DefaultFileLockManager] Releasing lock on journal cache (/Users/anseon-yeong/wave-show-card-listener/app/caches/journal-1).
2022-07-23T21:30:23.512+0900 [DEBUG] [org.gradle.cache.internal.LockOnDemandCrossProcessCacheAccess] Releasing file lock for file hash cache (/Users/anseon-yeong/wave-show-card-listener/app/caches/7.3.3/fileHashes)
2022-07-23T21:30:23.512+0900 [DEBUG] [org.gradle.cache.internal.btree.BTreePersistentIndexedCache] Closing cache fileHashes.bin (/Users/anseon-yeong/wave-show-card-listener/app/caches/7.3.3/fileHashes/fileHashes.bin)
2022-07-23T21:30:23.512+0900 [DEBUG] [org.gradle.cache.internal.btree.BTreePersistentIndexedCache] Closing cache resourceHashesCache.bin (/Users/anseon-yeong/wave-show-card-listener/app/caches/7.3.3/fileHashes/resourceHashesCache.bin)
2022-07-23T21:30:23.512+0900 [DEBUG] [org.gradle.cache.internal.DefaultFileLockManager] Releasing lock on file hash cache (/Users/anseon-yeong/wave-show-card-listener/app/caches/7.3.3/fileHashes).
2022-07-23T21:30:23.512+0900 [DEBUG] [org.gradle.cache.internal.DefaultCacheAccess] Cache Generated Gradle JARs cache (/Users/anseon-yeong/wave-show-card-listener/app/caches/7.3.3/generated-gradle-jars) was closed 0 times.
2022-07-23T21:30:23.513+0900 [DEBUG] [org.gradle.cache.internal.LockOnDemandCrossProcessCacheAccess] Releasing file lock for execution history cache (/Users/anseon-yeong/wave-show-card-listener/app/caches/7.3.3/executionHistory)
2022-07-23T21:30:23.513+0900 [DEBUG] [org.gradle.cache.internal.btree.BTreePersistentIndexedCache] Closing cache executionHistory.bin (/Users/anseon-yeong/wave-show-card-listener/app/caches/7.3.3/executionHistory/executionHistory.bin)
2022-07-23T21:30:23.513+0900 [DEBUG] [org.gradle.cache.internal.DefaultFileLockManager] Releasing lock on execution history cache (/Users/anseon-yeong/wave-show-card-listener/app/caches/7.3.3/executionHistory).
Daemon vm is shutting down... The daemon has exited normally or was terminated in response to a user interrupt.
2022-07-23T21:30:23.514+0900 [DEBUG] [org.gradle.launcher.daemon.registry.PersistentDaemonRegistry] Removing daemon address: [84d884fb-ecf2-4914-bdbd-7cf1a440d870 port:50364, addresses:[localhost/127.0.0.1]]
2022-07-23T21:30:23.515+0900 [DEBUG] [org.gradle.cache.internal.DefaultFileLockManager] Waiting to acquire exclusive lock on daemon addresses registry.
2022-07-23T21:30:23.515+0900 [DEBUG] [org.gradle.cache.internal.DefaultFileLockManager] Lock acquired on daemon addresses registry.
2022-07-23T21:30:23.515+0900 [DEBUG] [org.gradle.cache.internal.DefaultFileLockManager] Releasing lock on daemon addresses registry.
