2022-07-23T21:18:25.426+0900 [DEBUG] [org.gradle.launcher.daemon.bootstrap.DaemonMain] Assuming the daemon was started with following jvm opts: [--add-opens, java.base/java.util=ALL-UNNAMED, --add-opens, java.base/java.lang=ALL-UNNAMED, --add-opens, java.base/java.lang.invoke=ALL-UNNAMED, --add-opens, java.base/java.util=ALL-UNNAMED, --add-opens, java.prefs/java.util.prefs=ALL-UNNAMED, --add-opens, java.prefs/java.util.prefs=ALL-UNNAMED, --add-opens, java.base/java.nio.charset=ALL-UNNAMED, --add-opens, java.base/java.net=ALL-UNNAMED, --add-opens, java.base/java.util.concurrent.atomic=ALL-UNNAMED, -Xmx1536m, -Dfile.encoding=UTF-8, -Duser.country=KR, -Duser.language=ko, -Duser.variant]
2022-07-23T21:18:25.545+0900 [INFO] [org.gradle.launcher.daemon.server.Daemon] start() called on daemon - DefaultDaemonContext[uid=28d6a42a-c373-4563-9299-f12a2fc39838,javaHome=/Applications/Android Studio.app/Contents/jre/Contents/Home,daemonRegistryDir=/Users/anseon-yeong/wave-show-card-listener/app/daemon,pid=1755,idleTimeout=10800000,priority=NORMAL,daemonOpts=--add-opens,java.base/java.util=ALL-UNNAMED,--add-opens,java.base/java.lang=ALL-UNNAMED,--add-opens,java.base/java.lang.invoke=ALL-UNNAMED,--add-opens,java.base/java.util=ALL-UNNAMED,--add-opens,java.prefs/java.util.prefs=ALL-UNNAMED,--add-opens,java.prefs/java.util.prefs=ALL-UNNAMED,--add-opens,java.base/java.nio.charset=ALL-UNNAMED,--add-opens,java.base/java.net=ALL-UNNAMED,--add-opens,java.base/java.util.concurrent.atomic=ALL-UNNAMED,-Xmx1536m,-Dfile.encoding=UTF-8,-Duser.country=KR,-Duser.language=ko,-Duser.variant]
2022-07-23T21:18:25.576+0900 [DEBUG] [org.gradle.internal.remote.internal.inet.InetAddresses] Adding IP addresses for network interface utun3
2022-07-23T21:18:25.576+0900 [DEBUG] [org.gradle.internal.remote.internal.inet.InetAddresses] Is this a loopback interface? false
2022-07-23T21:18:25.577+0900 [DEBUG] [org.gradle.internal.remote.internal.inet.InetAddresses] Adding remote address /fe80:0:0:0:1aad:f1ef:1094:5bad%utun3
2022-07-23T21:18:25.577+0900 [DEBUG] [org.gradle.internal.remote.internal.inet.InetAddresses] Adding IP addresses for network interface utun2
2022-07-23T21:18:25.577+0900 [DEBUG] [org.gradle.internal.remote.internal.inet.InetAddresses] Is this a loopback interface? false
2022-07-23T21:18:25.578+0900 [DEBUG] [org.gradle.internal.remote.internal.inet.InetAddresses] Adding remote address /fe80:0:0:0:c4ae:f415:751d:157%utun2
2022-07-23T21:18:25.578+0900 [DEBUG] [org.gradle.internal.remote.internal.inet.InetAddresses] Adding IP addresses for network interface utun1
2022-07-23T21:18:25.578+0900 [DEBUG] [org.gradle.internal.remote.internal.inet.InetAddresses] Is this a loopback interface? false
2022-07-23T21:18:25.578+0900 [DEBUG] [org.gradle.internal.remote.internal.inet.InetAddresses] Adding remote address /fe80:0:0:0:dbcf:66af:563a:76a2%utun1
2022-07-23T21:18:25.579+0900 [DEBUG] [org.gradle.internal.remote.internal.inet.InetAddresses] Adding IP addresses for network interface utun0
2022-07-23T21:18:25.579+0900 [DEBUG] [org.gradle.internal.remote.internal.inet.InetAddresses] Is this a loopback interface? false
2022-07-23T21:18:25.579+0900 [DEBUG] [org.gradle.internal.remote.internal.inet.InetAddresses] Adding remote address /fe80:0:0:0:837e:dea:3ae:8162%utun0
2022-07-23T21:18:25.579+0900 [DEBUG] [org.gradle.internal.remote.internal.inet.InetAddresses] Adding IP addresses for network interface llw0
2022-07-23T21:18:25.580+0900 [DEBUG] [org.gradle.internal.remote.internal.inet.InetAddresses] Is this a loopback interface? false
2022-07-23T21:18:25.580+0900 [DEBUG] [org.gradle.internal.remote.internal.inet.InetAddresses] Adding remote address /fe80:0:0:0:b049:69ff:fe7a:6192%llw0
2022-07-23T21:18:25.580+0900 [DEBUG] [org.gradle.internal.remote.internal.inet.InetAddresses] Adding IP addresses for network interface awdl0
2022-07-23T21:18:25.580+0900 [DEBUG] [org.gradle.internal.remote.internal.inet.InetAddresses] Is this a loopback interface? false
2022-07-23T21:18:25.581+0900 [DEBUG] [org.gradle.internal.remote.internal.inet.InetAddresses] Adding remote address /fe80:0:0:0:b049:69ff:fe7a:6192%awdl0
2022-07-23T21:18:25.581+0900 [DEBUG] [org.gradle.internal.remote.internal.inet.InetAddresses] Adding IP addresses for network interface en5
2022-07-23T21:18:25.581+0900 [DEBUG] [org.gradle.internal.remote.internal.inet.InetAddresses] Is this a loopback interface? false
2022-07-23T21:18:25.581+0900 [DEBUG] [org.gradle.internal.remote.internal.inet.InetAddresses] Adding remote address /fe80:0:0:0:aede:48ff:fe00:1122%en5
2022-07-23T21:18:25.582+0900 [DEBUG] [org.gradle.internal.remote.internal.inet.InetAddresses] Adding IP addresses for network interface en0
2022-07-23T21:18:25.582+0900 [DEBUG] [org.gradle.internal.remote.internal.inet.InetAddresses] Is this a loopback interface? false
2022-07-23T21:18:25.582+0900 [DEBUG] [org.gradle.internal.remote.internal.inet.InetAddresses] Adding remote address /fe80:0:0:0:873:fd4c:ae4b:789a%en0
2022-07-23T21:18:25.582+0900 [DEBUG] [org.gradle.internal.remote.internal.inet.InetAddresses] Adding remote address /192.168.200.150
2022-07-23T21:18:25.583+0900 [DEBUG] [org.gradle.internal.remote.internal.inet.InetAddresses] Adding IP addresses for network interface lo0
2022-07-23T21:18:25.583+0900 [DEBUG] [org.gradle.internal.remote.internal.inet.InetAddresses] Is this a loopback interface? true
2022-07-23T21:18:25.583+0900 [DEBUG] [org.gradle.internal.remote.internal.inet.InetAddresses] Ignoring remote address on loopback interface /fe80:0:0:0:0:0:0:1%lo0
2022-07-23T21:18:25.583+0900 [DEBUG] [org.gradle.internal.remote.internal.inet.InetAddresses] Adding loopback address /0:0:0:0:0:0:0:1%lo0
2022-07-23T21:18:25.584+0900 [DEBUG] [org.gradle.internal.remote.internal.inet.InetAddresses] Adding loopback address /127.0.0.1
2022-07-23T21:18:25.587+0900 [DEBUG] [org.gradle.internal.remote.internal.inet.TcpIncomingConnector] Listening on [0b5a199d-beca-49ee-90e2-10d7cc661710 port:50021, addresses:[localhost/127.0.0.1]].
2022-07-23T21:18:25.595+0900 [DEBUG] [org.gradle.launcher.daemon.server.Daemon] Daemon starting at: Sat Jul 23 21:18:25 KST 2022, with address: [0b5a199d-beca-49ee-90e2-10d7cc661710 port:50021, addresses:[localhost/127.0.0.1]]
2022-07-23T21:18:25.595+0900 [INFO] [org.gradle.launcher.daemon.server.DaemonRegistryUpdater] Advertising the daemon address to the clients: [0b5a199d-beca-49ee-90e2-10d7cc661710 port:50021, addresses:[localhost/127.0.0.1]]
2022-07-23T21:18:25.595+0900 [DEBUG] [org.gradle.launcher.daemon.server.DaemonRegistryUpdater] Advertised daemon context: DefaultDaemonContext[uid=28d6a42a-c373-4563-9299-f12a2fc39838,javaHome=/Applications/Android Studio.app/Contents/jre/Contents/Home,daemonRegistryDir=/Users/anseon-yeong/wave-show-card-listener/app/daemon,pid=1755,idleTimeout=10800000,priority=NORMAL,daemonOpts=--add-opens,java.base/java.util=ALL-UNNAMED,--add-opens,java.base/java.lang=ALL-UNNAMED,--add-opens,java.base/java.lang.invoke=ALL-UNNAMED,--add-opens,java.base/java.util=ALL-UNNAMED,--add-opens,java.prefs/java.util.prefs=ALL-UNNAMED,--add-opens,java.prefs/java.util.prefs=ALL-UNNAMED,--add-opens,java.base/java.nio.charset=ALL-UNNAMED,--add-opens,java.base/java.net=ALL-UNNAMED,--add-opens,java.base/java.util.concurrent.atomic=ALL-UNNAMED,-Xmx1536m,-Dfile.encoding=UTF-8,-Duser.country=KR,-Duser.language=ko,-Duser.variant]
2022-07-23T21:18:25.596+0900 [DEBUG] [org.gradle.launcher.daemon.registry.PersistentDaemonRegistry] Storing daemon address: [0b5a199d-beca-49ee-90e2-10d7cc661710 port:50021, addresses:[localhost/127.0.0.1]], context: DefaultDaemonContext[uid=28d6a42a-c373-4563-9299-f12a2fc39838,javaHome=/Applications/Android Studio.app/Contents/jre/Contents/Home,daemonRegistryDir=/Users/anseon-yeong/wave-show-card-listener/app/daemon,pid=1755,idleTimeout=10800000,priority=NORMAL,daemonOpts=--add-opens,java.base/java.util=ALL-UNNAMED,--add-opens,java.base/java.lang=ALL-UNNAMED,--add-opens,java.base/java.lang.invoke=ALL-UNNAMED,--add-opens,java.base/java.util=ALL-UNNAMED,--add-opens,java.prefs/java.util.prefs=ALL-UNNAMED,--add-opens,java.prefs/java.util.prefs=ALL-UNNAMED,--add-opens,java.base/java.nio.charset=ALL-UNNAMED,--add-opens,java.base/java.net=ALL-UNNAMED,--add-opens,java.base/java.util.concurrent.atomic=ALL-UNNAMED,-Xmx1536m,-Dfile.encoding=UTF-8,-Duser.country=KR,-Duser.language=ko,-Duser.variant]
2022-07-23T21:18:25.603+0900 [DEBUG] [org.gradle.cache.internal.DefaultFileLockManager] Waiting to acquire exclusive lock on daemon addresses registry.
2022-07-23T21:18:25.606+0900 [DEBUG] [org.gradle.cache.internal.DefaultFileLockManager] Lock acquired on daemon addresses registry.
2022-07-23T21:18:25.610+0900 [DEBUG] [org.gradle.cache.internal.DefaultFileLockManager] Releasing lock on daemon addresses registry.
2022-07-23T21:18:25.610+0900 [LIFECYCLE] [org.gradle.launcher.daemon.server.Daemon] Daemon server started.
2022-07-23T21:18:25.611+0900 [DEBUG] [org.gradle.launcher.daemon.bootstrap.DaemonStartupCommunication] Completed writing the daemon greeting. Closing streams...
2022-07-23T21:18:25.615+0900 [DEBUG] [org.gradle.launcher.daemon.server.Daemon] stopOnExpiration() called on daemon
2022-07-23T21:18:25.615+0900 [DEBUG] [org.gradle.internal.remote.internal.inet.TcpIncomingConnector] Accepted connection from /127.0.0.1:50022 to /127.0.0.1:50021.
2022-07-23T21:18:25.617+0900 [DEBUG] [org.gradle.launcher.daemon.server.Daemon] awaitExpiration() called on daemon
2022-07-23T21:18:25.618+0900 [DEBUG] [org.gradle.launcher.daemon.server.DaemonStateCoordinator] daemon is running. Sleeping until state changes.
2022-07-23T21:18:25.648+0900 [DEBUG] [org.gradle.launcher.daemon.server.SynchronizedDispatchConnection] thread 27: received class org.gradle.launcher.daemon.protocol.Build
2022-07-23T21:18:25.648+0900 [DEBUG] [org.gradle.launcher.daemon.server.DefaultDaemonConnection] thread 27: Received non-IO message from client: Build{id=8754b6bd-011e-4a61-9755-73300def0ee1, currentDir=/Users/anseon-yeong/euphony-listener}
2022-07-23T21:18:25.649+0900 [INFO] [org.gradle.launcher.daemon.server.DefaultIncomingConnectionHandler] Received command: Build{id=8754b6bd-011e-4a61-9755-73300def0ee1, currentDir=/Users/anseon-yeong/euphony-listener}.
2022-07-23T21:18:25.649+0900 [DEBUG] [org.gradle.launcher.daemon.server.DefaultIncomingConnectionHandler] Starting executing command: Build{id=8754b6bd-011e-4a61-9755-73300def0ee1, currentDir=/Users/anseon-yeong/euphony-listener} with connection: socket connection from /127.0.0.1:50021 to /127.0.0.1:50022.
2022-07-23T21:18:25.652+0900 [DEBUG] [org.gradle.launcher.daemon.server.DaemonStateCoordinator] Command execution: started DaemonCommandExecution[command = Build{id=8754b6bd-011e-4a61-9755-73300def0ee1, currentDir=/Users/anseon-yeong/euphony-listener}, connection = DefaultDaemonConnection: socket connection from /127.0.0.1:50021 to /127.0.0.1:50022] after 0.0 minutes of idle
2022-07-23T21:18:25.652+0900 [INFO] [org.gradle.launcher.daemon.server.DaemonRegistryUpdater] Marking the daemon as busy, address: [0b5a199d-beca-49ee-90e2-10d7cc661710 port:50021, addresses:[localhost/127.0.0.1]]
2022-07-23T21:18:25.652+0900 [DEBUG] [org.gradle.launcher.daemon.registry.PersistentDaemonRegistry] Marking busy by address: [0b5a199d-beca-49ee-90e2-10d7cc661710 port:50021, addresses:[localhost/127.0.0.1]]
2022-07-23T21:18:25.653+0900 [DEBUG] [org.gradle.cache.internal.DefaultFileLockManager] Waiting to acquire exclusive lock on daemon addresses registry.
2022-07-23T21:18:25.653+0900 [DEBUG] [org.gradle.cache.internal.DefaultFileLockManager] Lock acquired on daemon addresses registry.
2022-07-23T21:18:25.654+0900 [DEBUG] [org.gradle.cache.internal.DefaultFileLockManager] Releasing lock on daemon addresses registry.
2022-07-23T21:18:25.654+0900 [DEBUG] [org.gradle.launcher.daemon.server.DaemonStateCoordinator] resetting idle timer
2022-07-23T21:18:25.654+0900 [DEBUG] [org.gradle.launcher.daemon.server.DaemonStateCoordinator] daemon is running. Sleeping until state changes.
2022-07-23T21:18:25.655+0900 [INFO] [org.gradle.launcher.daemon.server.exec.StartBuildOrRespondWithBusy] Daemon is about to start building Build{id=8754b6bd-011e-4a61-9755-73300def0ee1, currentDir=/Users/anseon-yeong/euphony-listener}. Dispatching build started information...
2022-07-23T21:18:25.655+0900 [DEBUG] [org.gradle.launcher.daemon.server.SynchronizedDispatchConnection] thread 29: dispatching org.gradle.launcher.daemon.protocol.BuildStarted@223dadda
2022-07-23T21:18:25.656+0900 [DEBUG] [org.gradle.launcher.daemon.server.SynchronizedDispatchConnection] thread 27: received class org.gradle.launcher.daemon.protocol.CloseInput
2022-07-23T21:18:25.656+0900 [DEBUG] [org.gradle.launcher.daemon.server.DefaultDaemonConnection] thread 27: Received IO message from client: org.gradle.launcher.daemon.protocol.CloseInput@7c2db30e
2022-07-23T21:18:25.657+0900 [DEBUG] [org.gradle.launcher.daemon.server.exec.EstablishBuildEnvironment] Configuring env variables: [PATH, CONDA_DEFAULT_ENV, CONDA_EXE, JAVA_HOME, CONDA_PYTHON_EXE, COMMAND_MODE, CONDA_PREFIX, DISPLAY, NVM_INC, _CE_M, LOGNAME, XPC_SERVICE_NAME, CONDA_SHLVL, __CFBundleIdentifier, NVM_CD_FLAGS, NVM_DIR, SHELL, PAGER, LSCOLORS, OLDPWD, USER, ZSH, TMPDIR, SSH_AUTH_SOCK, _CE_CONDA, XPC_FLAGS, __CF_USER_TEXT_ENCODING, CONDA_PROMPT_MODIFIER, LESS, LC_CTYPE, NVM_BIN, HOME]
2022-07-23T21:18:25.660+0900 [DEBUG] [org.gradle.launcher.daemon.server.exec.LogToClient] About to start relaying all logs to the client via the connection.
2022-07-23T21:18:25.661+0900 [INFO] [org.gradle.launcher.daemon.server.exec.LogToClient] The client will now receive all logging from the daemon (pid: 1755). The daemon log file: /Users/anseon-yeong/wave-show-card-listener/app/daemon/7.3.3/daemon-1755.out.log
2022-07-23T21:18:25.663+0900 [INFO] [org.gradle.launcher.daemon.server.exec.LogAndCheckHealth] Starting build in new daemon [memory: 1.5 GiB]
2022-07-23T21:18:25.663+0900 [INFO] [org.gradle.launcher.daemon.server.exec.ForwardClientInput] Closing daemon's stdin at end of input.
2022-07-23T21:18:25.663+0900 [INFO] [org.gradle.launcher.daemon.server.exec.ForwardClientInput] The daemon will no longer process any standard input.
2022-07-23T21:18:25.667+0900 [DEBUG] [org.gradle.launcher.daemon.server.exec.ExecuteBuild] The daemon has started executing the build.
2022-07-23T21:18:25.667+0900 [DEBUG] [org.gradle.launcher.daemon.server.exec.ExecuteBuild] Executing build with daemon context: DefaultDaemonContext[uid=28d6a42a-c373-4563-9299-f12a2fc39838,javaHome=/Applications/Android Studio.app/Contents/jre/Contents/Home,daemonRegistryDir=/Users/anseon-yeong/wave-show-card-listener/app/daemon,pid=1755,idleTimeout=10800000,priority=NORMAL,daemonOpts=--add-opens,java.base/java.util=ALL-UNNAMED,--add-opens,java.base/java.lang=ALL-UNNAMED,--add-opens,java.base/java.lang.invoke=ALL-UNNAMED,--add-opens,java.base/java.util=ALL-UNNAMED,--add-opens,java.prefs/java.util.prefs=ALL-UNNAMED,--add-opens,java.prefs/java.util.prefs=ALL-UNNAMED,--add-opens,java.base/java.nio.charset=ALL-UNNAMED,--add-opens,java.base/java.net=ALL-UNNAMED,--add-opens,java.base/java.util.concurrent.atomic=ALL-UNNAMED,-Xmx1536m,-Dfile.encoding=UTF-8,-Duser.country=KR,-Duser.language=ko,-Duser.variant]
AGPBI: {"kind":"warning","text":"The specified Android SDK Build Tools version (29.0.2) is ignored, as it is below the minimum supported version (30.0.3) for Android Gradle Plugin 7.2.1.\nAndroid SDK Build Tools 30.0.3 will be used.\nTo suppress this warning, remove \"buildToolsVersion '29.0.2'\" from your build.gradle file, as each version of the Android Gradle Plugin now has a default version of the build tools.","sources":[{}]}

Deprecated Gradle features were used in this build, making it incompatible with Gradle 8.0.

You can use '--warning-mode all' to show the individual deprecation warnings and determine if they come from your own scripts or plugins.

See https://docs.gradle.org/7.3.3/userguide/command_line_interface.html#sec:command_line_warnings

BUILD SUCCESSFUL in 7s
30 actionable tasks: 30 up-to-date
2022-07-23T21:18:31.794+0900 [DEBUG] [org.gradle.launcher.daemon.server.exec.ExecuteBuild] The daemon has finished executing the build.
2022-07-23T21:18:31.807+0900 [DEBUG] [org.gradle.launcher.daemon.server.DaemonStateCoordinator] daemon is running. Sleeping until state changes.
2022-07-23T21:18:31.807+0900 [DEBUG] [org.gradle.launcher.daemon.server.DaemonStateCoordinator] Command execution: finished waiting for DaemonCommandExecution[command = Build{id=8754b6bd-011e-4a61-9755-73300def0ee1, currentDir=/Users/anseon-yeong/euphony-listener}, connection = DefaultDaemonConnection: socket connection from /127.0.0.1:50021 to /127.0.0.1:50022]. Result org.gradle.launcher.daemon.server.DaemonStateCoordinator@7df41c4b with state Busy
2022-07-23T21:18:31.807+0900 [DEBUG] [org.gradle.launcher.daemon.server.DaemonStateCoordinator] Command execution: completed DaemonCommandExecution[command = Build{id=8754b6bd-011e-4a61-9755-73300def0ee1, currentDir=/Users/anseon-yeong/euphony-listener}, connection = DefaultDaemonConnection: socket connection from /127.0.0.1:50021 to /127.0.0.1:50022]
2022-07-23T21:18:31.807+0900 [DEBUG] [org.gradle.launcher.daemon.server.DaemonStateCoordinator] resetting idle timer
2022-07-23T21:18:31.807+0900 [INFO] [org.gradle.launcher.daemon.server.DaemonRegistryUpdater] Marking the daemon as idle, address: [0b5a199d-beca-49ee-90e2-10d7cc661710 port:50021, addresses:[localhost/127.0.0.1]]
2022-07-23T21:18:31.807+0900 [DEBUG] [org.gradle.launcher.daemon.registry.PersistentDaemonRegistry] Marking busy by address: [0b5a199d-beca-49ee-90e2-10d7cc661710 port:50021, addresses:[localhost/127.0.0.1]]
2022-07-23T21:18:31.808+0900 [DEBUG] [org.gradle.cache.internal.DefaultFileLockManager] Waiting to acquire exclusive lock on daemon addresses registry.
2022-07-23T21:18:31.808+0900 [DEBUG] [org.gradle.cache.internal.DefaultFileLockManager] Lock acquired on daemon addresses registry.
2022-07-23T21:18:31.808+0900 [DEBUG] [org.gradle.cache.internal.DefaultFileLockManager] Releasing lock on daemon addresses registry.
2022-07-23T21:18:31.809+0900 [DEBUG] [org.gradle.launcher.daemon.server.DaemonStateCoordinator] daemon is running. Sleeping until state changes.
2022-07-23T21:18:31.809+0900 [DEBUG] [org.gradle.launcher.daemon.server.exec.ReturnResult] Daemon is dispatching the build result: Success[value=org.gradle.launcher.exec.BuildActionResult@1578070c]
2022-07-23T21:18:31.809+0900 [DEBUG] [org.gradle.launcher.daemon.server.SynchronizedDispatchConnection] thread 26: dispatching Success[value=org.gradle.launcher.exec.BuildActionResult@1578070c]
2022-07-23T21:18:31.809+0900 [DEBUG] [org.gradle.launcher.daemon.server.DefaultIncomingConnectionHandler] Finishing executing command: Build{id=8754b6bd-011e-4a61-9755-73300def0ee1, currentDir=/Users/anseon-yeong/euphony-listener}
2022-07-23T21:18:31.810+0900 [DEBUG] [org.gradle.launcher.daemon.server.SynchronizedDispatchConnection] thread 27: received class org.gradle.launcher.daemon.protocol.Finished
2022-07-23T21:18:31.810+0900 [DEBUG] [org.gradle.launcher.daemon.server.DefaultDaemonConnection] thread 27: Received non-IO message from client: org.gradle.launcher.daemon.protocol.Finished@6849c64f
2022-07-23T21:18:31.810+0900 [DEBUG] [org.gradle.launcher.daemon.server.DefaultIncomingConnectionHandler] Received finished message: org.gradle.launcher.daemon.protocol.Finished@6849c64f
2022-07-23T21:18:31.810+0900 [DEBUG] [org.gradle.launcher.daemon.server.SynchronizedDispatchConnection] thread 26: stopping connection
2022-07-23T21:18:31.810+0900 [DEBUG] [org.gradle.internal.remote.internal.inet.SocketConnection] Discarding EOFException: java.io.EOFException
2022-07-23T21:18:31.810+0900 [DEBUG] [org.gradle.launcher.daemon.server.SynchronizedDispatchConnection] thread 27: received null
2022-07-23T21:18:31.810+0900 [DEBUG] [org.gradle.launcher.daemon.server.DefaultDaemonConnection] thread 27: Received end-of-input from client.
2022-07-23T21:18:31.812+0900 [DEBUG] [org.gradle.launcher.daemon.server.SynchronizedDispatchConnection] thread 26: stopping connection
2022-07-23T21:18:35.621+0900 [DEBUG] [org.gradle.cache.internal.DefaultFileLockManager] Waiting to acquire shared lock on daemon addresses registry.
2022-07-23T21:18:35.622+0900 [DEBUG] [org.gradle.cache.internal.DefaultFileLockManager] Lock acquired on daemon addresses registry.
2022-07-23T21:18:35.622+0900 [DEBUG] [org.gradle.cache.internal.DefaultFileLockManager] Releasing lock on daemon addresses registry.
2022-07-23T21:18:35.622+0900 [DEBUG] [org.gradle.cache.internal.DefaultFileLockManager] Waiting to acquire shared lock on daemon addresses registry.
2022-07-23T21:18:35.622+0900 [DEBUG] [org.gradle.cache.internal.DefaultFileLockManager] Lock acquired on daemon addresses registry.
2022-07-23T21:18:35.622+0900 [DEBUG] [org.gradle.cache.internal.DefaultFileLockManager] Releasing lock on daemon addresses registry.
2022-07-23T21:18:45.617+0900 [DEBUG] [org.gradle.cache.internal.DefaultFileLockManager] Waiting to acquire shared lock on daemon addresses registry.
2022-07-23T21:18:45.618+0900 [DEBUG] [org.gradle.cache.internal.DefaultFileLockManager] Lock acquired on daemon addresses registry.
2022-07-23T21:18:45.618+0900 [DEBUG] [org.gradle.cache.internal.DefaultFileLockManager] Releasing lock on daemon addresses registry.
2022-07-23T21:18:45.618+0900 [DEBUG] [org.gradle.cache.internal.DefaultFileLockManager] Waiting to acquire shared lock on daemon addresses registry.
2022-07-23T21:18:45.619+0900 [DEBUG] [org.gradle.cache.internal.DefaultFileLockManager] Lock acquired on daemon addresses registry.
2022-07-23T21:18:45.619+0900 [DEBUG] [org.gradle.cache.internal.DefaultFileLockManager] Releasing lock on daemon addresses registry.
2022-07-23T21:18:45.619+0900 [DEBUG] [org.gradle.cache.internal.DefaultFileLockManager] Waiting to acquire shared lock on daemon addresses registry.
2022-07-23T21:18:45.619+0900 [DEBUG] [org.gradle.cache.internal.DefaultFileLockManager] Lock acquired on daemon addresses registry.
2022-07-23T21:18:45.619+0900 [DEBUG] [org.gradle.cache.internal.DefaultFileLockManager] Releasing lock on daemon addresses registry.
2022-07-23T21:18:55.620+0900 [DEBUG] [org.gradle.cache.internal.DefaultFileLockManager] Waiting to acquire shared lock on daemon addresses registry.
2022-07-23T21:18:55.620+0900 [DEBUG] [org.gradle.cache.internal.DefaultFileLockManager] Lock acquired on daemon addresses registry.
2022-07-23T21:18:55.620+0900 [DEBUG] [org.gradle.cache.internal.DefaultFileLockManager] Releasing lock on daemon addresses registry.
2022-07-23T21:18:55.621+0900 [DEBUG] [org.gradle.cache.internal.DefaultFileLockManager] Waiting to acquire shared lock on daemon addresses registry.
2022-07-23T21:18:55.621+0900 [DEBUG] [org.gradle.cache.internal.DefaultFileLockManager] Lock acquired on daemon addresses registry.
2022-07-23T21:18:55.621+0900 [DEBUG] [org.gradle.cache.internal.DefaultFileLockManager] Releasing lock on daemon addresses registry.
2022-07-23T21:18:55.621+0900 [DEBUG] [org.gradle.cache.internal.DefaultFileLockManager] Waiting to acquire shared lock on daemon addresses registry.
2022-07-23T21:18:55.621+0900 [DEBUG] [org.gradle.cache.internal.DefaultFileLockManager] Lock acquired on daemon addresses registry.
2022-07-23T21:18:55.621+0900 [DEBUG] [org.gradle.cache.internal.DefaultFileLockManager] Releasing lock on daemon addresses registry.
2022-07-23T21:19:05.619+0900 [DEBUG] [org.gradle.cache.internal.DefaultFileLockManager] Waiting to acquire shared lock on daemon addresses registry.
2022-07-23T21:19:05.619+0900 [DEBUG] [org.gradle.cache.internal.DefaultFileLockManager] Lock acquired on daemon addresses registry.
2022-07-23T21:19:05.619+0900 [DEBUG] [org.gradle.cache.internal.DefaultFileLockManager] Releasing lock on daemon addresses registry.
2022-07-23T21:19:05.619+0900 [DEBUG] [org.gradle.cache.internal.DefaultFileLockManager] Waiting to acquire shared lock on daemon addresses registry.
2022-07-23T21:19:05.620+0900 [DEBUG] [org.gradle.cache.internal.DefaultFileLockManager] Lock acquired on daemon addresses registry.
2022-07-23T21:19:05.620+0900 [DEBUG] [org.gradle.cache.internal.DefaultFileLockManager] Releasing lock on daemon addresses registry.
2022-07-23T21:19:05.620+0900 [DEBUG] [org.gradle.cache.internal.DefaultFileLockManager] Waiting to acquire shared lock on daemon addresses registry.
2022-07-23T21:19:05.620+0900 [DEBUG] [org.gradle.cache.internal.DefaultFileLockManager] Lock acquired on daemon addresses registry.
2022-07-23T21:19:05.620+0900 [DEBUG] [org.gradle.cache.internal.DefaultFileLockManager] Releasing lock on daemon addresses registry.
2022-07-23T21:19:15.620+0900 [DEBUG] [org.gradle.cache.internal.DefaultFileLockManager] Waiting to acquire shared lock on daemon addresses registry.
2022-07-23T21:19:15.620+0900 [DEBUG] [org.gradle.cache.internal.DefaultFileLockManager] Lock acquired on daemon addresses registry.
2022-07-23T21:19:15.620+0900 [DEBUG] [org.gradle.cache.internal.DefaultFileLockManager] Releasing lock on daemon addresses registry.
2022-07-23T21:19:15.621+0900 [DEBUG] [org.gradle.cache.internal.DefaultFileLockManager] Waiting to acquire shared lock on daemon addresses registry.
2022-07-23T21:19:15.621+0900 [DEBUG] [org.gradle.cache.internal.DefaultFileLockManager] Lock acquired on daemon addresses registry.
2022-07-23T21:19:15.621+0900 [DEBUG] [org.gradle.cache.internal.DefaultFileLockManager] Releasing lock on daemon addresses registry.
2022-07-23T21:19:15.621+0900 [DEBUG] [org.gradle.cache.internal.DefaultFileLockManager] Waiting to acquire shared lock on daemon addresses registry.
2022-07-23T21:19:15.621+0900 [DEBUG] [org.gradle.cache.internal.DefaultFileLockManager] Lock acquired on daemon addresses registry.
2022-07-23T21:19:15.621+0900 [DEBUG] [org.gradle.cache.internal.DefaultFileLockManager] Releasing lock on daemon addresses registry.
2022-07-23T21:19:25.618+0900 [DEBUG] [org.gradle.cache.internal.DefaultFileLockManager] Waiting to acquire shared lock on daemon addresses registry.
2022-07-23T21:19:25.618+0900 [DEBUG] [org.gradle.cache.internal.DefaultFileLockManager] Lock acquired on daemon addresses registry.
2022-07-23T21:19:25.619+0900 [DEBUG] [org.gradle.cache.internal.DefaultFileLockManager] Releasing lock on daemon addresses registry.
2022-07-23T21:19:25.619+0900 [DEBUG] [org.gradle.cache.internal.DefaultFileLockManager] Waiting to acquire shared lock on daemon addresses registry.
2022-07-23T21:19:25.619+0900 [DEBUG] [org.gradle.cache.internal.DefaultFileLockManager] Lock acquired on daemon addresses registry.
2022-07-23T21:19:25.619+0900 [DEBUG] [org.gradle.cache.internal.DefaultFileLockManager] Releasing lock on daemon addresses registry.
2022-07-23T21:19:25.620+0900 [DEBUG] [org.gradle.cache.internal.DefaultFileLockManager] Waiting to acquire shared lock on daemon addresses registry.
2022-07-23T21:19:25.620+0900 [DEBUG] [org.gradle.cache.internal.DefaultFileLockManager] Lock acquired on daemon addresses registry.
2022-07-23T21:19:25.620+0900 [DEBUG] [org.gradle.cache.internal.DefaultFileLockManager] Releasing lock on daemon addresses registry.
2022-07-23T21:19:35.621+0900 [DEBUG] [org.gradle.cache.internal.DefaultFileLockManager] Waiting to acquire shared lock on daemon addresses registry.
2022-07-23T21:19:35.622+0900 [DEBUG] [org.gradle.cache.internal.DefaultFileLockManager] Lock acquired on daemon addresses registry.
2022-07-23T21:19:35.622+0900 [DEBUG] [org.gradle.cache.internal.DefaultFileLockManager] Releasing lock on daemon addresses registry.
2022-07-23T21:19:35.622+0900 [DEBUG] [org.gradle.cache.internal.DefaultFileLockManager] Waiting to acquire shared lock on daemon addresses registry.
2022-07-23T21:19:35.623+0900 [DEBUG] [org.gradle.cache.internal.DefaultFileLockManager] Lock acquired on daemon addresses registry.
2022-07-23T21:19:35.623+0900 [DEBUG] [org.gradle.cache.internal.DefaultFileLockManager] Releasing lock on daemon addresses registry.
2022-07-23T21:19:35.623+0900 [DEBUG] [org.gradle.cache.internal.DefaultFileLockManager] Waiting to acquire shared lock on daemon addresses registry.
2022-07-23T21:19:35.623+0900 [DEBUG] [org.gradle.cache.internal.DefaultFileLockManager] Lock acquired on daemon addresses registry.
2022-07-23T21:19:35.624+0900 [DEBUG] [org.gradle.cache.internal.DefaultFileLockManager] Releasing lock on daemon addresses registry.
2022-07-23T21:19:45.617+0900 [DEBUG] [org.gradle.cache.internal.DefaultFileLockManager] Waiting to acquire shared lock on daemon addresses registry.
2022-07-23T21:19:45.617+0900 [DEBUG] [org.gradle.cache.internal.DefaultFileLockManager] Lock acquired on daemon addresses registry.
2022-07-23T21:19:45.617+0900 [DEBUG] [org.gradle.cache.internal.DefaultFileLockManager] Releasing lock on daemon addresses registry.
2022-07-23T21:19:45.618+0900 [DEBUG] [org.gradle.cache.internal.DefaultFileLockManager] Waiting to acquire shared lock on daemon addresses registry.
2022-07-23T21:19:45.618+0900 [DEBUG] [org.gradle.cache.internal.DefaultFileLockManager] Lock acquired on daemon addresses registry.
2022-07-23T21:19:45.618+0900 [DEBUG] [org.gradle.cache.internal.DefaultFileLockManager] Releasing lock on daemon addresses registry.
2022-07-23T21:19:45.618+0900 [DEBUG] [org.gradle.cache.internal.DefaultFileLockManager] Waiting to acquire shared lock on daemon addresses registry.
2022-07-23T21:19:45.618+0900 [DEBUG] [org.gradle.cache.internal.DefaultFileLockManager] Lock acquired on daemon addresses registry.
2022-07-23T21:19:45.619+0900 [DEBUG] [org.gradle.cache.internal.DefaultFileLockManager] Releasing lock on daemon addresses registry.
2022-07-23T21:19:55.616+0900 [DEBUG] [org.gradle.cache.internal.DefaultFileLockManager] Waiting to acquire shared lock on daemon addresses registry.
2022-07-23T21:19:55.616+0900 [DEBUG] [org.gradle.cache.internal.DefaultFileLockManager] Lock acquired on daemon addresses registry.
2022-07-23T21:19:55.616+0900 [DEBUG] [org.gradle.cache.internal.DefaultFileLockManager] Releasing lock on daemon addresses registry.
2022-07-23T21:19:55.616+0900 [DEBUG] [org.gradle.cache.internal.DefaultFileLockManager] Waiting to acquire shared lock on daemon addresses registry.
2022-07-23T21:19:55.616+0900 [DEBUG] [org.gradle.cache.internal.DefaultFileLockManager] Lock acquired on daemon addresses registry.
2022-07-23T21:19:55.617+0900 [DEBUG] [org.gradle.cache.internal.DefaultFileLockManager] Releasing lock on daemon addresses registry.
2022-07-23T21:19:55.617+0900 [DEBUG] [org.gradle.cache.internal.DefaultFileLockManager] Waiting to acquire shared lock on daemon addresses registry.
2022-07-23T21:19:55.617+0900 [DEBUG] [org.gradle.cache.internal.DefaultFileLockManager] Lock acquired on daemon addresses registry.
2022-07-23T21:19:55.617+0900 [DEBUG] [org.gradle.cache.internal.DefaultFileLockManager] Releasing lock on daemon addresses registry.
2022-07-23T21:20:05.615+0900 [DEBUG] [org.gradle.cache.internal.DefaultFileLockManager] Waiting to acquire shared lock on daemon addresses registry.
2022-07-23T21:20:05.615+0900 [DEBUG] [org.gradle.cache.internal.DefaultFileLockManager] Lock acquired on daemon addresses registry.
2022-07-23T21:20:05.615+0900 [DEBUG] [org.gradle.cache.internal.DefaultFileLockManager] Releasing lock on daemon addresses registry.
2022-07-23T21:20:05.616+0900 [DEBUG] [org.gradle.cache.internal.DefaultFileLockManager] Waiting to acquire shared lock on daemon addresses registry.
2022-07-23T21:20:05.616+0900 [DEBUG] [org.gradle.cache.internal.DefaultFileLockManager] Lock acquired on daemon addresses registry.
2022-07-23T21:20:05.616+0900 [DEBUG] [org.gradle.cache.internal.DefaultFileLockManager] Releasing lock on daemon addresses registry.
2022-07-23T21:20:05.616+0900 [DEBUG] [org.gradle.cache.internal.DefaultFileLockManager] Waiting to acquire shared lock on daemon addresses registry.
2022-07-23T21:20:05.616+0900 [DEBUG] [org.gradle.cache.internal.DefaultFileLockManager] Lock acquired on daemon addresses registry.
2022-07-23T21:20:05.617+0900 [DEBUG] [org.gradle.cache.internal.DefaultFileLockManager] Releasing lock on daemon addresses registry.
2022-07-23T21:20:15.616+0900 [DEBUG] [org.gradle.cache.internal.DefaultFileLockManager] Waiting to acquire shared lock on daemon addresses registry.
2022-07-23T21:20:15.616+0900 [DEBUG] [org.gradle.cache.internal.DefaultFileLockManager] Lock acquired on daemon addresses registry.
2022-07-23T21:20:15.617+0900 [DEBUG] [org.gradle.cache.internal.DefaultFileLockManager] Releasing lock on daemon addresses registry.
2022-07-23T21:20:15.617+0900 [DEBUG] [org.gradle.cache.internal.DefaultFileLockManager] Waiting to acquire shared lock on daemon addresses registry.
2022-07-23T21:20:15.617+0900 [DEBUG] [org.gradle.cache.internal.DefaultFileLockManager] Lock acquired on daemon addresses registry.
2022-07-23T21:20:15.617+0900 [DEBUG] [org.gradle.cache.internal.DefaultFileLockManager] Releasing lock on daemon addresses registry.
2022-07-23T21:20:15.618+0900 [DEBUG] [org.gradle.cache.internal.DefaultFileLockManager] Waiting to acquire shared lock on daemon addresses registry.
2022-07-23T21:20:15.618+0900 [DEBUG] [org.gradle.cache.internal.DefaultFileLockManager] Lock acquired on daemon addresses registry.
2022-07-23T21:20:15.618+0900 [DEBUG] [org.gradle.cache.internal.DefaultFileLockManager] Releasing lock on daemon addresses registry.
2022-07-23T21:20:25.616+0900 [DEBUG] [org.gradle.cache.internal.DefaultFileLockManager] Waiting to acquire shared lock on daemon addresses registry.
2022-07-23T21:20:25.616+0900 [DEBUG] [org.gradle.cache.internal.DefaultFileLockManager] Lock acquired on daemon addresses registry.
2022-07-23T21:20:25.617+0900 [DEBUG] [org.gradle.cache.internal.DefaultFileLockManager] Releasing lock on daemon addresses registry.
2022-07-23T21:20:25.617+0900 [DEBUG] [org.gradle.cache.internal.DefaultFileLockManager] Waiting to acquire shared lock on daemon addresses registry.
2022-07-23T21:20:25.617+0900 [DEBUG] [org.gradle.cache.internal.DefaultFileLockManager] Lock acquired on daemon addresses registry.
2022-07-23T21:20:25.617+0900 [DEBUG] [org.gradle.cache.internal.DefaultFileLockManager] Releasing lock on daemon addresses registry.
2022-07-23T21:20:25.618+0900 [DEBUG] [org.gradle.cache.internal.DefaultFileLockManager] Waiting to acquire shared lock on daemon addresses registry.
2022-07-23T21:20:25.618+0900 [DEBUG] [org.gradle.cache.internal.DefaultFileLockManager] Lock acquired on daemon addresses registry.
2022-07-23T21:20:25.618+0900 [DEBUG] [org.gradle.cache.internal.DefaultFileLockManager] Releasing lock on daemon addresses registry.
2022-07-23T21:20:35.616+0900 [DEBUG] [org.gradle.cache.internal.DefaultFileLockManager] Waiting to acquire shared lock on daemon addresses registry.
2022-07-23T21:20:35.616+0900 [DEBUG] [org.gradle.cache.internal.DefaultFileLockManager] Lock acquired on daemon addresses registry.
2022-07-23T21:20:35.616+0900 [DEBUG] [org.gradle.cache.internal.DefaultFileLockManager] Releasing lock on daemon addresses registry.
2022-07-23T21:20:35.617+0900 [DEBUG] [org.gradle.cache.internal.DefaultFileLockManager] Waiting to acquire shared lock on daemon addresses registry.
2022-07-23T21:20:35.617+0900 [DEBUG] [org.gradle.cache.internal.DefaultFileLockManager] Lock acquired on daemon addresses registry.
2022-07-23T21:20:35.617+0900 [DEBUG] [org.gradle.cache.internal.DefaultFileLockManager] Releasing lock on daemon addresses registry.
2022-07-23T21:20:35.617+0900 [DEBUG] [org.gradle.cache.internal.DefaultFileLockManager] Waiting to acquire shared lock on daemon addresses registry.
2022-07-23T21:20:35.617+0900 [DEBUG] [org.gradle.cache.internal.DefaultFileLockManager] Lock acquired on daemon addresses registry.
2022-07-23T21:20:35.618+0900 [DEBUG] [org.gradle.cache.internal.DefaultFileLockManager] Releasing lock on daemon addresses registry.
2022-07-23T21:20:45.614+0900 [DEBUG] [org.gradle.cache.internal.DefaultFileLockManager] Waiting to acquire shared lock on daemon addresses registry.
2022-07-23T21:20:45.615+0900 [DEBUG] [org.gradle.cache.internal.DefaultFileLockManager] Lock acquired on daemon addresses registry.
2022-07-23T21:20:45.615+0900 [DEBUG] [org.gradle.cache.internal.DefaultFileLockManager] Releasing lock on daemon addresses registry.
2022-07-23T21:20:45.616+0900 [DEBUG] [org.gradle.cache.internal.DefaultFileLockManager] Waiting to acquire shared lock on daemon addresses registry.
2022-07-23T21:20:45.616+0900 [DEBUG] [org.gradle.cache.internal.DefaultFileLockManager] Lock acquired on daemon addresses registry.
2022-07-23T21:20:45.616+0900 [DEBUG] [org.gradle.cache.internal.DefaultFileLockManager] Releasing lock on daemon addresses registry.
2022-07-23T21:20:45.616+0900 [DEBUG] [org.gradle.cache.internal.DefaultFileLockManager] Waiting to acquire shared lock on daemon addresses registry.
2022-07-23T21:20:45.616+0900 [DEBUG] [org.gradle.cache.internal.DefaultFileLockManager] Lock acquired on daemon addresses registry.
2022-07-23T21:20:45.617+0900 [DEBUG] [org.gradle.cache.internal.DefaultFileLockManager] Releasing lock on daemon addresses registry.
2022-07-23T21:20:55.617+0900 [DEBUG] [org.gradle.cache.internal.DefaultFileLockManager] Waiting to acquire shared lock on daemon addresses registry.
2022-07-23T21:20:55.617+0900 [DEBUG] [org.gradle.cache.internal.DefaultFileLockManager] Lock acquired on daemon addresses registry.
2022-07-23T21:20:55.617+0900 [DEBUG] [org.gradle.cache.internal.DefaultFileLockManager] Releasing lock on daemon addresses registry.
2022-07-23T21:20:55.618+0900 [DEBUG] [org.gradle.cache.internal.DefaultFileLockManager] Waiting to acquire shared lock on daemon addresses registry.
2022-07-23T21:20:55.618+0900 [DEBUG] [org.gradle.cache.internal.DefaultFileLockManager] Lock acquired on daemon addresses registry.
2022-07-23T21:20:55.618+0900 [DEBUG] [org.gradle.cache.internal.DefaultFileLockManager] Releasing lock on daemon addresses registry.
2022-07-23T21:20:55.619+0900 [DEBUG] [org.gradle.cache.internal.DefaultFileLockManager] Waiting to acquire shared lock on daemon addresses registry.
2022-07-23T21:20:55.619+0900 [DEBUG] [org.gradle.cache.internal.DefaultFileLockManager] Lock acquired on daemon addresses registry.
2022-07-23T21:20:55.619+0900 [DEBUG] [org.gradle.cache.internal.DefaultFileLockManager] Releasing lock on daemon addresses registry.
2022-07-23T21:21:05.616+0900 [DEBUG] [org.gradle.cache.internal.DefaultFileLockManager] Waiting to acquire shared lock on daemon addresses registry.
2022-07-23T21:21:05.616+0900 [DEBUG] [org.gradle.cache.internal.DefaultFileLockManager] Lock acquired on daemon addresses registry.
2022-07-23T21:21:05.617+0900 [DEBUG] [org.gradle.cache.internal.DefaultFileLockManager] Releasing lock on daemon addresses registry.
2022-07-23T21:21:05.617+0900 [DEBUG] [org.gradle.cache.internal.DefaultFileLockManager] Waiting to acquire shared lock on daemon addresses registry.
2022-07-23T21:21:05.618+0900 [DEBUG] [org.gradle.cache.internal.DefaultFileLockManager] Lock acquired on daemon addresses registry.
2022-07-23T21:21:05.618+0900 [DEBUG] [org.gradle.cache.internal.DefaultFileLockManager] Releasing lock on daemon addresses registry.
2022-07-23T21:21:05.618+0900 [DEBUG] [org.gradle.cache.internal.DefaultFileLockManager] Waiting to acquire shared lock on daemon addresses registry.
2022-07-23T21:21:05.619+0900 [DEBUG] [org.gradle.cache.internal.DefaultFileLockManager] Lock acquired on daemon addresses registry.
2022-07-23T21:21:05.619+0900 [DEBUG] [org.gradle.cache.internal.DefaultFileLockManager] Releasing lock on daemon addresses registry.
2022-07-23T21:21:15.617+0900 [DEBUG] [org.gradle.cache.internal.DefaultFileLockManager] Waiting to acquire shared lock on daemon addresses registry.
2022-07-23T21:21:15.617+0900 [DEBUG] [org.gradle.cache.internal.DefaultFileLockManager] Lock acquired on daemon addresses registry.
2022-07-23T21:21:15.618+0900 [DEBUG] [org.gradle.cache.internal.DefaultFileLockManager] Releasing lock on daemon addresses registry.
2022-07-23T21:21:15.618+0900 [DEBUG] [org.gradle.cache.internal.DefaultFileLockManager] Waiting to acquire shared lock on daemon addresses registry.
2022-07-23T21:21:15.619+0900 [DEBUG] [org.gradle.cache.internal.DefaultFileLockManager] Lock acquired on daemon addresses registry.
2022-07-23T21:21:15.619+0900 [DEBUG] [org.gradle.cache.internal.DefaultFileLockManager] Releasing lock on daemon addresses registry.
2022-07-23T21:21:15.619+0900 [DEBUG] [org.gradle.cache.internal.DefaultFileLockManager] Waiting to acquire shared lock on daemon addresses registry.
2022-07-23T21:21:15.619+0900 [DEBUG] [org.gradle.cache.internal.DefaultFileLockManager] Lock acquired on daemon addresses registry.
2022-07-23T21:21:15.619+0900 [DEBUG] [org.gradle.cache.internal.DefaultFileLockManager] Releasing lock on daemon addresses registry.
2022-07-23T21:21:25.612+0900 [DEBUG] [org.gradle.cache.internal.DefaultFileLockManager] Waiting to acquire shared lock on daemon addresses registry.
2022-07-23T21:21:25.612+0900 [DEBUG] [org.gradle.cache.internal.DefaultFileLockManager] Lock acquired on daemon addresses registry.
2022-07-23T21:21:25.613+0900 [DEBUG] [org.gradle.cache.internal.DefaultFileLockManager] Releasing lock on daemon addresses registry.
2022-07-23T21:21:25.613+0900 [DEBUG] [org.gradle.cache.internal.DefaultFileLockManager] Waiting to acquire shared lock on daemon addresses registry.
2022-07-23T21:21:25.613+0900 [DEBUG] [org.gradle.cache.internal.DefaultFileLockManager] Lock acquired on daemon addresses registry.
2022-07-23T21:21:25.613+0900 [DEBUG] [org.gradle.cache.internal.DefaultFileLockManager] Releasing lock on daemon addresses registry.
2022-07-23T21:21:25.614+0900 [DEBUG] [org.gradle.cache.internal.DefaultFileLockManager] Waiting to acquire shared lock on daemon addresses registry.
2022-07-23T21:21:25.614+0900 [DEBUG] [org.gradle.cache.internal.DefaultFileLockManager] Lock acquired on daemon addresses registry.
2022-07-23T21:21:25.614+0900 [DEBUG] [org.gradle.cache.internal.DefaultFileLockManager] Releasing lock on daemon addresses registry.
2022-07-23T21:21:27.027+0900 [DEBUG] [org.gradle.internal.remote.internal.inet.TcpIncomingConnector] Accepted connection from /127.0.0.1:50109 to /127.0.0.1:50021.
2022-07-23T21:21:27.028+0900 [DEBUG] [org.gradle.launcher.daemon.server.SynchronizedDispatchConnection] thread 244: received class org.gradle.launcher.daemon.protocol.Build
2022-07-23T21:21:27.028+0900 [DEBUG] [org.gradle.launcher.daemon.server.DefaultDaemonConnection] thread 244: Received non-IO message from client: Build{id=05b69c0a-c665-4dc4-9641-e18f4ee72e95, currentDir=/Users/anseon-yeong/euphony-listener}
2022-07-23T21:21:27.028+0900 [INFO] [org.gradle.launcher.daemon.server.DefaultIncomingConnectionHandler] Received command: Build{id=05b69c0a-c665-4dc4-9641-e18f4ee72e95, currentDir=/Users/anseon-yeong/euphony-listener}.
2022-07-23T21:21:27.028+0900 [DEBUG] [org.gradle.launcher.daemon.server.DefaultIncomingConnectionHandler] Starting executing command: Build{id=05b69c0a-c665-4dc4-9641-e18f4ee72e95, currentDir=/Users/anseon-yeong/euphony-listener} with connection: socket connection from /127.0.0.1:50021 to /127.0.0.1:50109.
2022-07-23T21:21:27.029+0900 [DEBUG] [org.gradle.launcher.daemon.server.DaemonStateCoordinator] Command execution: started DaemonCommandExecution[command = Build{id=05b69c0a-c665-4dc4-9641-e18f4ee72e95, currentDir=/Users/anseon-yeong/euphony-listener}, connection = DefaultDaemonConnection: socket connection from /127.0.0.1:50021 to /127.0.0.1:50109] after 2.0 minutes of idle
2022-07-23T21:21:27.029+0900 [INFO] [org.gradle.launcher.daemon.server.DaemonRegistryUpdater] Marking the daemon as busy, address: [0b5a199d-beca-49ee-90e2-10d7cc661710 port:50021, addresses:[localhost/127.0.0.1]]
2022-07-23T21:21:27.029+0900 [DEBUG] [org.gradle.launcher.daemon.registry.PersistentDaemonRegistry] Marking busy by address: [0b5a199d-beca-49ee-90e2-10d7cc661710 port:50021, addresses:[localhost/127.0.0.1]]
2022-07-23T21:21:27.029+0900 [DEBUG] [org.gradle.cache.internal.DefaultFileLockManager] Waiting to acquire exclusive lock on daemon addresses registry.
2022-07-23T21:21:27.029+0900 [DEBUG] [org.gradle.cache.internal.DefaultFileLockManager] Lock acquired on daemon addresses registry.
2022-07-23T21:21:27.030+0900 [DEBUG] [org.gradle.cache.internal.DefaultFileLockManager] Releasing lock on daemon addresses registry.
2022-07-23T21:21:27.030+0900 [DEBUG] [org.gradle.launcher.daemon.server.DaemonStateCoordinator] resetting idle timer
2022-07-23T21:21:27.030+0900 [DEBUG] [org.gradle.launcher.daemon.server.DaemonStateCoordinator] daemon is running. Sleeping until state changes.
2022-07-23T21:21:27.031+0900 [INFO] [org.gradle.launcher.daemon.server.exec.StartBuildOrRespondWithBusy] Daemon is about to start building Build{id=05b69c0a-c665-4dc4-9641-e18f4ee72e95, currentDir=/Users/anseon-yeong/euphony-listener}. Dispatching build started information...
2022-07-23T21:21:27.031+0900 [DEBUG] [org.gradle.launcher.daemon.server.SynchronizedDispatchConnection] thread 246: dispatching org.gradle.launcher.daemon.protocol.BuildStarted@189c825d
2022-07-23T21:21:27.031+0900 [DEBUG] [org.gradle.launcher.daemon.server.exec.EstablishBuildEnvironment] Configuring env variables: [PATH, CONDA_DEFAULT_ENV, CONDA_EXE, JAVA_HOME, CONDA_PYTHON_EXE, COMMAND_MODE, CONDA_PREFIX, DISPLAY, NVM_INC, _CE_M, LOGNAME, XPC_SERVICE_NAME, CONDA_SHLVL, __CFBundleIdentifier, NVM_CD_FLAGS, NVM_DIR, SHELL, PAGER, LSCOLORS, OLDPWD, USER, ZSH, TMPDIR, SSH_AUTH_SOCK, _CE_CONDA, XPC_FLAGS, __CF_USER_TEXT_ENCODING, CONDA_PROMPT_MODIFIER, LESS, LC_CTYPE, NVM_BIN, HOME]
2022-07-23T21:21:27.031+0900 [DEBUG] [org.gradle.launcher.daemon.server.SynchronizedDispatchConnection] thread 244: received class org.gradle.launcher.daemon.protocol.CloseInput
2022-07-23T21:21:27.031+0900 [DEBUG] [org.gradle.launcher.daemon.server.DefaultDaemonConnection] thread 244: Received IO message from client: org.gradle.launcher.daemon.protocol.CloseInput@40a1237a
2022-07-23T21:21:27.032+0900 [DEBUG] [org.gradle.launcher.daemon.server.exec.LogToClient] About to start relaying all logs to the client via the connection.
2022-07-23T21:21:27.032+0900 [INFO] [org.gradle.launcher.daemon.server.exec.LogToClient] The client will now receive all logging from the daemon (pid: 1755). The daemon log file: /Users/anseon-yeong/wave-show-card-listener/app/daemon/7.3.3/daemon-1755.out.log
2022-07-23T21:21:27.032+0900 [INFO] [org.gradle.launcher.daemon.server.exec.LogAndCheckHealth] Starting 2nd build in daemon [uptime: 3 mins 1.582 secs, performance: 99%]
2022-07-23T21:21:27.033+0900 [DEBUG] [org.gradle.launcher.daemon.server.exec.ExecuteBuild] The daemon has started executing the build.
2022-07-23T21:21:27.033+0900 [INFO] [org.gradle.launcher.daemon.server.exec.ForwardClientInput] Closing daemon's stdin at end of input.
2022-07-23T21:21:27.033+0900 [INFO] [org.gradle.launcher.daemon.server.exec.ForwardClientInput] The daemon will no longer process any standard input.
2022-07-23T21:21:27.033+0900 [DEBUG] [org.gradle.launcher.daemon.server.exec.ExecuteBuild] Executing build with daemon context: DefaultDaemonContext[uid=28d6a42a-c373-4563-9299-f12a2fc39838,javaHome=/Applications/Android Studio.app/Contents/jre/Contents/Home,daemonRegistryDir=/Users/anseon-yeong/wave-show-card-listener/app/daemon,pid=1755,idleTimeout=10800000,priority=NORMAL,daemonOpts=--add-opens,java.base/java.util=ALL-UNNAMED,--add-opens,java.base/java.lang=ALL-UNNAMED,--add-opens,java.base/java.lang.invoke=ALL-UNNAMED,--add-opens,java.base/java.util=ALL-UNNAMED,--add-opens,java.prefs/java.util.prefs=ALL-UNNAMED,--add-opens,java.prefs/java.util.prefs=ALL-UNNAMED,--add-opens,java.base/java.nio.charset=ALL-UNNAMED,--add-opens,java.base/java.net=ALL-UNNAMED,--add-opens,java.base/java.util.concurrent.atomic=ALL-UNNAMED,-Xmx1536m,-Dfile.encoding=UTF-8,-Duser.country=KR,-Duser.language=ko,-Duser.variant]
AGPBI: {"kind":"warning","text":"The specified Android SDK Build Tools version (29.0.2) is ignored, as it is below the minimum supported version (30.0.3) for Android Gradle Plugin 7.2.1.\nAndroid SDK Build Tools 30.0.3 will be used.\nTo suppress this warning, remove \"buildToolsVersion '29.0.2'\" from your build.gradle file, as each version of the Android Gradle Plugin now has a default version of the build tools.","sources":[{}]}

Deprecated Gradle features were used in this build, making it incompatible with Gradle 8.0.

You can use '--warning-mode all' to show the individual deprecation warnings and determine if they come from your own scripts or plugins.

See https://docs.gradle.org/7.3.3/userguide/command_line_interface.html#sec:command_line_warnings

BUILD SUCCESSFUL in 661ms
30 actionable tasks: 30 up-to-date
2022-07-23T21:21:27.715+0900 [DEBUG] [org.gradle.launcher.daemon.server.exec.ExecuteBuild] The daemon has finished executing the build.
2022-07-23T21:21:27.721+0900 [DEBUG] [org.gradle.launcher.daemon.server.DaemonStateCoordinator] daemon is running. Sleeping until state changes.
2022-07-23T21:21:27.721+0900 [DEBUG] [org.gradle.launcher.daemon.server.DaemonStateCoordinator] Command execution: finished waiting for DaemonCommandExecution[command = Build{id=05b69c0a-c665-4dc4-9641-e18f4ee72e95, currentDir=/Users/anseon-yeong/euphony-listener}, connection = DefaultDaemonConnection: socket connection from /127.0.0.1:50021 to /127.0.0.1:50109]. Result org.gradle.launcher.daemon.server.DaemonStateCoordinator@7df41c4b with state Busy
2022-07-23T21:21:27.721+0900 [DEBUG] [org.gradle.launcher.daemon.server.DaemonStateCoordinator] Command execution: completed DaemonCommandExecution[command = Build{id=05b69c0a-c665-4dc4-9641-e18f4ee72e95, currentDir=/Users/anseon-yeong/euphony-listener}, connection = DefaultDaemonConnection: socket connection from /127.0.0.1:50021 to /127.0.0.1:50109]
2022-07-23T21:21:27.721+0900 [DEBUG] [org.gradle.launcher.daemon.server.DaemonStateCoordinator] resetting idle timer
2022-07-23T21:21:27.721+0900 [INFO] [org.gradle.launcher.daemon.server.DaemonRegistryUpdater] Marking the daemon as idle, address: [0b5a199d-beca-49ee-90e2-10d7cc661710 port:50021, addresses:[localhost/127.0.0.1]]
2022-07-23T21:21:27.721+0900 [DEBUG] [org.gradle.launcher.daemon.registry.PersistentDaemonRegistry] Marking busy by address: [0b5a199d-beca-49ee-90e2-10d7cc661710 port:50021, addresses:[localhost/127.0.0.1]]
2022-07-23T21:21:27.721+0900 [DEBUG] [org.gradle.cache.internal.DefaultFileLockManager] Waiting to acquire exclusive lock on daemon addresses registry.
2022-07-23T21:21:27.722+0900 [DEBUG] [org.gradle.cache.internal.DefaultFileLockManager] Lock acquired on daemon addresses registry.
2022-07-23T21:21:27.722+0900 [DEBUG] [org.gradle.cache.internal.DefaultFileLockManager] Releasing lock on daemon addresses registry.
2022-07-23T21:21:27.723+0900 [DEBUG] [org.gradle.launcher.daemon.server.DaemonStateCoordinator] daemon is running. Sleeping until state changes.
2022-07-23T21:21:27.723+0900 [DEBUG] [org.gradle.launcher.daemon.server.exec.ReturnResult] Daemon is dispatching the build result: Success[value=org.gradle.launcher.exec.BuildActionResult@66f74e3d]
2022-07-23T21:21:27.723+0900 [DEBUG] [org.gradle.launcher.daemon.server.SynchronizedDispatchConnection] thread 243: dispatching Success[value=org.gradle.launcher.exec.BuildActionResult@66f74e3d]
2022-07-23T21:21:27.723+0900 [DEBUG] [org.gradle.launcher.daemon.server.DefaultIncomingConnectionHandler] Finishing executing command: Build{id=05b69c0a-c665-4dc4-9641-e18f4ee72e95, currentDir=/Users/anseon-yeong/euphony-listener}
2022-07-23T21:21:27.723+0900 [DEBUG] [org.gradle.launcher.daemon.server.SynchronizedDispatchConnection] thread 244: received class org.gradle.launcher.daemon.protocol.Finished
2022-07-23T21:21:27.723+0900 [DEBUG] [org.gradle.launcher.daemon.server.DefaultDaemonConnection] thread 244: Received non-IO message from client: org.gradle.launcher.daemon.protocol.Finished@4e66d51e
2022-07-23T21:21:27.724+0900 [DEBUG] [org.gradle.launcher.daemon.server.DefaultIncomingConnectionHandler] Received finished message: org.gradle.launcher.daemon.protocol.Finished@4e66d51e
2022-07-23T21:21:27.724+0900 [DEBUG] [org.gradle.internal.remote.internal.inet.SocketConnection] Discarding EOFException: java.io.EOFException
2022-07-23T21:21:27.724+0900 [DEBUG] [org.gradle.launcher.daemon.server.SynchronizedDispatchConnection] thread 243: stopping connection
2022-07-23T21:21:27.724+0900 [DEBUG] [org.gradle.launcher.daemon.server.SynchronizedDispatchConnection] thread 244: received null
2022-07-23T21:21:27.724+0900 [DEBUG] [org.gradle.launcher.daemon.server.DefaultDaemonConnection] thread 244: Received end-of-input from client.
2022-07-23T21:21:27.724+0900 [DEBUG] [org.gradle.launcher.daemon.server.SynchronizedDispatchConnection] thread 243: stopping connection
2022-07-23T21:21:35.615+0900 [DEBUG] [org.gradle.cache.internal.DefaultFileLockManager] Waiting to acquire shared lock on daemon addresses registry.
2022-07-23T21:21:35.615+0900 [DEBUG] [org.gradle.cache.internal.DefaultFileLockManager] Lock acquired on daemon addresses registry.
2022-07-23T21:21:35.615+0900 [DEBUG] [org.gradle.cache.internal.DefaultFileLockManager] Releasing lock on daemon addresses registry.
2022-07-23T21:21:35.616+0900 [DEBUG] [org.gradle.cache.internal.DefaultFileLockManager] Waiting to acquire shared lock on daemon addresses registry.
2022-07-23T21:21:35.616+0900 [DEBUG] [org.gradle.cache.internal.DefaultFileLockManager] Lock acquired on daemon addresses registry.
2022-07-23T21:21:35.616+0900 [DEBUG] [org.gradle.cache.internal.DefaultFileLockManager] Releasing lock on daemon addresses registry.
2022-07-23T21:21:45.614+0900 [DEBUG] [org.gradle.cache.internal.DefaultFileLockManager] Waiting to acquire shared lock on daemon addresses registry.
2022-07-23T21:21:45.615+0900 [DEBUG] [org.gradle.cache.internal.DefaultFileLockManager] Lock acquired on daemon addresses registry.
2022-07-23T21:21:45.615+0900 [DEBUG] [org.gradle.cache.internal.DefaultFileLockManager] Releasing lock on daemon addresses registry.
2022-07-23T21:21:45.616+0900 [DEBUG] [org.gradle.cache.internal.DefaultFileLockManager] Waiting to acquire shared lock on daemon addresses registry.
2022-07-23T21:21:45.616+0900 [DEBUG] [org.gradle.cache.internal.DefaultFileLockManager] Lock acquired on daemon addresses registry.
2022-07-23T21:21:45.616+0900 [DEBUG] [org.gradle.cache.internal.DefaultFileLockManager] Releasing lock on daemon addresses registry.
2022-07-23T21:21:45.616+0900 [DEBUG] [org.gradle.cache.internal.DefaultFileLockManager] Waiting to acquire shared lock on daemon addresses registry.
2022-07-23T21:21:45.616+0900 [DEBUG] [org.gradle.cache.internal.DefaultFileLockManager] Lock acquired on daemon addresses registry.
2022-07-23T21:21:45.617+0900 [DEBUG] [org.gradle.cache.internal.DefaultFileLockManager] Releasing lock on daemon addresses registry.
2022-07-23T21:21:55.611+0900 [DEBUG] [org.gradle.cache.internal.DefaultFileLockManager] Waiting to acquire shared lock on daemon addresses registry.
2022-07-23T21:21:55.612+0900 [DEBUG] [org.gradle.cache.internal.DefaultFileLockManager] Lock acquired on daemon addresses registry.
2022-07-23T21:21:55.612+0900 [DEBUG] [org.gradle.cache.internal.DefaultFileLockManager] Releasing lock on daemon addresses registry.
2022-07-23T21:21:55.612+0900 [DEBUG] [org.gradle.cache.internal.DefaultFileLockManager] Waiting to acquire shared lock on daemon addresses registry.
2022-07-23T21:21:55.612+0900 [DEBUG] [org.gradle.cache.internal.DefaultFileLockManager] Lock acquired on daemon addresses registry.
2022-07-23T21:21:55.612+0900 [DEBUG] [org.gradle.cache.internal.DefaultFileLockManager] Releasing lock on daemon addresses registry.
2022-07-23T21:21:55.613+0900 [DEBUG] [org.gradle.cache.internal.DefaultFileLockManager] Waiting to acquire shared lock on daemon addresses registry.
2022-07-23T21:21:55.613+0900 [DEBUG] [org.gradle.cache.internal.DefaultFileLockManager] Lock acquired on daemon addresses registry.
2022-07-23T21:21:55.613+0900 [DEBUG] [org.gradle.cache.internal.DefaultFileLockManager] Releasing lock on daemon addresses registry.
2022-07-23T21:22:05.610+0900 [DEBUG] [org.gradle.cache.internal.DefaultFileLockManager] Waiting to acquire shared lock on daemon addresses registry.
2022-07-23T21:22:05.610+0900 [DEBUG] [org.gradle.cache.internal.DefaultFileLockManager] Lock acquired on daemon addresses registry.
2022-07-23T21:22:05.610+0900 [DEBUG] [org.gradle.cache.internal.DefaultFileLockManager] Releasing lock on daemon addresses registry.
2022-07-23T21:22:05.611+0900 [DEBUG] [org.gradle.cache.internal.DefaultFileLockManager] Waiting to acquire shared lock on daemon addresses registry.
2022-07-23T21:22:05.611+0900 [DEBUG] [org.gradle.cache.internal.DefaultFileLockManager] Lock acquired on daemon addresses registry.
2022-07-23T21:22:05.611+0900 [DEBUG] [org.gradle.cache.internal.DefaultFileLockManager] Releasing lock on daemon addresses registry.
2022-07-23T21:22:05.611+0900 [DEBUG] [org.gradle.cache.internal.DefaultFileLockManager] Waiting to acquire shared lock on daemon addresses registry.
2022-07-23T21:22:05.611+0900 [DEBUG] [org.gradle.cache.internal.DefaultFileLockManager] Lock acquired on daemon addresses registry.
2022-07-23T21:22:05.611+0900 [DEBUG] [org.gradle.cache.internal.DefaultFileLockManager] Releasing lock on daemon addresses registry.
2022-07-23T21:22:15.614+0900 [DEBUG] [org.gradle.cache.internal.DefaultFileLockManager] Waiting to acquire shared lock on daemon addresses registry.
2022-07-23T21:22:15.615+0900 [DEBUG] [org.gradle.cache.internal.DefaultFileLockManager] Lock acquired on daemon addresses registry.
2022-07-23T21:22:15.615+0900 [DEBUG] [org.gradle.cache.internal.DefaultFileLockManager] Releasing lock on daemon addresses registry.
2022-07-23T21:22:15.615+0900 [DEBUG] [org.gradle.cache.internal.DefaultFileLockManager] Waiting to acquire shared lock on daemon addresses registry.
2022-07-23T21:22:15.615+0900 [DEBUG] [org.gradle.cache.internal.DefaultFileLockManager] Lock acquired on daemon addresses registry.
2022-07-23T21:22:15.615+0900 [DEBUG] [org.gradle.cache.internal.DefaultFileLockManager] Releasing lock on daemon addresses registry.
2022-07-23T21:22:15.615+0900 [DEBUG] [org.gradle.cache.internal.DefaultFileLockManager] Waiting to acquire shared lock on daemon addresses registry.
2022-07-23T21:22:15.616+0900 [DEBUG] [org.gradle.cache.internal.DefaultFileLockManager] Lock acquired on daemon addresses registry.
2022-07-23T21:22:15.616+0900 [DEBUG] [org.gradle.cache.internal.DefaultFileLockManager] Releasing lock on daemon addresses registry.
2022-07-23T21:22:25.615+0900 [DEBUG] [org.gradle.cache.internal.DefaultFileLockManager] Waiting to acquire shared lock on daemon addresses registry.
2022-07-23T21:22:25.615+0900 [DEBUG] [org.gradle.cache.internal.DefaultFileLockManager] Lock acquired on daemon addresses registry.
2022-07-23T21:22:25.615+0900 [DEBUG] [org.gradle.cache.internal.DefaultFileLockManager] Releasing lock on daemon addresses registry.
2022-07-23T21:22:25.616+0900 [DEBUG] [org.gradle.cache.internal.DefaultFileLockManager] Waiting to acquire shared lock on daemon addresses registry.
2022-07-23T21:22:25.616+0900 [DEBUG] [org.gradle.cache.internal.DefaultFileLockManager] Lock acquired on daemon addresses registry.
2022-07-23T21:22:25.616+0900 [DEBUG] [org.gradle.cache.internal.DefaultFileLockManager] Releasing lock on daemon addresses registry.
2022-07-23T21:22:25.616+0900 [DEBUG] [org.gradle.cache.internal.DefaultFileLockManager] Waiting to acquire shared lock on daemon addresses registry.
2022-07-23T21:22:25.616+0900 [DEBUG] [org.gradle.cache.internal.DefaultFileLockManager] Lock acquired on daemon addresses registry.
2022-07-23T21:22:25.616+0900 [DEBUG] [org.gradle.cache.internal.DefaultFileLockManager] Releasing lock on daemon addresses registry.
2022-07-23T21:22:35.612+0900 [DEBUG] [org.gradle.cache.internal.DefaultFileLockManager] Waiting to acquire shared lock on daemon addresses registry.
2022-07-23T21:22:35.612+0900 [DEBUG] [org.gradle.cache.internal.DefaultFileLockManager] Lock acquired on daemon addresses registry.
2022-07-23T21:22:35.612+0900 [DEBUG] [org.gradle.cache.internal.DefaultFileLockManager] Releasing lock on daemon addresses registry.
2022-07-23T21:22:35.612+0900 [DEBUG] [org.gradle.cache.internal.DefaultFileLockManager] Waiting to acquire shared lock on daemon addresses registry.
2022-07-23T21:22:35.612+0900 [DEBUG] [org.gradle.cache.internal.DefaultFileLockManager] Lock acquired on daemon addresses registry.
2022-07-23T21:22:35.613+0900 [DEBUG] [org.gradle.cache.internal.DefaultFileLockManager] Releasing lock on daemon addresses registry.
2022-07-23T21:22:35.613+0900 [DEBUG] [org.gradle.cache.internal.DefaultFileLockManager] Waiting to acquire shared lock on daemon addresses registry.
2022-07-23T21:22:35.613+0900 [DEBUG] [org.gradle.cache.internal.DefaultFileLockManager] Lock acquired on daemon addresses registry.
2022-07-23T21:22:35.613+0900 [DEBUG] [org.gradle.cache.internal.DefaultFileLockManager] Releasing lock on daemon addresses registry.
2022-07-23T21:22:45.610+0900 [DEBUG] [org.gradle.cache.internal.DefaultFileLockManager] Waiting to acquire shared lock on daemon addresses registry.
2022-07-23T21:22:45.610+0900 [DEBUG] [org.gradle.cache.internal.DefaultFileLockManager] Lock acquired on daemon addresses registry.
2022-07-23T21:22:45.610+0900 [DEBUG] [org.gradle.cache.internal.DefaultFileLockManager] Releasing lock on daemon addresses registry.
2022-07-23T21:22:45.610+0900 [DEBUG] [org.gradle.cache.internal.DefaultFileLockManager] Waiting to acquire shared lock on daemon addresses registry.
2022-07-23T21:22:45.610+0900 [DEBUG] [org.gradle.cache.internal.DefaultFileLockManager] Lock acquired on daemon addresses registry.
2022-07-23T21:22:45.611+0900 [DEBUG] [org.gradle.cache.internal.DefaultFileLockManager] Releasing lock on daemon addresses registry.
2022-07-23T21:22:45.611+0900 [DEBUG] [org.gradle.cache.internal.DefaultFileLockManager] Waiting to acquire shared lock on daemon addresses registry.
2022-07-23T21:22:45.611+0900 [DEBUG] [org.gradle.cache.internal.DefaultFileLockManager] Lock acquired on daemon addresses registry.
2022-07-23T21:22:45.611+0900 [DEBUG] [org.gradle.cache.internal.DefaultFileLockManager] Releasing lock on daemon addresses registry.
2022-07-23T21:22:55.611+0900 [DEBUG] [org.gradle.cache.internal.DefaultFileLockManager] Waiting to acquire shared lock on daemon addresses registry.
2022-07-23T21:22:55.611+0900 [DEBUG] [org.gradle.cache.internal.DefaultFileLockManager] Lock acquired on daemon addresses registry.
2022-07-23T21:22:55.611+0900 [DEBUG] [org.gradle.cache.internal.DefaultFileLockManager] Releasing lock on daemon addresses registry.
2022-07-23T21:22:55.612+0900 [DEBUG] [org.gradle.cache.internal.DefaultFileLockManager] Waiting to acquire shared lock on daemon addresses registry.
2022-07-23T21:22:55.612+0900 [DEBUG] [org.gradle.cache.internal.DefaultFileLockManager] Lock acquired on daemon addresses registry.
2022-07-23T21:22:55.612+0900 [DEBUG] [org.gradle.cache.internal.DefaultFileLockManager] Releasing lock on daemon addresses registry.
2022-07-23T21:22:55.612+0900 [DEBUG] [org.gradle.cache.internal.DefaultFileLockManager] Waiting to acquire shared lock on daemon addresses registry.
2022-07-23T21:22:55.613+0900 [DEBUG] [org.gradle.cache.internal.DefaultFileLockManager] Lock acquired on daemon addresses registry.
2022-07-23T21:22:55.613+0900 [DEBUG] [org.gradle.cache.internal.DefaultFileLockManager] Releasing lock on daemon addresses registry.
2022-07-23T21:23:04.495+0900 [DEBUG] [org.gradle.internal.remote.internal.inet.TcpIncomingConnector] Accepted connection from /127.0.0.1:50175 to /127.0.0.1:50021.
2022-07-23T21:23:04.496+0900 [DEBUG] [org.gradle.launcher.daemon.server.SynchronizedDispatchConnection] thread 437: received class org.gradle.launcher.daemon.protocol.Build
2022-07-23T21:23:04.496+0900 [DEBUG] [org.gradle.launcher.daemon.server.DefaultDaemonConnection] thread 437: Received non-IO message from client: Build{id=01cf9105-de0e-4713-804b-ec3c3d6d082f, currentDir=/Users/anseon-yeong/euphony-listener}
2022-07-23T21:23:04.496+0900 [INFO] [org.gradle.launcher.daemon.server.DefaultIncomingConnectionHandler] Received command: Build{id=01cf9105-de0e-4713-804b-ec3c3d6d082f, currentDir=/Users/anseon-yeong/euphony-listener}.
2022-07-23T21:23:04.496+0900 [DEBUG] [org.gradle.launcher.daemon.server.DefaultIncomingConnectionHandler] Starting executing command: Build{id=01cf9105-de0e-4713-804b-ec3c3d6d082f, currentDir=/Users/anseon-yeong/euphony-listener} with connection: socket connection from /127.0.0.1:50021 to /127.0.0.1:50175.
2022-07-23T21:23:04.496+0900 [DEBUG] [org.gradle.launcher.daemon.server.DaemonStateCoordinator] Command execution: started DaemonCommandExecution[command = Build{id=01cf9105-de0e-4713-804b-ec3c3d6d082f, currentDir=/Users/anseon-yeong/euphony-listener}, connection = DefaultDaemonConnection: socket connection from /127.0.0.1:50021 to /127.0.0.1:50175] after 1.0 minutes of idle
2022-07-23T21:23:04.497+0900 [INFO] [org.gradle.launcher.daemon.server.DaemonRegistryUpdater] Marking the daemon as busy, address: [0b5a199d-beca-49ee-90e2-10d7cc661710 port:50021, addresses:[localhost/127.0.0.1]]
2022-07-23T21:23:04.497+0900 [DEBUG] [org.gradle.launcher.daemon.registry.PersistentDaemonRegistry] Marking busy by address: [0b5a199d-beca-49ee-90e2-10d7cc661710 port:50021, addresses:[localhost/127.0.0.1]]
2022-07-23T21:23:04.497+0900 [DEBUG] [org.gradle.cache.internal.DefaultFileLockManager] Waiting to acquire exclusive lock on daemon addresses registry.
2022-07-23T21:23:04.497+0900 [DEBUG] [org.gradle.cache.internal.DefaultFileLockManager] Lock acquired on daemon addresses registry.
2022-07-23T21:23:04.498+0900 [DEBUG] [org.gradle.cache.internal.DefaultFileLockManager] Releasing lock on daemon addresses registry.
2022-07-23T21:23:04.499+0900 [DEBUG] [org.gradle.launcher.daemon.server.DaemonStateCoordinator] resetting idle timer
2022-07-23T21:23:04.499+0900 [DEBUG] [org.gradle.launcher.daemon.server.DaemonStateCoordinator] daemon is running. Sleeping until state changes.
2022-07-23T21:23:04.499+0900 [INFO] [org.gradle.launcher.daemon.server.exec.StartBuildOrRespondWithBusy] Daemon is about to start building Build{id=01cf9105-de0e-4713-804b-ec3c3d6d082f, currentDir=/Users/anseon-yeong/euphony-listener}. Dispatching build started information...
2022-07-23T21:23:04.499+0900 [DEBUG] [org.gradle.launcher.daemon.server.SynchronizedDispatchConnection] thread 439: dispatching org.gradle.launcher.daemon.protocol.BuildStarted@72387755
2022-07-23T21:23:04.500+0900 [DEBUG] [org.gradle.launcher.daemon.server.exec.EstablishBuildEnvironment] Configuring env variables: [PATH, CONDA_DEFAULT_ENV, CONDA_EXE, JAVA_HOME, CONDA_PYTHON_EXE, COMMAND_MODE, CONDA_PREFIX, DISPLAY, NVM_INC, _CE_M, LOGNAME, XPC_SERVICE_NAME, CONDA_SHLVL, __CFBundleIdentifier, NVM_CD_FLAGS, NVM_DIR, SHELL, PAGER, LSCOLORS, OLDPWD, USER, ZSH, TMPDIR, SSH_AUTH_SOCK, _CE_CONDA, XPC_FLAGS, __CF_USER_TEXT_ENCODING, CONDA_PROMPT_MODIFIER, LESS, LC_CTYPE, NVM_BIN, HOME]
2022-07-23T21:23:04.501+0900 [DEBUG] [org.gradle.launcher.daemon.server.SynchronizedDispatchConnection] thread 437: received class org.gradle.launcher.daemon.protocol.CloseInput
2022-07-23T21:23:04.501+0900 [DEBUG] [org.gradle.launcher.daemon.server.DefaultDaemonConnection] thread 437: Received IO message from client: org.gradle.launcher.daemon.protocol.CloseInput@287f23a6
2022-07-23T21:23:04.501+0900 [DEBUG] [org.gradle.launcher.daemon.server.exec.LogToClient] About to start relaying all logs to the client via the connection.
2022-07-23T21:23:04.502+0900 [INFO] [org.gradle.launcher.daemon.server.exec.LogToClient] The client will now receive all logging from the daemon (pid: 1755). The daemon log file: /Users/anseon-yeong/wave-show-card-listener/app/daemon/7.3.3/daemon-1755.out.log
2022-07-23T21:23:04.502+0900 [INFO] [org.gradle.launcher.daemon.server.exec.LogAndCheckHealth] Starting 3rd build in daemon [uptime: 4 mins 39.056 secs, performance: 100%]
2022-07-23T21:23:04.503+0900 [DEBUG] [org.gradle.launcher.daemon.server.exec.ExecuteBuild] The daemon has started executing the build.
2022-07-23T21:23:04.503+0900 [INFO] [org.gradle.launcher.daemon.server.exec.ForwardClientInput] Closing daemon's stdin at end of input.
2022-07-23T21:23:04.503+0900 [INFO] [org.gradle.launcher.daemon.server.exec.ForwardClientInput] The daemon will no longer process any standard input.
2022-07-23T21:23:04.503+0900 [DEBUG] [org.gradle.launcher.daemon.server.exec.ExecuteBuild] Executing build with daemon context: DefaultDaemonContext[uid=28d6a42a-c373-4563-9299-f12a2fc39838,javaHome=/Applications/Android Studio.app/Contents/jre/Contents/Home,daemonRegistryDir=/Users/anseon-yeong/wave-show-card-listener/app/daemon,pid=1755,idleTimeout=10800000,priority=NORMAL,daemonOpts=--add-opens,java.base/java.util=ALL-UNNAMED,--add-opens,java.base/java.lang=ALL-UNNAMED,--add-opens,java.base/java.lang.invoke=ALL-UNNAMED,--add-opens,java.base/java.util=ALL-UNNAMED,--add-opens,java.prefs/java.util.prefs=ALL-UNNAMED,--add-opens,java.prefs/java.util.prefs=ALL-UNNAMED,--add-opens,java.base/java.nio.charset=ALL-UNNAMED,--add-opens,java.base/java.net=ALL-UNNAMED,--add-opens,java.base/java.util.concurrent.atomic=ALL-UNNAMED,-Xmx1536m,-Dfile.encoding=UTF-8,-Duser.country=KR,-Duser.language=ko,-Duser.variant]
AGPBI: {"kind":"warning","text":"The specified Android SDK Build Tools version (29.0.2) is ignored, as it is below the minimum supported version (30.0.3) for Android Gradle Plugin 7.2.1.\nAndroid SDK Build Tools 30.0.3 will be used.\nTo suppress this warning, remove \"buildToolsVersion '29.0.2'\" from your build.gradle file, as each version of the Android Gradle Plugin now has a default version of the build tools.","sources":[{}]}

Deprecated Gradle features were used in this build, making it incompatible with Gradle 8.0.

You can use '--warning-mode all' to show the individual deprecation warnings and determine if they come from your own scripts or plugins.

See https://docs.gradle.org/7.3.3/userguide/command_line_interface.html#sec:command_line_warnings

BUILD SUCCESSFUL in 500ms
30 actionable tasks: 30 up-to-date
2022-07-23T21:23:05.024+0900 [DEBUG] [org.gradle.launcher.daemon.server.exec.ExecuteBuild] The daemon has finished executing the build.
2022-07-23T21:23:05.028+0900 [DEBUG] [org.gradle.launcher.daemon.server.DaemonStateCoordinator] daemon is running. Sleeping until state changes.
2022-07-23T21:23:05.028+0900 [DEBUG] [org.gradle.launcher.daemon.server.DaemonStateCoordinator] Command execution: finished waiting for DaemonCommandExecution[command = Build{id=01cf9105-de0e-4713-804b-ec3c3d6d082f, currentDir=/Users/anseon-yeong/euphony-listener}, connection = DefaultDaemonConnection: socket connection from /127.0.0.1:50021 to /127.0.0.1:50175]. Result org.gradle.launcher.daemon.server.DaemonStateCoordinator@7df41c4b with state Busy
2022-07-23T21:23:05.028+0900 [DEBUG] [org.gradle.launcher.daemon.server.DaemonStateCoordinator] Command execution: completed DaemonCommandExecution[command = Build{id=01cf9105-de0e-4713-804b-ec3c3d6d082f, currentDir=/Users/anseon-yeong/euphony-listener}, connection = DefaultDaemonConnection: socket connection from /127.0.0.1:50021 to /127.0.0.1:50175]
2022-07-23T21:23:05.028+0900 [DEBUG] [org.gradle.launcher.daemon.server.DaemonStateCoordinator] resetting idle timer
2022-07-23T21:23:05.028+0900 [INFO] [org.gradle.launcher.daemon.server.DaemonRegistryUpdater] Marking the daemon as idle, address: [0b5a199d-beca-49ee-90e2-10d7cc661710 port:50021, addresses:[localhost/127.0.0.1]]
2022-07-23T21:23:05.028+0900 [DEBUG] [org.gradle.launcher.daemon.registry.PersistentDaemonRegistry] Marking busy by address: [0b5a199d-beca-49ee-90e2-10d7cc661710 port:50021, addresses:[localhost/127.0.0.1]]
2022-07-23T21:23:05.029+0900 [DEBUG] [org.gradle.cache.internal.DefaultFileLockManager] Waiting to acquire exclusive lock on daemon addresses registry.
2022-07-23T21:23:05.029+0900 [DEBUG] [org.gradle.cache.internal.DefaultFileLockManager] Lock acquired on daemon addresses registry.
2022-07-23T21:23:05.030+0900 [DEBUG] [org.gradle.cache.internal.DefaultFileLockManager] Releasing lock on daemon addresses registry.
2022-07-23T21:23:05.030+0900 [DEBUG] [org.gradle.launcher.daemon.server.exec.ReturnResult] Daemon is dispatching the build result: Success[value=org.gradle.launcher.exec.BuildActionResult@7f85e9]
2022-07-23T21:23:05.030+0900 [DEBUG] [org.gradle.launcher.daemon.server.SynchronizedDispatchConnection] thread 436: dispatching Success[value=org.gradle.launcher.exec.BuildActionResult@7f85e9]
2022-07-23T21:23:05.030+0900 [DEBUG] [org.gradle.launcher.daemon.server.DaemonStateCoordinator] daemon is running. Sleeping until state changes.
2022-07-23T21:23:05.030+0900 [DEBUG] [org.gradle.launcher.daemon.server.DefaultIncomingConnectionHandler] Finishing executing command: Build{id=01cf9105-de0e-4713-804b-ec3c3d6d082f, currentDir=/Users/anseon-yeong/euphony-listener}
2022-07-23T21:23:05.031+0900 [DEBUG] [org.gradle.launcher.daemon.server.SynchronizedDispatchConnection] thread 437: received class org.gradle.launcher.daemon.protocol.Finished
2022-07-23T21:23:05.031+0900 [DEBUG] [org.gradle.launcher.daemon.server.DefaultDaemonConnection] thread 437: Received non-IO message from client: org.gradle.launcher.daemon.protocol.Finished@26b8d8d9
2022-07-23T21:23:05.031+0900 [DEBUG] [org.gradle.launcher.daemon.server.DefaultIncomingConnectionHandler] Received finished message: org.gradle.launcher.daemon.protocol.Finished@26b8d8d9
2022-07-23T21:23:05.031+0900 [DEBUG] [org.gradle.internal.remote.internal.inet.SocketConnection] Discarding EOFException: java.io.EOFException
2022-07-23T21:23:05.031+0900 [DEBUG] [org.gradle.launcher.daemon.server.SynchronizedDispatchConnection] thread 436: stopping connection
2022-07-23T21:23:05.031+0900 [DEBUG] [org.gradle.launcher.daemon.server.SynchronizedDispatchConnection] thread 437: received null
2022-07-23T21:23:05.032+0900 [DEBUG] [org.gradle.launcher.daemon.server.DefaultDaemonConnection] thread 437: Received end-of-input from client.
2022-07-23T21:23:05.032+0900 [DEBUG] [org.gradle.launcher.daemon.server.SynchronizedDispatchConnection] thread 436: stopping connection
2022-07-23T21:23:05.609+0900 [DEBUG] [org.gradle.cache.internal.DefaultFileLockManager] Waiting to acquire shared lock on daemon addresses registry.
2022-07-23T21:23:05.609+0900 [DEBUG] [org.gradle.cache.internal.DefaultFileLockManager] Lock acquired on daemon addresses registry.
2022-07-23T21:23:05.610+0900 [DEBUG] [org.gradle.cache.internal.DefaultFileLockManager] Releasing lock on daemon addresses registry.
2022-07-23T21:23:05.611+0900 [DEBUG] [org.gradle.cache.internal.DefaultFileLockManager] Waiting to acquire shared lock on daemon addresses registry.
2022-07-23T21:23:05.612+0900 [DEBUG] [org.gradle.cache.internal.DefaultFileLockManager] Lock acquired on daemon addresses registry.
2022-07-23T21:23:05.612+0900 [DEBUG] [org.gradle.cache.internal.DefaultFileLockManager] Releasing lock on daemon addresses registry.
2022-07-23T21:23:15.610+0900 [DEBUG] [org.gradle.cache.internal.DefaultFileLockManager] Waiting to acquire shared lock on daemon addresses registry.
2022-07-23T21:23:15.610+0900 [DEBUG] [org.gradle.cache.internal.DefaultFileLockManager] Lock acquired on daemon addresses registry.
2022-07-23T21:23:15.610+0900 [DEBUG] [org.gradle.cache.internal.DefaultFileLockManager] Releasing lock on daemon addresses registry.
2022-07-23T21:23:15.610+0900 [DEBUG] [org.gradle.cache.internal.DefaultFileLockManager] Waiting to acquire shared lock on daemon addresses registry.
2022-07-23T21:23:15.611+0900 [DEBUG] [org.gradle.cache.internal.DefaultFileLockManager] Lock acquired on daemon addresses registry.
2022-07-23T21:23:15.611+0900 [DEBUG] [org.gradle.cache.internal.DefaultFileLockManager] Releasing lock on daemon addresses registry.
2022-07-23T21:23:15.611+0900 [DEBUG] [org.gradle.cache.internal.DefaultFileLockManager] Waiting to acquire shared lock on daemon addresses registry.
2022-07-23T21:23:15.611+0900 [DEBUG] [org.gradle.cache.internal.DefaultFileLockManager] Lock acquired on daemon addresses registry.
2022-07-23T21:23:15.611+0900 [DEBUG] [org.gradle.cache.internal.DefaultFileLockManager] Releasing lock on daemon addresses registry.
2022-07-23T21:23:23.478+0900 [DEBUG] [org.gradle.internal.remote.internal.inet.TcpIncomingConnector] Accepted connection from /127.0.0.1:50194 to /127.0.0.1:50021.
2022-07-23T21:23:23.481+0900 [DEBUG] [org.gradle.launcher.daemon.server.SynchronizedDispatchConnection] thread 629: received class org.gradle.launcher.daemon.protocol.StopWhenIdle
2022-07-23T21:23:23.481+0900 [DEBUG] [org.gradle.launcher.daemon.server.DefaultDaemonConnection] thread 629: Received non-IO message from client: StopWhenIdle[id=aa31872a-e633-447b-82b1-eed65050e557]
2022-07-23T21:23:23.481+0900 [INFO] [org.gradle.launcher.daemon.server.DefaultIncomingConnectionHandler] Received command: StopWhenIdle[id=aa31872a-e633-447b-82b1-eed65050e557].
2022-07-23T21:23:23.481+0900 [DEBUG] [org.gradle.launcher.daemon.server.DefaultIncomingConnectionHandler] Starting executing command: StopWhenIdle[id=aa31872a-e633-447b-82b1-eed65050e557] with connection: socket connection from /127.0.0.1:50021 to /127.0.0.1:50194.
2022-07-23T21:23:23.481+0900 [DEBUG] [org.gradle.launcher.daemon.server.DaemonRegistryUpdater] Storing daemon stop event: stop command received
2022-07-23T21:23:23.481+0900 [DEBUG] [org.gradle.launcher.daemon.registry.PersistentDaemonRegistry] Storing daemon stop event with timestamp 1658579003481
2022-07-23T21:23:23.482+0900 [DEBUG] [org.gradle.cache.internal.DefaultFileLockManager] Waiting to acquire exclusive lock on daemon addresses registry.
2022-07-23T21:23:23.482+0900 [DEBUG] [org.gradle.cache.internal.DefaultFileLockManager] Lock acquired on daemon addresses registry.
2022-07-23T21:23:23.482+0900 [DEBUG] [org.gradle.cache.internal.DefaultFileLockManager] Releasing lock on daemon addresses registry.
2022-07-23T21:23:23.482+0900 [LIFECYCLE] [org.gradle.launcher.daemon.server.DaemonStateCoordinator] Daemon will be stopped at the end of the build stop command received
2022-07-23T21:23:23.483+0900 [DEBUG] [org.gradle.launcher.daemon.server.DaemonStateCoordinator] Marking daemon stopped due to stop command received. The daemon is running a build: false
2022-07-23T21:23:23.483+0900 [DEBUG] [org.gradle.launcher.daemon.server.SynchronizedDispatchConnection] thread 436: dispatching Success[value=null]
2022-07-23T21:23:23.483+0900 [DEBUG] [org.gradle.launcher.daemon.server.DaemonStateCoordinator] daemon has stopped.
2022-07-23T21:23:23.483+0900 [DEBUG] [org.gradle.launcher.daemon.server.DefaultIncomingConnectionHandler] Finishing executing command: StopWhenIdle[id=aa31872a-e633-447b-82b1-eed65050e557]
2022-07-23T21:23:23.483+0900 [DEBUG] [org.gradle.launcher.daemon.server.Daemon] stop() called on daemon
2022-07-23T21:23:23.483+0900 [DEBUG] [org.gradle.launcher.daemon.server.SynchronizedDispatchConnection] thread 629: received class org.gradle.launcher.daemon.protocol.Finished
2022-07-23T21:23:23.483+0900 [INFO] [org.gradle.launcher.daemon.server.Daemon] Stop requested. Daemon is removing its presence from the registry...
2022-07-23T21:23:23.483+0900 [DEBUG] [org.gradle.launcher.daemon.server.DefaultDaemonConnection] thread 629: Received non-IO message from client: org.gradle.launcher.daemon.protocol.Finished@6a5879ad
2022-07-23T21:23:23.483+0900 [DEBUG] [org.gradle.launcher.daemon.server.DaemonRegistryUpdater] Removing our presence to clients, eg. removing this address from the registry: [0b5a199d-beca-49ee-90e2-10d7cc661710 port:50021, addresses:[localhost/127.0.0.1]]
2022-07-23T21:23:23.483+0900 [DEBUG] [org.gradle.launcher.daemon.registry.PersistentDaemonRegistry] Removing daemon address: [0b5a199d-beca-49ee-90e2-10d7cc661710 port:50021, addresses:[localhost/127.0.0.1]]
2022-07-23T21:23:23.483+0900 [DEBUG] [org.gradle.internal.remote.internal.inet.SocketConnection] Discarding EOFException: java.io.EOFException
2022-07-23T21:23:23.484+0900 [DEBUG] [org.gradle.launcher.daemon.server.SynchronizedDispatchConnection] thread 629: received null
2022-07-23T21:23:23.483+0900 [DEBUG] [org.gradle.launcher.daemon.server.DefaultIncomingConnectionHandler] Received finished message: org.gradle.launcher.daemon.protocol.Finished@6a5879ad
2022-07-23T21:23:23.484+0900 [DEBUG] [org.gradle.launcher.daemon.server.DefaultDaemonConnection] thread 629: Received end-of-input from client.
2022-07-23T21:23:23.484+0900 [DEBUG] [org.gradle.launcher.daemon.server.SynchronizedDispatchConnection] thread 436: stopping connection
2022-07-23T21:23:23.484+0900 [DEBUG] [org.gradle.cache.internal.DefaultFileLockManager] Waiting to acquire exclusive lock on daemon addresses registry.
2022-07-23T21:23:23.484+0900 [DEBUG] [org.gradle.launcher.daemon.server.SynchronizedDispatchConnection] thread 436: stopping connection
2022-07-23T21:23:23.484+0900 [DEBUG] [org.gradle.cache.internal.DefaultFileLockManager] Lock acquired on daemon addresses registry.
2022-07-23T21:23:23.485+0900 [DEBUG] [org.gradle.cache.internal.DefaultFileLockManager] Releasing lock on daemon addresses registry.
2022-07-23T21:23:23.485+0900 [DEBUG] [org.gradle.launcher.daemon.server.DaemonRegistryUpdater] Address removed from registry.
2022-07-23T21:23:23.487+0900 [DEBUG] [org.gradle.cache.internal.LockOnDemandCrossProcessCacheAccess] Releasing file lock for jars (/Users/anseon-yeong/wave-show-card-listener/app/caches/jars-9)
2022-07-23T21:23:23.487+0900 [DEBUG] [org.gradle.cache.internal.DefaultFileLockManager] Releasing lock on jars (/Users/anseon-yeong/wave-show-card-listener/app/caches/jars-9).
2022-07-23T21:23:23.488+0900 [DEBUG] [org.gradle.cache.internal.DefaultPersistentDirectoryStore] jars (/Users/anseon-yeong/wave-show-card-listener/app/caches/jars-9) has last been fully cleaned up 2 hours ago
2022-07-23T21:23:23.491+0900 [DEBUG] [org.gradle.cache.internal.LockOnDemandCrossProcessCacheAccess] Releasing file lock for file content cache (/Users/anseon-yeong/wave-show-card-listener/app/caches/7.3.3/fileContent)
2022-07-23T21:23:23.491+0900 [DEBUG] [org.gradle.cache.internal.DefaultFileLockManager] Releasing lock on file content cache (/Users/anseon-yeong/wave-show-card-listener/app/caches/7.3.3/fileContent).
2022-07-23T21:23:23.492+0900 [DEBUG] [org.gradle.internal.watch.vfs.impl.WatchingVirtualFileSystem] Closing VFS, dropping state
2022-07-23T21:23:23.493+0900 [DEBUG] [org.gradle.internal.watch.registry.impl.DefaultFileWatcherRegistry] Finished listening to file system change events
2022-07-23T21:23:23.493+0900 [DEBUG] [org.gradle.cache.internal.LockOnDemandCrossProcessCacheAccess] Releasing file lock for Artifact transforms cache (/Users/anseon-yeong/wave-show-card-listener/app/caches/transforms-3)
2022-07-23T21:23:23.493+0900 [DEBUG] [org.gradle.cache.internal.DefaultFileLockManager] Releasing lock on Artifact transforms cache (/Users/anseon-yeong/wave-show-card-listener/app/caches/transforms-3).
2022-07-23T21:23:23.493+0900 [DEBUG] [org.gradle.cache.internal.DefaultPersistentDirectoryStore] Artifact transforms cache (/Users/anseon-yeong/wave-show-card-listener/app/caches/transforms-3) has last been fully cleaned up 2 hours ago
2022-07-23T21:23:23.493+0900 [DEBUG] [org.gradle.cache.internal.LockOnDemandCrossProcessCacheAccess] Releasing file lock for artifact cache (/Users/anseon-yeong/wave-show-card-listener/app/caches/modules-2)
2022-07-23T21:23:23.493+0900 [DEBUG] [org.gradle.cache.internal.btree.BTreePersistentIndexedCache] Closing cache module-metadata.bin (/Users/anseon-yeong/wave-show-card-listener/app/caches/modules-2/metadata-2.97/module-metadata.bin)
2022-07-23T21:23:23.493+0900 [DEBUG] [org.gradle.cache.internal.btree.BTreePersistentIndexedCache] Closing cache module-artifact.bin (/Users/anseon-yeong/wave-show-card-listener/app/caches/modules-2/metadata-2.97/module-artifact.bin)
2022-07-23T21:23:23.494+0900 [DEBUG] [org.gradle.cache.internal.btree.BTreePersistentIndexedCache] Closing cache module-artifacts.bin (/Users/anseon-yeong/wave-show-card-listener/app/caches/modules-2/metadata-2.97/module-artifacts.bin)
2022-07-23T21:23:23.494+0900 [DEBUG] [org.gradle.cache.internal.DefaultFileLockManager] Releasing lock on artifact cache (/Users/anseon-yeong/wave-show-card-listener/app/caches/modules-2).
2022-07-23T21:23:23.494+0900 [DEBUG] [org.gradle.cache.internal.DefaultPersistentDirectoryStore] artifact cache (/Users/anseon-yeong/wave-show-card-listener/app/caches/modules-2) has last been fully cleaned up 2 hours ago
2022-07-23T21:23:23.494+0900 [DEBUG] [org.gradle.cache.internal.LockOnDemandCrossProcessCacheAccess] Releasing file lock for journal cache (/Users/anseon-yeong/wave-show-card-listener/app/caches/journal-1)
2022-07-23T21:23:23.494+0900 [DEBUG] [org.gradle.cache.internal.btree.BTreePersistentIndexedCache] Closing cache file-access.bin (/Users/anseon-yeong/wave-show-card-listener/app/caches/journal-1/file-access.bin)
2022-07-23T21:23:23.495+0900 [DEBUG] [org.gradle.cache.internal.DefaultFileLockManager] Releasing lock on journal cache (/Users/anseon-yeong/wave-show-card-listener/app/caches/journal-1).
2022-07-23T21:23:23.495+0900 [DEBUG] [org.gradle.cache.internal.LockOnDemandCrossProcessCacheAccess] Releasing file lock for file hash cache (/Users/anseon-yeong/wave-show-card-listener/app/caches/7.3.3/fileHashes)
2022-07-23T21:23:23.495+0900 [DEBUG] [org.gradle.cache.internal.btree.BTreePersistentIndexedCache] Closing cache fileHashes.bin (/Users/anseon-yeong/wave-show-card-listener/app/caches/7.3.3/fileHashes/fileHashes.bin)
2022-07-23T21:23:23.495+0900 [DEBUG] [org.gradle.cache.internal.btree.BTreePersistentIndexedCache] Closing cache resourceHashesCache.bin (/Users/anseon-yeong/wave-show-card-listener/app/caches/7.3.3/fileHashes/resourceHashesCache.bin)
2022-07-23T21:23:23.495+0900 [DEBUG] [org.gradle.cache.internal.DefaultFileLockManager] Releasing lock on file hash cache (/Users/anseon-yeong/wave-show-card-listener/app/caches/7.3.3/fileHashes).
2022-07-23T21:23:23.496+0900 [DEBUG] [org.gradle.cache.internal.DefaultCacheAccess] Cache Generated Gradle JARs cache (/Users/anseon-yeong/wave-show-card-listener/app/caches/7.3.3/generated-gradle-jars) was closed 0 times.
2022-07-23T21:23:23.496+0900 [DEBUG] [org.gradle.cache.internal.LockOnDemandCrossProcessCacheAccess] Releasing file lock for execution history cache (/Users/anseon-yeong/wave-show-card-listener/app/caches/7.3.3/executionHistory)
2022-07-23T21:23:23.496+0900 [DEBUG] [org.gradle.cache.internal.btree.BTreePersistentIndexedCache] Closing cache executionHistory.bin (/Users/anseon-yeong/wave-show-card-listener/app/caches/7.3.3/executionHistory/executionHistory.bin)
2022-07-23T21:23:23.496+0900 [DEBUG] [org.gradle.cache.internal.DefaultFileLockManager] Releasing lock on execution history cache (/Users/anseon-yeong/wave-show-card-listener/app/caches/7.3.3/executionHistory).
Daemon vm is shutting down... The daemon has exited normally or was terminated in response to a user interrupt.
2022-07-23T21:23:23.498+0900 [DEBUG] [org.gradle.launcher.daemon.registry.PersistentDaemonRegistry] Removing daemon address: [0b5a199d-beca-49ee-90e2-10d7cc661710 port:50021, addresses:[localhost/127.0.0.1]]
2022-07-23T21:23:23.498+0900 [DEBUG] [org.gradle.cache.internal.DefaultFileLockManager] Waiting to acquire exclusive lock on daemon addresses registry.
2022-07-23T21:23:23.499+0900 [DEBUG] [org.gradle.cache.internal.DefaultFileLockManager] Lock acquired on daemon addresses registry.
2022-07-23T21:23:23.500+0900 [DEBUG] [org.gradle.cache.internal.DefaultFileLockManager] Releasing lock on daemon addresses registry.
